   Qt/MSBuild: 3.3.0.13
   Qt: 6.7.3
  mainwindow.cpp
  tsp.cpp
  tspthread.cpp
  utility.cpp
  TSP_project.cpp
  main.cpp
C:\Users\보경\source\repos\firstfit\tsp.cpp(1,1): warning C4828: 파일에 0xee 오프셋에서 시작하는 문자가 포함되어 있습니다. 이 문자는 현재 원본 문자 집합에서 잘못된 문자입니다(코드 페이지 65001).
C:\Users\보경\source\repos\firstfit\tspthread.cpp(1,1): warning C4828: 파일에 0x125 오프셋에서 시작하는 문자가 포함되어 있습니다. 이 문자는 현재 원본 문자 집합에서 잘못된 문자입니다(코드 페이지 65001).
C:\Users\보경\source\repos\firstfit\tsp.cpp(1,1): warning C4828: 파일에 0xf1 오프셋에서 시작하는 문자가 포함되어 있습니다. 이 문자는 현재 원본 문자 집합에서 잘못된 문자입니다(코드 페이지 65001).
C:\Users\보경\source\repos\firstfit\tspthread.cpp(1,1): warning C4828: 파일에 0x126 오프셋에서 시작하는 문자가 포함되어 있습니다. 이 문자는 현재 원본 문자 집합에서 잘못된 문자입니다(코드 페이지 65001).
C:\Users\보경\source\repos\firstfit\mainwindow.h(1,1): warning C4828: 파일에 0x48a 오프셋에서 시작하는 문자가 포함되어 있습니다. 이 문자는 현재 원본 문자 집합에서 잘못된 문자입니다(코드 페이지 65001).
  (소스 파일 'main.cpp'을(를) 컴파일하는 중)
  
C:\Users\보경\source\repos\firstfit\mainwindow.h(1,1): warning C4828: 파일에 0x48a 오프셋에서 시작하는 문자가 포함되어 있습니다. 이 문자는 현재 원본 문자 집합에서 잘못된 문자입니다(코드 페이지 65001).
  (소스 파일 'mainwindow.cpp'을(를) 컴파일하는 중)
  
C:\Users\보경\source\repos\firstfit\tsp.cpp(1,1): warning C4828: 파일에 0xf5 오프셋에서 시작하는 문자가 포함되어 있습니다. 이 문자는 현재 원본 문자 집합에서 잘못된 문자입니다(코드 페이지 65001).
C:\Users\보경\source\repos\firstfit\tspthread.cpp(1,1): warning C4828: 파일에 0x132 오프셋에서 시작하는 문자가 포함되어 있습니다. 이 문자는 현재 원본 문자 집합에서 잘못된 문자입니다(코드 페이지 65001).
C:\Users\보경\source\repos\firstfit\mainwindow.h(1,1): warning C4828: 파일에 0x48b 오프셋에서 시작하는 문자가 포함되어 있습니다. 이 문자는 현재 원본 문자 집합에서 잘못된 문자입니다(코드 페이지 65001).
  (소스 파일 'mainwindow.cpp'을(를) 컴파일하는 중)
  
C:\Users\보경\source\repos\firstfit\mainwindow.h(1,1): warning C4828: 파일에 0x48b 오프셋에서 시작하는 문자가 포함되어 있습니다. 이 문자는 현재 원본 문자 집합에서 잘못된 문자입니다(코드 페이지 65001).
  (소스 파일 'main.cpp'을(를) 컴파일하는 중)
  
C:\Users\보경\source\repos\firstfit\tsp.cpp(1,1): warning C4828: 파일에 0xf6 오프셋에서 시작하는 문자가 포함되어 있습니다. 이 문자는 현재 원본 문자 집합에서 잘못된 문자입니다(코드 페이지 65001).
C:\Users\보경\source\repos\firstfit\tspthread.cpp(1,1): warning C4828: 파일에 0x135 오프셋에서 시작하는 문자가 포함되어 있습니다. 이 문자는 현재 원본 문자 집합에서 잘못된 문자입니다(코드 페이지 65001).
C:\Users\보경\source\repos\firstfit\mainwindow.h(1,1): warning C4828: 파일에 0x491 오프셋에서 시작하는 문자가 포함되어 있습니다. 이 문자는 현재 원본 문자 집합에서 잘못된 문자입니다(코드 페이지 65001).
  (소스 파일 'mainwindow.cpp'을(를) 컴파일하는 중)
  
C:\Users\보경\source\repos\firstfit\mainwindow.h(1,1): warning C4828: 파일에 0x491 오프셋에서 시작하는 문자가 포함되어 있습니다. 이 문자는 현재 원본 문자 집합에서 잘못된 문자입니다(코드 페이지 65001).
  (소스 파일 'main.cpp'을(를) 컴파일하는 중)
  
C:\Users\보경\source\repos\firstfit\tsp.cpp(1,1): warning C4828: 파일에 0xfb 오프셋에서 시작하는 문자가 포함되어 있습니다. 이 문자는 현재 원본 문자 집합에서 잘못된 문자입니다(코드 페이지 65001).
C:\Users\보경\source\repos\firstfit\tspthread.cpp(1,1): warning C4828: 파일에 0x136 오프셋에서 시작하는 문자가 포함되어 있습니다. 이 문자는 현재 원본 문자 집합에서 잘못된 문자입니다(코드 페이지 65001).
C:\Users\보경\source\repos\firstfit\mainwindow.h(1,1): warning C4828: 파일에 0x493 오프셋에서 시작하는 문자가 포함되어 있습니다. 이 문자는 현재 원본 문자 집합에서 잘못된 문자입니다(코드 페이지 65001).
  (소스 파일 'mainwindow.cpp'을(를) 컴파일하는 중)
  
C:\Users\보경\source\repos\firstfit\mainwindow.h(1,1): warning C4828: 파일에 0x493 오프셋에서 시작하는 문자가 포함되어 있습니다. 이 문자는 현재 원본 문자 집합에서 잘못된 문자입니다(코드 페이지 65001).
  (소스 파일 'main.cpp'을(를) 컴파일하는 중)
  
C:\Users\보경\source\repos\firstfit\tsp.cpp(1,1): warning C4828: 파일에 0xe3e 오프셋에서 시작하는 문자가 포함되어 있습니다. 이 문자는 현재 원본 문자 집합에서 잘못된 문자입니다(코드 페이지 65001).
C:\Users\보경\source\repos\firstfit\tspthread.cpp(1,1): warning C4828: 파일에 0x158 오프셋에서 시작하는 문자가 포함되어 있습니다. 이 문자는 현재 원본 문자 집합에서 잘못된 문자입니다(코드 페이지 65001).
C:\Users\보경\source\repos\firstfit\mainwindow.h(1,1): warning C4828: 파일에 0x494 오프셋에서 시작하는 문자가 포함되어 있습니다. 이 문자는 현재 원본 문자 집합에서 잘못된 문자입니다(코드 페이지 65001).
  (소스 파일 'mainwindow.cpp'을(를) 컴파일하는 중)
  
C:\Users\보경\source\repos\firstfit\mainwindow.h(1,1): warning C4828: 파일에 0x494 오프셋에서 시작하는 문자가 포함되어 있습니다. 이 문자는 현재 원본 문자 집합에서 잘못된 문자입니다(코드 페이지 65001).
  (소스 파일 'main.cpp'을(를) 컴파일하는 중)
  
C:\Users\보경\source\repos\firstfit\tsp.cpp(1,1): warning C4828: 파일에 0xe3f 오프셋에서 시작하는 문자가 포함되어 있습니다. 이 문자는 현재 원본 문자 집합에서 잘못된 문자입니다(코드 페이지 65001).
C:\Users\보경\source\repos\firstfit\tspthread.cpp(1,1): warning C4828: 파일에 0x159 오프셋에서 시작하는 문자가 포함되어 있습니다. 이 문자는 현재 원본 문자 집합에서 잘못된 문자입니다(코드 페이지 65001).
C:\Users\보경\source\repos\firstfit\mainwindow.h(1,1): warning C4828: 파일에 0x4a1 오프셋에서 시작하는 문자가 포함되어 있습니다. 이 문자는 현재 원본 문자 집합에서 잘못된 문자입니다(코드 페이지 65001).
  (소스 파일 'mainwindow.cpp'을(를) 컴파일하는 중)
  
C:\Users\보경\source\repos\firstfit\mainwindow.h(1,1): warning C4828: 파일에 0x4a1 오프셋에서 시작하는 문자가 포함되어 있습니다. 이 문자는 현재 원본 문자 집합에서 잘못된 문자입니다(코드 페이지 65001).
  (소스 파일 'main.cpp'을(를) 컴파일하는 중)
  
C:\Users\보경\source\repos\firstfit\tsp.cpp(1,1): warning C4828: 파일에 0xe43 오프셋에서 시작하는 문자가 포함되어 있습니다. 이 문자는 현재 원본 문자 집합에서 잘못된 문자입니다(코드 페이지 65001).
C:\Users\보경\source\repos\firstfit\tspthread.cpp(1,1): warning C4828: 파일에 0x15f 오프셋에서 시작하는 문자가 포함되어 있습니다. 이 문자는 현재 원본 문자 집합에서 잘못된 문자입니다(코드 페이지 65001).
C:\Users\보경\source\repos\firstfit\mainwindow.h(1,1): warning C4828: 파일에 0x4a2 오프셋에서 시작하는 문자가 포함되어 있습니다. 이 문자는 현재 원본 문자 집합에서 잘못된 문자입니다(코드 페이지 65001).
  (소스 파일 'main.cpp'을(를) 컴파일하는 중)
  
C:\Users\보경\source\repos\firstfit\mainwindow.h(1,1): warning C4828: 파일에 0x4a2 오프셋에서 시작하는 문자가 포함되어 있습니다. 이 문자는 현재 원본 문자 집합에서 잘못된 문자입니다(코드 페이지 65001).
  (소스 파일 'mainwindow.cpp'을(를) 컴파일하는 중)
  
C:\Users\보경\source\repos\firstfit\tsp.cpp(1,1): warning C4828: 파일에 0xe44 오프셋에서 시작하는 문자가 포함되어 있습니다. 이 문자는 현재 원본 문자 집합에서 잘못된 문자입니다(코드 페이지 65001).
C:\Users\보경\source\repos\firstfit\tspthread.cpp(1,1): warning C4828: 파일에 0x161 오프셋에서 시작하는 문자가 포함되어 있습니다. 이 문자는 현재 원본 문자 집합에서 잘못된 문자입니다(코드 페이지 65001).
C:\Users\보경\source\repos\firstfit\mainwindow.h(1,1): warning C4828: 파일에 0x4a5 오프셋에서 시작하는 문자가 포함되어 있습니다. 이 문자는 현재 원본 문자 집합에서 잘못된 문자입니다(코드 페이지 65001).
  (소스 파일 'main.cpp'을(를) 컴파일하는 중)
  
C:\Users\보경\source\repos\firstfit\mainwindow.h(1,1): warning C4828: 파일에 0x4a5 오프셋에서 시작하는 문자가 포함되어 있습니다. 이 문자는 현재 원본 문자 집합에서 잘못된 문자입니다(코드 페이지 65001).
  (소스 파일 'mainwindow.cpp'을(를) 컴파일하는 중)
  
C:\Users\보경\source\repos\firstfit\tsp.cpp(1,1): warning C4828: 파일에 0xe45 오프셋에서 시작하는 문자가 포함되어 있습니다. 이 문자는 현재 원본 문자 집합에서 잘못된 문자입니다(코드 페이지 65001).
C:\Users\보경\source\repos\firstfit\tspthread.cpp(1,1): warning C4828: 파일에 0x162 오프셋에서 시작하는 문자가 포함되어 있습니다. 이 문자는 현재 원본 문자 집합에서 잘못된 문자입니다(코드 페이지 65001).
C:\Users\보경\source\repos\firstfit\mainwindow.h(1,1): warning C4828: 파일에 0x4a6 오프셋에서 시작하는 문자가 포함되어 있습니다. 이 문자는 현재 원본 문자 집합에서 잘못된 문자입니다(코드 페이지 65001).
  (소스 파일 'main.cpp'을(를) 컴파일하는 중)
  
C:\Users\보경\source\repos\firstfit\tsp.cpp(1,1): warning C4828: 파일에 0xe46 오프셋에서 시작하는 문자가 포함되어 있습니다. 이 문자는 현재 원본 문자 집합에서 잘못된 문자입니다(코드 페이지 65001).
C:\Users\보경\source\repos\firstfit\mainwindow.h(1,1): warning C4828: 파일에 0x4a6 오프셋에서 시작하는 문자가 포함되어 있습니다. 이 문자는 현재 원본 문자 집합에서 잘못된 문자입니다(코드 페이지 65001).
  (소스 파일 'mainwindow.cpp'을(를) 컴파일하는 중)
  
C:\Users\보경\source\repos\firstfit\tspthread.cpp(1,1): warning C4828: 파일에 0x164 오프셋에서 시작하는 문자가 포함되어 있습니다. 이 문자는 현재 원본 문자 집합에서 잘못된 문자입니다(코드 페이지 65001).
C:\Users\보경\source\repos\firstfit\mainwindow.h(1,1): warning C4828: 파일에 0x4a8 오프셋에서 시작하는 문자가 포함되어 있습니다. 이 문자는 현재 원본 문자 집합에서 잘못된 문자입니다(코드 페이지 65001).
  (소스 파일 'main.cpp'을(를) 컴파일하는 중)
  
C:\Users\보경\source\repos\firstfit\tsp.cpp(1,1): warning C4828: 파일에 0xe4a 오프셋에서 시작하는 문자가 포함되어 있습니다. 이 문자는 현재 원본 문자 집합에서 잘못된 문자입니다(코드 페이지 65001).
C:\Users\보경\source\repos\firstfit\tspthread.cpp(1,1): warning C4828: 파일에 0x16a 오프셋에서 시작하는 문자가 포함되어 있습니다. 이 문자는 현재 원본 문자 집합에서 잘못된 문자입니다(코드 페이지 65001).
C:\Users\보경\source\repos\firstfit\mainwindow.h(1,1): warning C4828: 파일에 0x4a8 오프셋에서 시작하는 문자가 포함되어 있습니다. 이 문자는 현재 원본 문자 집합에서 잘못된 문자입니다(코드 페이지 65001).
  (소스 파일 'mainwindow.cpp'을(를) 컴파일하는 중)
  
C:\Users\보경\source\repos\firstfit\mainwindow.h(1,1): warning C4828: 파일에 0x4a9 오프셋에서 시작하는 문자가 포함되어 있습니다. 이 문자는 현재 원본 문자 집합에서 잘못된 문자입니다(코드 페이지 65001).
  (소스 파일 'mainwindow.cpp'을(를) 컴파일하는 중)
  
C:\Users\보경\source\repos\firstfit\mainwindow.h(1,1): warning C4828: 파일에 0x4a9 오프셋에서 시작하는 문자가 포함되어 있습니다. 이 문자는 현재 원본 문자 집합에서 잘못된 문자입니다(코드 페이지 65001).
  (소스 파일 'main.cpp'을(를) 컴파일하는 중)
  
C:\Users\보경\source\repos\firstfit\tsp.cpp(1,1): warning C4828: 파일에 0xe4b 오프셋에서 시작하는 문자가 포함되어 있습니다. 이 문자는 현재 원본 문자 집합에서 잘못된 문자입니다(코드 페이지 65001).
C:\Users\보경\source\repos\firstfit\tspthread.cpp(1,1): warning C4828: 파일에 0x16b 오프셋에서 시작하는 문자가 포함되어 있습니다. 이 문자는 현재 원본 문자 집합에서 잘못된 문자입니다(코드 페이지 65001).
C:\Users\보경\source\repos\firstfit\tspthread.cpp(1,1): warning C4828: 파일에 0x1f1 오프셋에서 시작하는 문자가 포함되어 있습니다. 이 문자는 현재 원본 문자 집합에서 잘못된 문자입니다(코드 페이지 65001).
C:\Users\보경\source\repos\firstfit\tsp.cpp(1,1): warning C4828: 파일에 0xe4f 오프셋에서 시작하는 문자가 포함되어 있습니다. 이 문자는 현재 원본 문자 집합에서 잘못된 문자입니다(코드 페이지 65001).
C:\Users\보경\source\repos\firstfit\tspthread.cpp(1,1): warning C4828: 파일에 0x1f2 오프셋에서 시작하는 문자가 포함되어 있습니다. 이 문자는 현재 원본 문자 집합에서 잘못된 문자입니다(코드 페이지 65001).
C:\Users\보경\source\repos\firstfit\tsp.cpp(1,1): warning C4828: 파일에 0xe50 오프셋에서 시작하는 문자가 포함되어 있습니다. 이 문자는 현재 원본 문자 집합에서 잘못된 문자입니다(코드 페이지 65001).
C:\Users\보경\source\repos\firstfit\tsp.cpp(1,1): warning C4828: 파일에 0xfea 오프셋에서 시작하는 문자가 포함되어 있습니다. 이 문자는 현재 원본 문자 집합에서 잘못된 문자입니다(코드 페이지 65001).
C:\Users\보경\source\repos\firstfit\tspthread.cpp(1,1): warning C4828: 파일에 0x1f6 오프셋에서 시작하는 문자가 포함되어 있습니다. 이 문자는 현재 원본 문자 집합에서 잘못된 문자입니다(코드 페이지 65001).
C:\Users\보경\source\repos\firstfit\tsp.cpp(1,1): warning C4828: 파일에 0xfeb 오프셋에서 시작하는 문자가 포함되어 있습니다. 이 문자는 현재 원본 문자 집합에서 잘못된 문자입니다(코드 페이지 65001).
C:\Users\보경\source\repos\firstfit\tspthread.cpp(1,1): warning C4828: 파일에 0x1fb 오프셋에서 시작하는 문자가 포함되어 있습니다. 이 문자는 현재 원본 문자 집합에서 잘못된 문자입니다(코드 페이지 65001).
C:\Users\보경\source\repos\firstfit\tsp.cpp(1,1): warning C4828: 파일에 0xfef 오프셋에서 시작하는 문자가 포함되어 있습니다. 이 문자는 현재 원본 문자 집합에서 잘못된 문자입니다(코드 페이지 65001).
C:\Users\보경\source\repos\firstfit\tspthread.cpp(1,1): warning C4828: 파일에 0x1fd 오프셋에서 시작하는 문자가 포함되어 있습니다. 이 문자는 현재 원본 문자 집합에서 잘못된 문자입니다(코드 페이지 65001).
C:\Users\보경\source\repos\firstfit\tspthread.cpp(1,1): warning C4828: 파일에 0x200 오프셋에서 시작하는 문자가 포함되어 있습니다. 이 문자는 현재 원본 문자 집합에서 잘못된 문자입니다(코드 페이지 65001).
C:\Users\보경\source\repos\firstfit\tsp.cpp(1,1): warning C4828: 파일에 0xff0 오프셋에서 시작하는 문자가 포함되어 있습니다. 이 문자는 현재 원본 문자 집합에서 잘못된 문자입니다(코드 페이지 65001).
C:\Users\보경\source\repos\firstfit\tspthread.cpp(1,1): warning C4828: 파일에 0x202 오프셋에서 시작하는 문자가 포함되어 있습니다. 이 문자는 현재 원본 문자 집합에서 잘못된 문자입니다(코드 페이지 65001).
C:\Users\보경\source\repos\firstfit\tsp.cpp(1,1): warning C4828: 파일에 0xff4 오프셋에서 시작하는 문자가 포함되어 있습니다. 이 문자는 현재 원본 문자 집합에서 잘못된 문자입니다(코드 페이지 65001).
C:\Users\보경\source\repos\firstfit\tspthread.cpp(1,1): warning C4828: 파일에 0x205 오프셋에서 시작하는 문자가 포함되어 있습니다. 이 문자는 현재 원본 문자 집합에서 잘못된 문자입니다(코드 페이지 65001).
C:\Users\보경\source\repos\firstfit\tsp.cpp(1,1): warning C4828: 파일에 0xff5 오프셋에서 시작하는 문자가 포함되어 있습니다. 이 문자는 현재 원본 문자 집합에서 잘못된 문자입니다(코드 페이지 65001).
C:\Users\보경\source\repos\firstfit\tspthread.cpp(1,1): warning C4828: 파일에 0x207 오프셋에서 시작하는 문자가 포함되어 있습니다. 이 문자는 현재 원본 문자 집합에서 잘못된 문자입니다(코드 페이지 65001).
C:\Users\보경\source\repos\firstfit\tsp.cpp(1,1): warning C4828: 파일에 0xff9 오프셋에서 시작하는 문자가 포함되어 있습니다. 이 문자는 현재 원본 문자 집합에서 잘못된 문자입니다(코드 페이지 65001).
C:\Users\보경\source\repos\firstfit\tspthread.cpp(1,1): warning C4828: 파일에 0x208 오프셋에서 시작하는 문자가 포함되어 있습니다. 이 문자는 현재 원본 문자 집합에서 잘못된 문자입니다(코드 페이지 65001).
C:\Users\보경\source\repos\firstfit\tsp.cpp(1,1): warning C4828: 파일에 0xffb 오프셋에서 시작하는 문자가 포함되어 있습니다. 이 문자는 현재 원본 문자 집합에서 잘못된 문자입니다(코드 페이지 65001).
C:\Users\보경\source\repos\firstfit\tspthread.cpp(1,1): warning C4828: 파일에 0x209 오프셋에서 시작하는 문자가 포함되어 있습니다. 이 문자는 현재 원본 문자 집합에서 잘못된 문자입니다(코드 페이지 65001).
C:\Users\보경\source\repos\firstfit\tsp.cpp(1,1): warning C4828: 파일에 0x1016 오프셋에서 시작하는 문자가 포함되어 있습니다. 이 문자는 현재 원본 문자 집합에서 잘못된 문자입니다(코드 페이지 65001).
C:\Users\보경\source\repos\firstfit\tspthread.cpp(1,1): warning C4828: 파일에 0x20a 오프셋에서 시작하는 문자가 포함되어 있습니다. 이 문자는 현재 원본 문자 집합에서 잘못된 문자입니다(코드 페이지 65001).
C:\Users\보경\source\repos\firstfit\tsp.cpp(1,1): warning C4828: 파일에 0x1017 오프셋에서 시작하는 문자가 포함되어 있습니다. 이 문자는 현재 원본 문자 집합에서 잘못된 문자입니다(코드 페이지 65001).
C:\Users\보경\source\repos\firstfit\tspthread.cpp(1,1): warning C4828: 파일에 0x21f 오프셋에서 시작하는 문자가 포함되어 있습니다. 이 문자는 현재 원본 문자 집합에서 잘못된 문자입니다(코드 페이지 65001).
C:\Users\보경\source\repos\firstfit\tsp.cpp(1,1): warning C4828: 파일에 0x101b 오프셋에서 시작하는 문자가 포함되어 있습니다. 이 문자는 현재 원본 문자 집합에서 잘못된 문자입니다(코드 페이지 65001).
C:\Users\보경\source\repos\firstfit\tspthread.cpp(1,1): warning C4828: 파일에 0x220 오프셋에서 시작하는 문자가 포함되어 있습니다. 이 문자는 현재 원본 문자 집합에서 잘못된 문자입니다(코드 페이지 65001).
C:\Users\보경\source\repos\firstfit\tsp.cpp(1,1): warning C4828: 파일에 0x1020 오프셋에서 시작하는 문자가 포함되어 있습니다. 이 문자는 현재 원본 문자 집합에서 잘못된 문자입니다(코드 페이지 65001).
C:\Users\보경\source\repos\firstfit\tspthread.cpp(1,1): warning C4828: 파일에 0x222 오프셋에서 시작하는 문자가 포함되어 있습니다. 이 문자는 현재 원본 문자 집합에서 잘못된 문자입니다(코드 페이지 65001).
C:\Users\보경\source\repos\firstfit\tsp.cpp(1,1): warning C4828: 파일에 0x1022 오프셋에서 시작하는 문자가 포함되어 있습니다. 이 문자는 현재 원본 문자 집합에서 잘못된 문자입니다(코드 페이지 65001).
C:\Users\보경\source\repos\firstfit\tspthread.cpp(1,1): warning C4828: 파일에 0x227 오프셋에서 시작하는 문자가 포함되어 있습니다. 이 문자는 현재 원본 문자 집합에서 잘못된 문자입니다(코드 페이지 65001).
C:\Users\보경\source\repos\firstfit\tsp.cpp(1,1): warning C4828: 파일에 0x1025 오프셋에서 시작하는 문자가 포함되어 있습니다. 이 문자는 현재 원본 문자 집합에서 잘못된 문자입니다(코드 페이지 65001).
C:\Users\보경\source\repos\firstfit\tspthread.cpp(1,1): warning C4828: 파일에 0x229 오프셋에서 시작하는 문자가 포함되어 있습니다. 이 문자는 현재 원본 문자 집합에서 잘못된 문자입니다(코드 페이지 65001).
C:\Users\보경\source\repos\firstfit\tsp.cpp(1,1): warning C4828: 파일에 0x1027 오프셋에서 시작하는 문자가 포함되어 있습니다. 이 문자는 현재 원본 문자 집합에서 잘못된 문자입니다(코드 페이지 65001).
C:\Users\보경\source\repos\firstfit\tspthread.cpp(1,1): warning C4828: 파일에 0x22a 오프셋에서 시작하는 문자가 포함되어 있습니다. 이 문자는 현재 원본 문자 집합에서 잘못된 문자입니다(코드 페이지 65001).
C:\Users\보경\source\repos\firstfit\tspthread.cpp(1,1): warning C4828: 파일에 0x22b 오프셋에서 시작하는 문자가 포함되어 있습니다. 이 문자는 현재 원본 문자 집합에서 잘못된 문자입니다(코드 페이지 65001).
C:\Users\보경\source\repos\firstfit\tsp.cpp(1,1): warning C4828: 파일에 0x102a 오프셋에서 시작하는 문자가 포함되어 있습니다. 이 문자는 현재 원본 문자 집합에서 잘못된 문자입니다(코드 페이지 65001).
C:\Users\보경\source\repos\firstfit\tspthread.cpp(1,1): warning C4828: 파일에 0x25c 오프셋에서 시작하는 문자가 포함되어 있습니다. 이 문자는 현재 원본 문자 집합에서 잘못된 문자입니다(코드 페이지 65001).
C:\Users\보경\source\repos\firstfit\tsp.cpp(1,1): warning C4828: 파일에 0x1049 오프셋에서 시작하는 문자가 포함되어 있습니다. 이 문자는 현재 원본 문자 집합에서 잘못된 문자입니다(코드 페이지 65001).
C:\Users\보경\source\repos\firstfit\tsp.cpp(1,1): warning C4828: 파일에 0x104b 오프셋에서 시작하는 문자가 포함되어 있습니다. 이 문자는 현재 원본 문자 집합에서 잘못된 문자입니다(코드 페이지 65001).
C:\Users\보경\source\repos\firstfit\tspthread.cpp(1,1): warning C4828: 파일에 0x25f 오프셋에서 시작하는 문자가 포함되어 있습니다. 이 문자는 현재 원본 문자 집합에서 잘못된 문자입니다(코드 페이지 65001).
C:\Users\보경\source\repos\firstfit\tsp.cpp(1,1): warning C4828: 파일에 0x104c 오프셋에서 시작하는 문자가 포함되어 있습니다. 이 문자는 현재 원본 문자 집합에서 잘못된 문자입니다(코드 페이지 65001).
C:\Users\보경\source\repos\firstfit\tspthread.cpp(1,1): warning C4828: 파일에 0x261 오프셋에서 시작하는 문자가 포함되어 있습니다. 이 문자는 현재 원본 문자 집합에서 잘못된 문자입니다(코드 페이지 65001).
C:\Users\보경\source\repos\firstfit\tsp.cpp(1,1): warning C4828: 파일에 0x104e 오프셋에서 시작하는 문자가 포함되어 있습니다. 이 문자는 현재 원본 문자 집합에서 잘못된 문자입니다(코드 페이지 65001).
C:\Users\보경\source\repos\firstfit\tspthread.cpp(1,1): warning C4828: 파일에 0x263 오프셋에서 시작하는 문자가 포함되어 있습니다. 이 문자는 현재 원본 문자 집합에서 잘못된 문자입니다(코드 페이지 65001).
C:\Users\보경\source\repos\firstfit\tsp.cpp(1,1): warning C4828: 파일에 0x1051 오프셋에서 시작하는 문자가 포함되어 있습니다. 이 문자는 현재 원본 문자 집합에서 잘못된 문자입니다(코드 페이지 65001).
C:\Users\보경\source\repos\firstfit\tspthread.cpp(1,1): warning C4828: 파일에 0x264 오프셋에서 시작하는 문자가 포함되어 있습니다. 이 문자는 현재 원본 문자 집합에서 잘못된 문자입니다(코드 페이지 65001).
C:\Users\보경\source\repos\firstfit\tsp.cpp(1,1): warning C4828: 파일에 0x1053 오프셋에서 시작하는 문자가 포함되어 있습니다. 이 문자는 현재 원본 문자 집합에서 잘못된 문자입니다(코드 페이지 65001).
C:\Users\보경\source\repos\firstfit\tspthread.cpp(1,1): warning C4828: 파일에 0x366 오프셋에서 시작하는 문자가 포함되어 있습니다. 이 문자는 현재 원본 문자 집합에서 잘못된 문자입니다(코드 페이지 65001).
C:\Users\보경\source\repos\firstfit\tsp.cpp(1,1): warning C4828: 파일에 0x1054 오프셋에서 시작하는 문자가 포함되어 있습니다. 이 문자는 현재 원본 문자 집합에서 잘못된 문자입니다(코드 페이지 65001).
C:\Users\보경\source\repos\firstfit\tspthread.cpp(1,1): warning C4828: 파일에 0x367 오프셋에서 시작하는 문자가 포함되어 있습니다. 이 문자는 현재 원본 문자 집합에서 잘못된 문자입니다(코드 페이지 65001).
C:\Users\보경\source\repos\firstfit\tsp.cpp(1,1): warning C4828: 파일에 0x1055 오프셋에서 시작하는 문자가 포함되어 있습니다. 이 문자는 현재 원본 문자 집합에서 잘못된 문자입니다(코드 페이지 65001).
C:\Users\보경\source\repos\firstfit\tspthread.cpp(1,1): warning C4828: 파일에 0x36b 오프셋에서 시작하는 문자가 포함되어 있습니다. 이 문자는 현재 원본 문자 집합에서 잘못된 문자입니다(코드 페이지 65001).
C:\Users\보경\source\repos\firstfit\tsp.cpp(1,1): warning C4828: 파일에 0x1056 오프셋에서 시작하는 문자가 포함되어 있습니다. 이 문자는 현재 원본 문자 집합에서 잘못된 문자입니다(코드 페이지 65001).
C:\Users\보경\source\repos\firstfit\tspthread.cpp(1,1): warning C4828: 파일에 0x370 오프셋에서 시작하는 문자가 포함되어 있습니다. 이 문자는 현재 원본 문자 집합에서 잘못된 문자입니다(코드 페이지 65001).
C:\Users\보경\source\repos\firstfit\tsp.cpp(1,1): warning C4828: 파일에 0x1058 오프셋에서 시작하는 문자가 포함되어 있습니다. 이 문자는 현재 원본 문자 집합에서 잘못된 문자입니다(코드 페이지 65001).
C:\Users\보경\source\repos\firstfit\tspthread.cpp(1,1): warning C4828: 파일에 0x372 오프셋에서 시작하는 문자가 포함되어 있습니다. 이 문자는 현재 원본 문자 집합에서 잘못된 문자입니다(코드 페이지 65001).
C:\Users\보경\source\repos\firstfit\tsp.cpp(1,1): warning C4828: 파일에 0x1059 오프셋에서 시작하는 문자가 포함되어 있습니다. 이 문자는 현재 원본 문자 집합에서 잘못된 문자입니다(코드 페이지 65001).
C:\Users\보경\source\repos\firstfit\tspthread.cpp(1,1): warning C4828: 파일에 0x375 오프셋에서 시작하는 문자가 포함되어 있습니다. 이 문자는 현재 원본 문자 집합에서 잘못된 문자입니다(코드 페이지 65001).
C:\Users\보경\source\repos\firstfit\tsp.cpp(1,1): warning C4828: 파일에 0x105a 오프셋에서 시작하는 문자가 포함되어 있습니다. 이 문자는 현재 원본 문자 집합에서 잘못된 문자입니다(코드 페이지 65001).
C:\Users\보경\source\repos\firstfit\tspthread.cpp(1,1): warning C4828: 파일에 0x376 오프셋에서 시작하는 문자가 포함되어 있습니다. 이 문자는 현재 원본 문자 집합에서 잘못된 문자입니다(코드 페이지 65001).
C:\Users\보경\source\repos\firstfit\tsp.cpp(1,1): warning C4828: 파일에 0x105b 오프셋에서 시작하는 문자가 포함되어 있습니다. 이 문자는 현재 원본 문자 집합에서 잘못된 문자입니다(코드 페이지 65001).
C:\Users\보경\source\repos\firstfit\tspthread.cpp(1,1): warning C4828: 파일에 0x377 오프셋에서 시작하는 문자가 포함되어 있습니다. 이 문자는 현재 원본 문자 집합에서 잘못된 문자입니다(코드 페이지 65001).
C:\Users\보경\source\repos\firstfit\tspthread.cpp(1,1): warning C4828: 파일에 0x379 오프셋에서 시작하는 문자가 포함되어 있습니다. 이 문자는 현재 원본 문자 집합에서 잘못된 문자입니다(코드 페이지 65001).
C:\Users\보경\source\repos\firstfit\tspthread.cpp(1,1): warning C4828: 파일에 0x37c 오프셋에서 시작하는 문자가 포함되어 있습니다. 이 문자는 현재 원본 문자 집합에서 잘못된 문자입니다(코드 페이지 65001).
C:\Users\보경\source\repos\firstfit\tspthread.cpp(1,1): warning C4828: 파일에 0x3c4 오프셋에서 시작하는 문자가 포함되어 있습니다. 이 문자는 현재 원본 문자 집합에서 잘못된 문자입니다(코드 페이지 65001).
C:\Users\보경\source\repos\firstfit\tspthread.cpp(1,1): warning C4828: 파일에 0x3c6 오프셋에서 시작하는 문자가 포함되어 있습니다. 이 문자는 현재 원본 문자 집합에서 잘못된 문자입니다(코드 페이지 65001).
C:\Users\보경\source\repos\firstfit\tspthread.cpp(1,1): warning C4828: 파일에 0x3c7 오프셋에서 시작하는 문자가 포함되어 있습니다. 이 문자는 현재 원본 문자 집합에서 잘못된 문자입니다(코드 페이지 65001).
C:\Users\보경\source\repos\firstfit\tspthread.cpp(1,1): warning C4828: 파일에 0x3ca 오프셋에서 시작하는 문자가 포함되어 있습니다. 이 문자는 현재 원본 문자 집합에서 잘못된 문자입니다(코드 페이지 65001).
C:\Users\보경\source\repos\firstfit\tspthread.cpp(1,1): warning C4828: 파일에 0x3cd 오프셋에서 시작하는 문자가 포함되어 있습니다. 이 문자는 현재 원본 문자 집합에서 잘못된 문자입니다(코드 페이지 65001).
C:\Users\보경\source\repos\firstfit\tspthread.cpp(1,1): warning C4828: 파일에 0x3ce 오프셋에서 시작하는 문자가 포함되어 있습니다. 이 문자는 현재 원본 문자 집합에서 잘못된 문자입니다(코드 페이지 65001).
C:\Users\보경\source\repos\firstfit\tspthread.cpp(1,1): warning C4828: 파일에 0x3d0 오프셋에서 시작하는 문자가 포함되어 있습니다. 이 문자는 현재 원본 문자 집합에서 잘못된 문자입니다(코드 페이지 65001).
C:\Users\보경\source\repos\firstfit\tspthread.cpp(1,1): warning C4828: 파일에 0x3d1 오프셋에서 시작하는 문자가 포함되어 있습니다. 이 문자는 현재 원본 문자 집합에서 잘못된 문자입니다(코드 페이지 65001).
C:\Users\보경\source\repos\firstfit\tspthread.cpp(1,1): warning C4828: 파일에 0x3d5 오프셋에서 시작하는 문자가 포함되어 있습니다. 이 문자는 현재 원본 문자 집합에서 잘못된 문자입니다(코드 페이지 65001).
C:\Users\보경\source\repos\firstfit\tspthread.cpp(1,1): warning C4828: 파일에 0x3d7 오프셋에서 시작하는 문자가 포함되어 있습니다. 이 문자는 현재 원본 문자 집합에서 잘못된 문자입니다(코드 페이지 65001).
C:\Users\보경\source\repos\firstfit\tspthread.cpp(1,1): warning C4828: 파일에 0x4b6 오프셋에서 시작하는 문자가 포함되어 있습니다. 이 문자는 현재 원본 문자 집합에서 잘못된 문자입니다(코드 페이지 65001).
C:\Users\보경\source\repos\firstfit\tspthread.cpp(1,1): warning C4828: 파일에 0x4b7 오프셋에서 시작하는 문자가 포함되어 있습니다. 이 문자는 현재 원본 문자 집합에서 잘못된 문자입니다(코드 페이지 65001).
C:\Users\보경\source\repos\firstfit\tspthread.cpp(1,1): warning C4828: 파일에 0x4bb 오프셋에서 시작하는 문자가 포함되어 있습니다. 이 문자는 현재 원본 문자 집합에서 잘못된 문자입니다(코드 페이지 65001).
C:\Users\보경\source\repos\firstfit\tspthread.cpp(1,1): warning C4828: 파일에 0x4bd 오프셋에서 시작하는 문자가 포함되어 있습니다. 이 문자는 현재 원본 문자 집합에서 잘못된 문자입니다(코드 페이지 65001).
C:\Users\보경\source\repos\firstfit\tspthread.cpp(1,1): warning C4828: 파일에 0x4be 오프셋에서 시작하는 문자가 포함되어 있습니다. 이 문자는 현재 원본 문자 집합에서 잘못된 문자입니다(코드 페이지 65001).
C:\Users\보경\source\repos\firstfit\tspthread.cpp(1,1): warning C4828: 파일에 0x4c6 오프셋에서 시작하는 문자가 포함되어 있습니다. 이 문자는 현재 원본 문자 집합에서 잘못된 문자입니다(코드 페이지 65001).
C:\Users\보경\source\repos\firstfit\tspthread.cpp(1,1): warning C4828: 파일에 0x4c7 오프셋에서 시작하는 문자가 포함되어 있습니다. 이 문자는 현재 원본 문자 집합에서 잘못된 문자입니다(코드 페이지 65001).
C:\Users\보경\source\repos\firstfit\tspthread.cpp(1,1): warning C4828: 파일에 0x4c9 오프셋에서 시작하는 문자가 포함되어 있습니다. 이 문자는 현재 원본 문자 집합에서 잘못된 문자입니다(코드 페이지 65001).
C:\Users\보경\source\repos\firstfit\tspthread.cpp(1,1): warning C4828: 파일에 0x4cb 오프셋에서 시작하는 문자가 포함되어 있습니다. 이 문자는 현재 원본 문자 집합에서 잘못된 문자입니다(코드 페이지 65001).
C:\Users\보경\source\repos\firstfit\tspthread.cpp(1,1): warning C4828: 파일에 0x4cd 오프셋에서 시작하는 문자가 포함되어 있습니다. 이 문자는 현재 원본 문자 집합에서 잘못된 문자입니다(코드 페이지 65001).
C:\Users\보경\source\repos\firstfit\tspthread.cpp(1,1): warning C4828: 파일에 0x4ce 오프셋에서 시작하는 문자가 포함되어 있습니다. 이 문자는 현재 원본 문자 집합에서 잘못된 문자입니다(코드 페이지 65001).
C:\Users\보경\source\repos\firstfit\tspthread.cpp(1,1): warning C4828: 파일에 0x4cf 오프셋에서 시작하는 문자가 포함되어 있습니다. 이 문자는 현재 원본 문자 집합에서 잘못된 문자입니다(코드 페이지 65001).
C:\Users\보경\source\repos\firstfit\tspthread.cpp(1,1): warning C4828: 파일에 0x4d0 오프셋에서 시작하는 문자가 포함되어 있습니다. 이 문자는 현재 원본 문자 집합에서 잘못된 문자입니다(코드 페이지 65001).
C:\Users\보경\source\repos\firstfit\tspthread.cpp(1,1): warning C4828: 파일에 0x4d2 오프셋에서 시작하는 문자가 포함되어 있습니다. 이 문자는 현재 원본 문자 집합에서 잘못된 문자입니다(코드 페이지 65001).
C:\Users\보경\source\repos\firstfit\tspthread.cpp(1,1): warning C4828: 파일에 0x4d3 오프셋에서 시작하는 문자가 포함되어 있습니다. 이 문자는 현재 원본 문자 집합에서 잘못된 문자입니다(코드 페이지 65001).
C:\Users\보경\source\repos\firstfit\tspthread.cpp(1,1): warning C4828: 파일에 0x4d7 오프셋에서 시작하는 문자가 포함되어 있습니다. 이 문자는 현재 원본 문자 집합에서 잘못된 문자입니다(코드 페이지 65001).
C:\Users\보경\source\repos\firstfit\tspthread.cpp(1,1): warning C4828: 파일에 0x4d8 오프셋에서 시작하는 문자가 포함되어 있습니다. 이 문자는 현재 원본 문자 집합에서 잘못된 문자입니다(코드 페이지 65001).
C:\Users\보경\source\repos\firstfit\tspthread.cpp(1,1): warning C4828: 파일에 0x4d9 오프셋에서 시작하는 문자가 포함되어 있습니다. 이 문자는 현재 원본 문자 집합에서 잘못된 문자입니다(코드 페이지 65001).
C:\Users\보경\source\repos\firstfit\tspthread.cpp(1,1): warning C4828: 파일에 0x4db 오프셋에서 시작하는 문자가 포함되어 있습니다. 이 문자는 현재 원본 문자 집합에서 잘못된 문자입니다(코드 페이지 65001).
C:\Users\보경\source\repos\firstfit\tspthread.cpp(1,1): warning C4828: 파일에 0x4dc 오프셋에서 시작하는 문자가 포함되어 있습니다. 이 문자는 현재 원본 문자 집합에서 잘못된 문자입니다(코드 페이지 65001).
C:\Users\보경\source\repos\firstfit\tspthread.cpp(1,1): warning C4828: 파일에 0x4dd 오프셋에서 시작하는 문자가 포함되어 있습니다. 이 문자는 현재 원본 문자 집합에서 잘못된 문자입니다(코드 페이지 65001).
C:\Users\보경\source\repos\firstfit\tspthread.cpp(1,1): warning C4828: 파일에 0x4de 오프셋에서 시작하는 문자가 포함되어 있습니다. 이 문자는 현재 원본 문자 집합에서 잘못된 문자입니다(코드 페이지 65001).
C:\Users\보경\source\repos\firstfit\tspthread.cpp(1,1): warning C4828: 파일에 0x528 오프셋에서 시작하는 문자가 포함되어 있습니다. 이 문자는 현재 원본 문자 집합에서 잘못된 문자입니다(코드 페이지 65001).
C:\Users\보경\source\repos\firstfit\tspthread.cpp(1,1): warning C4828: 파일에 0x529 오프셋에서 시작하는 문자가 포함되어 있습니다. 이 문자는 현재 원본 문자 집합에서 잘못된 문자입니다(코드 페이지 65001).
C:\Users\보경\source\repos\firstfit\tspthread.cpp(1,1): warning C4828: 파일에 0x52a 오프셋에서 시작하는 문자가 포함되어 있습니다. 이 문자는 현재 원본 문자 집합에서 잘못된 문자입니다(코드 페이지 65001).
C:\Users\보경\source\repos\firstfit\tspthread.cpp(1,1): warning C4828: 파일에 0x52b 오프셋에서 시작하는 문자가 포함되어 있습니다. 이 문자는 현재 원본 문자 집합에서 잘못된 문자입니다(코드 페이지 65001).
C:\Users\보경\source\repos\firstfit\tspthread.cpp(1,1): warning C4828: 파일에 0x6d1 오프셋에서 시작하는 문자가 포함되어 있습니다. 이 문자는 현재 원본 문자 집합에서 잘못된 문자입니다(코드 페이지 65001).
C:\Users\보경\source\repos\firstfit\tspthread.cpp(1,1): warning C4828: 파일에 0x6d2 오프셋에서 시작하는 문자가 포함되어 있습니다. 이 문자는 현재 원본 문자 집합에서 잘못된 문자입니다(코드 페이지 65001).
C:\Users\보경\source\repos\firstfit\tspthread.cpp(1,1): warning C4828: 파일에 0x6d6 오프셋에서 시작하는 문자가 포함되어 있습니다. 이 문자는 현재 원본 문자 집합에서 잘못된 문자입니다(코드 페이지 65001).
C:\Users\보경\source\repos\firstfit\tspthread.cpp(1,1): warning C4828: 파일에 0x6d7 오프셋에서 시작하는 문자가 포함되어 있습니다. 이 문자는 현재 원본 문자 집합에서 잘못된 문자입니다(코드 페이지 65001).
C:\Users\보경\source\repos\firstfit\tspthread.cpp(1,1): warning C4828: 파일에 0x6d8 오프셋에서 시작하는 문자가 포함되어 있습니다. 이 문자는 현재 원본 문자 집합에서 잘못된 문자입니다(코드 페이지 65001).
C:\Users\보경\source\repos\firstfit\tspthread.cpp(1,1): warning C4828: 파일에 0x6d9 오프셋에서 시작하는 문자가 포함되어 있습니다. 이 문자는 현재 원본 문자 집합에서 잘못된 문자입니다(코드 페이지 65001).
C:\Users\보경\source\repos\firstfit\tspthread.cpp(1,1): warning C4828: 파일에 0x7b6 오프셋에서 시작하는 문자가 포함되어 있습니다. 이 문자는 현재 원본 문자 집합에서 잘못된 문자입니다(코드 페이지 65001).
C:\Users\보경\source\repos\firstfit\tspthread.cpp(1,1): warning C4828: 파일에 0x7b7 오프셋에서 시작하는 문자가 포함되어 있습니다. 이 문자는 현재 원본 문자 집합에서 잘못된 문자입니다(코드 페이지 65001).
C:\Users\보경\source\repos\firstfit\tspthread.cpp(1,1): warning C4828: 파일에 0x7ba 오프셋에서 시작하는 문자가 포함되어 있습니다. 이 문자는 현재 원본 문자 집합에서 잘못된 문자입니다(코드 페이지 65001).
C:\Users\보경\source\repos\firstfit\tspthread.cpp(1,1): warning C4828: 파일에 0x7bb 오프셋에서 시작하는 문자가 포함되어 있습니다. 이 문자는 현재 원본 문자 집합에서 잘못된 문자입니다(코드 페이지 65001).
C:\Users\보경\source\repos\firstfit\tspthread.cpp(1,1): warning C4828: 파일에 0x7bd 오프셋에서 시작하는 문자가 포함되어 있습니다. 이 문자는 현재 원본 문자 집합에서 잘못된 문자입니다(코드 페이지 65001).
C:\Users\보경\source\repos\firstfit\tspthread.cpp(1,1): warning C4828: 파일에 0x7be 오프셋에서 시작하는 문자가 포함되어 있습니다. 이 문자는 현재 원본 문자 집합에서 잘못된 문자입니다(코드 페이지 65001).
C:\Users\보경\source\repos\firstfit\tspthread.h(1,1): warning C4828: 파일에 0x293 오프셋에서 시작하는 문자가 포함되어 있습니다. 이 문자는 현재 원본 문자 집합에서 잘못된 문자입니다(코드 페이지 65001).
  (소스 파일 'tspthread.cpp'을(를) 컴파일하는 중)
  
C:\Users\보경\source\repos\firstfit\tspthread.h(1,1): warning C4828: 파일에 0x294 오프셋에서 시작하는 문자가 포함되어 있습니다. 이 문자는 현재 원본 문자 집합에서 잘못된 문자입니다(코드 페이지 65001).
  (소스 파일 'tspthread.cpp'을(를) 컴파일하는 중)
  
C:\Users\보경\source\repos\firstfit\tspthread.h(1,1): warning C4828: 파일에 0x29a 오프셋에서 시작하는 문자가 포함되어 있습니다. 이 문자는 현재 원본 문자 집합에서 잘못된 문자입니다(코드 페이지 65001).
  (소스 파일 'tspthread.cpp'을(를) 컴파일하는 중)
  
C:\Users\보경\source\repos\firstfit\tspthread.h(1,1): warning C4828: 파일에 0x29c 오프셋에서 시작하는 문자가 포함되어 있습니다. 이 문자는 현재 원본 문자 집합에서 잘못된 문자입니다(코드 페이지 65001).
  (소스 파일 'tspthread.cpp'을(를) 컴파일하는 중)
  
C:\Users\보경\source\repos\firstfit\tspthread.h(1,1): warning C4828: 파일에 0x29d 오프셋에서 시작하는 문자가 포함되어 있습니다. 이 문자는 현재 원본 문자 집합에서 잘못된 문자입니다(코드 페이지 65001).
  (소스 파일 'tspthread.cpp'을(를) 컴파일하는 중)
  
C:\Users\보경\source\repos\firstfit\tspthread.h(1,1): warning C4828: 파일에 0x2aa 오프셋에서 시작하는 문자가 포함되어 있습니다. 이 문자는 현재 원본 문자 집합에서 잘못된 문자입니다(코드 페이지 65001).
  (소스 파일 'tspthread.cpp'을(를) 컴파일하는 중)
  
C:\Users\보경\source\repos\firstfit\tspthread.h(1,1): warning C4828: 파일에 0x2ab 오프셋에서 시작하는 문자가 포함되어 있습니다. 이 문자는 현재 원본 문자 집합에서 잘못된 문자입니다(코드 페이지 65001).
  (소스 파일 'tspthread.cpp'을(를) 컴파일하는 중)
  
C:\Users\보경\source\repos\firstfit\tspthread.h(1,1): warning C4828: 파일에 0x2ae 오프셋에서 시작하는 문자가 포함되어 있습니다. 이 문자는 현재 원본 문자 집합에서 잘못된 문자입니다(코드 페이지 65001).
  (소스 파일 'tspthread.cpp'을(를) 컴파일하는 중)
  
C:\Users\보경\source\repos\firstfit\tspthread.h(1,1): warning C4828: 파일에 0x2af 오프셋에서 시작하는 문자가 포함되어 있습니다. 이 문자는 현재 원본 문자 집합에서 잘못된 문자입니다(코드 페이지 65001).
  (소스 파일 'tspthread.cpp'을(를) 컴파일하는 중)
  
C:\Users\보경\source\repos\firstfit\tspthread.h(1,1): warning C4828: 파일에 0x2b1 오프셋에서 시작하는 문자가 포함되어 있습니다. 이 문자는 현재 원본 문자 집합에서 잘못된 문자입니다(코드 페이지 65001).
  (소스 파일 'tspthread.cpp'을(를) 컴파일하는 중)
  
C:\Users\보경\source\repos\firstfit\tspthread.h(1,1): warning C4828: 파일에 0x2b2 오프셋에서 시작하는 문자가 포함되어 있습니다. 이 문자는 현재 원본 문자 집합에서 잘못된 문자입니다(코드 페이지 65001).
  (소스 파일 'tspthread.cpp'을(를) 컴파일하는 중)
  
C:\Users\보경\source\repos\firstfit\tspthread.h(1,1): warning C4828: 파일에 0x2ce 오프셋에서 시작하는 문자가 포함되어 있습니다. 이 문자는 현재 원본 문자 집합에서 잘못된 문자입니다(코드 페이지 65001).
  (소스 파일 'tspthread.cpp'을(를) 컴파일하는 중)
  
C:\Users\보경\source\repos\firstfit\tspthread.h(1,1): warning C4828: 파일에 0x2cf 오프셋에서 시작하는 문자가 포함되어 있습니다. 이 문자는 현재 원본 문자 집합에서 잘못된 문자입니다(코드 페이지 65001).
  (소스 파일 'tspthread.cpp'을(를) 컴파일하는 중)
  
C:\Users\보경\source\repos\firstfit\tspthread.h(1,1): warning C4828: 파일에 0x2d5 오프셋에서 시작하는 문자가 포함되어 있습니다. 이 문자는 현재 원본 문자 집합에서 잘못된 문자입니다(코드 페이지 65001).
  (소스 파일 'tspthread.cpp'을(를) 컴파일하는 중)
  
C:\Users\보경\source\repos\firstfit\tspthread.h(1,1): warning C4828: 파일에 0x2d7 오프셋에서 시작하는 문자가 포함되어 있습니다. 이 문자는 현재 원본 문자 집합에서 잘못된 문자입니다(코드 페이지 65001).
  (소스 파일 'tspthread.cpp'을(를) 컴파일하는 중)
  
C:\Users\보경\source\repos\firstfit\tspthread.h(1,1): warning C4828: 파일에 0x2d8 오프셋에서 시작하는 문자가 포함되어 있습니다. 이 문자는 현재 원본 문자 집합에서 잘못된 문자입니다(코드 페이지 65001).
  (소스 파일 'tspthread.cpp'을(를) 컴파일하는 중)
  
C:\Users\보경\source\repos\firstfit\tspthread.h(1,1): warning C4828: 파일에 0x2da 오프셋에서 시작하는 문자가 포함되어 있습니다. 이 문자는 현재 원본 문자 집합에서 잘못된 문자입니다(코드 페이지 65001).
  (소스 파일 'tspthread.cpp'을(를) 컴파일하는 중)
  
C:\Users\보경\source\repos\firstfit\tspthread.h(1,1): warning C4828: 파일에 0x2db 오프셋에서 시작하는 문자가 포함되어 있습니다. 이 문자는 현재 원본 문자 집합에서 잘못된 문자입니다(코드 페이지 65001).
  (소스 파일 'tspthread.cpp'을(를) 컴파일하는 중)
  
C:\Users\보경\source\repos\firstfit\tspthread.h(1,1): warning C4828: 파일에 0x2dc 오프셋에서 시작하는 문자가 포함되어 있습니다. 이 문자는 현재 원본 문자 집합에서 잘못된 문자입니다(코드 페이지 65001).
  (소스 파일 'tspthread.cpp'을(를) 컴파일하는 중)
  
C:\Users\보경\source\repos\firstfit\tspthread.h(1,1): warning C4828: 파일에 0x2df 오프셋에서 시작하는 문자가 포함되어 있습니다. 이 문자는 현재 원본 문자 집합에서 잘못된 문자입니다(코드 페이지 65001).
  (소스 파일 'tspthread.cpp'을(를) 컴파일하는 중)
  
C:\Users\보경\source\repos\firstfit\tspthread.h(1,1): warning C4828: 파일에 0x2e0 오프셋에서 시작하는 문자가 포함되어 있습니다. 이 문자는 현재 원본 문자 집합에서 잘못된 문자입니다(코드 페이지 65001).
  (소스 파일 'tspthread.cpp'을(를) 컴파일하는 중)
  
C:\Users\보경\source\repos\firstfit\tspthread.h(1,1): warning C4828: 파일에 0x293 오프셋에서 시작하는 문자가 포함되어 있습니다. 이 문자는 현재 원본 문자 집합에서 잘못된 문자입니다(코드 페이지 65001).
  (소스 파일 'mainwindow.cpp'을(를) 컴파일하는 중)
  
C:\Users\보경\source\repos\firstfit\tspthread.h(1,1): warning C4828: 파일에 0x294 오프셋에서 시작하는 문자가 포함되어 있습니다. 이 문자는 현재 원본 문자 집합에서 잘못된 문자입니다(코드 페이지 65001).
  (소스 파일 'mainwindow.cpp'을(를) 컴파일하는 중)
  
C:\Users\보경\source\repos\firstfit\tspthread.h(1,1): warning C4828: 파일에 0x29a 오프셋에서 시작하는 문자가 포함되어 있습니다. 이 문자는 현재 원본 문자 집합에서 잘못된 문자입니다(코드 페이지 65001).
  (소스 파일 'mainwindow.cpp'을(를) 컴파일하는 중)
  
C:\Users\보경\source\repos\firstfit\tspthread.h(1,1): warning C4828: 파일에 0x29c 오프셋에서 시작하는 문자가 포함되어 있습니다. 이 문자는 현재 원본 문자 집합에서 잘못된 문자입니다(코드 페이지 65001).
  (소스 파일 'mainwindow.cpp'을(를) 컴파일하는 중)
  
C:\Users\보경\source\repos\firstfit\tspthread.h(1,1): warning C4828: 파일에 0x29d 오프셋에서 시작하는 문자가 포함되어 있습니다. 이 문자는 현재 원본 문자 집합에서 잘못된 문자입니다(코드 페이지 65001).
  (소스 파일 'mainwindow.cpp'을(를) 컴파일하는 중)
  
C:\Users\보경\source\repos\firstfit\tspthread.h(1,1): warning C4828: 파일에 0x2aa 오프셋에서 시작하는 문자가 포함되어 있습니다. 이 문자는 현재 원본 문자 집합에서 잘못된 문자입니다(코드 페이지 65001).
  (소스 파일 'mainwindow.cpp'을(를) 컴파일하는 중)
  
C:\Users\보경\source\repos\firstfit\tspthread.h(1,1): warning C4828: 파일에 0x2ab 오프셋에서 시작하는 문자가 포함되어 있습니다. 이 문자는 현재 원본 문자 집합에서 잘못된 문자입니다(코드 페이지 65001).
  (소스 파일 'mainwindow.cpp'을(를) 컴파일하는 중)
  
C:\Users\보경\source\repos\firstfit\tspthread.h(1,1): warning C4828: 파일에 0x2ae 오프셋에서 시작하는 문자가 포함되어 있습니다. 이 문자는 현재 원본 문자 집합에서 잘못된 문자입니다(코드 페이지 65001).
  (소스 파일 'mainwindow.cpp'을(를) 컴파일하는 중)
  
C:\Users\보경\source\repos\firstfit\tspthread.h(1,1): warning C4828: 파일에 0x2af 오프셋에서 시작하는 문자가 포함되어 있습니다. 이 문자는 현재 원본 문자 집합에서 잘못된 문자입니다(코드 페이지 65001).
  (소스 파일 'mainwindow.cpp'을(를) 컴파일하는 중)
  
C:\Users\보경\source\repos\firstfit\tspthread.h(1,1): warning C4828: 파일에 0x2b1 오프셋에서 시작하는 문자가 포함되어 있습니다. 이 문자는 현재 원본 문자 집합에서 잘못된 문자입니다(코드 페이지 65001).
  (소스 파일 'mainwindow.cpp'을(를) 컴파일하는 중)
  
C:\Users\보경\source\repos\firstfit\tspthread.h(1,1): warning C4828: 파일에 0x2b2 오프셋에서 시작하는 문자가 포함되어 있습니다. 이 문자는 현재 원본 문자 집합에서 잘못된 문자입니다(코드 페이지 65001).
  (소스 파일 'mainwindow.cpp'을(를) 컴파일하는 중)
  
C:\Users\보경\source\repos\firstfit\tspthread.h(1,1): warning C4828: 파일에 0x2ce 오프셋에서 시작하는 문자가 포함되어 있습니다. 이 문자는 현재 원본 문자 집합에서 잘못된 문자입니다(코드 페이지 65001).
  (소스 파일 'mainwindow.cpp'을(를) 컴파일하는 중)
  
C:\Users\보경\source\repos\firstfit\tspthread.h(1,1): warning C4828: 파일에 0x2cf 오프셋에서 시작하는 문자가 포함되어 있습니다. 이 문자는 현재 원본 문자 집합에서 잘못된 문자입니다(코드 페이지 65001).
  (소스 파일 'mainwindow.cpp'을(를) 컴파일하는 중)
  
C:\Users\보경\source\repos\firstfit\tspthread.h(1,1): warning C4828: 파일에 0x2d5 오프셋에서 시작하는 문자가 포함되어 있습니다. 이 문자는 현재 원본 문자 집합에서 잘못된 문자입니다(코드 페이지 65001).
  (소스 파일 'mainwindow.cpp'을(를) 컴파일하는 중)
  
C:\Users\보경\source\repos\firstfit\tspthread.h(1,1): warning C4828: 파일에 0x2d7 오프셋에서 시작하는 문자가 포함되어 있습니다. 이 문자는 현재 원본 문자 집합에서 잘못된 문자입니다(코드 페이지 65001).
  (소스 파일 'mainwindow.cpp'을(를) 컴파일하는 중)
  
C:\Users\보경\source\repos\firstfit\tspthread.h(1,1): warning C4828: 파일에 0x2d8 오프셋에서 시작하는 문자가 포함되어 있습니다. 이 문자는 현재 원본 문자 집합에서 잘못된 문자입니다(코드 페이지 65001).
  (소스 파일 'mainwindow.cpp'을(를) 컴파일하는 중)
  
C:\Users\보경\source\repos\firstfit\tspthread.h(1,1): warning C4828: 파일에 0x2da 오프셋에서 시작하는 문자가 포함되어 있습니다. 이 문자는 현재 원본 문자 집합에서 잘못된 문자입니다(코드 페이지 65001).
  (소스 파일 'mainwindow.cpp'을(를) 컴파일하는 중)
  
C:\Users\보경\source\repos\firstfit\tspthread.h(1,1): warning C4828: 파일에 0x2db 오프셋에서 시작하는 문자가 포함되어 있습니다. 이 문자는 현재 원본 문자 집합에서 잘못된 문자입니다(코드 페이지 65001).
  (소스 파일 'mainwindow.cpp'을(를) 컴파일하는 중)
  
C:\Users\보경\source\repos\firstfit\tspthread.h(1,1): warning C4828: 파일에 0x2dc 오프셋에서 시작하는 문자가 포함되어 있습니다. 이 문자는 현재 원본 문자 집합에서 잘못된 문자입니다(코드 페이지 65001).
  (소스 파일 'mainwindow.cpp'을(를) 컴파일하는 중)
  
C:\Users\보경\source\repos\firstfit\tspthread.h(1,1): warning C4828: 파일에 0x2df 오프셋에서 시작하는 문자가 포함되어 있습니다. 이 문자는 현재 원본 문자 집합에서 잘못된 문자입니다(코드 페이지 65001).
  (소스 파일 'mainwindow.cpp'을(를) 컴파일하는 중)
  
C:\Users\보경\source\repos\firstfit\tspthread.h(1,1): warning C4828: 파일에 0x2e0 오프셋에서 시작하는 문자가 포함되어 있습니다. 이 문자는 현재 원본 문자 집합에서 잘못된 문자입니다(코드 페이지 65001).
  (소스 파일 'mainwindow.cpp'을(를) 컴파일하는 중)
  
C:\Users\보경\source\repos\firstfit\tspthread.h(1,1): warning C4828: 파일에 0x293 오프셋에서 시작하는 문자가 포함되어 있습니다. 이 문자는 현재 원본 문자 집합에서 잘못된 문자입니다(코드 페이지 65001).
  (소스 파일 'main.cpp'을(를) 컴파일하는 중)
  
C:\Users\보경\source\repos\firstfit\tspthread.h(1,1): warning C4828: 파일에 0x294 오프셋에서 시작하는 문자가 포함되어 있습니다. 이 문자는 현재 원본 문자 집합에서 잘못된 문자입니다(코드 페이지 65001).
  (소스 파일 'main.cpp'을(를) 컴파일하는 중)
  
C:\Users\보경\source\repos\firstfit\tspthread.h(1,1): warning C4828: 파일에 0x29a 오프셋에서 시작하는 문자가 포함되어 있습니다. 이 문자는 현재 원본 문자 집합에서 잘못된 문자입니다(코드 페이지 65001).
  (소스 파일 'main.cpp'을(를) 컴파일하는 중)
  
C:\Users\보경\source\repos\firstfit\tspthread.h(1,1): warning C4828: 파일에 0x29c 오프셋에서 시작하는 문자가 포함되어 있습니다. 이 문자는 현재 원본 문자 집합에서 잘못된 문자입니다(코드 페이지 65001).
  (소스 파일 'main.cpp'을(를) 컴파일하는 중)
  
C:\Users\보경\source\repos\firstfit\tspthread.h(1,1): warning C4828: 파일에 0x29d 오프셋에서 시작하는 문자가 포함되어 있습니다. 이 문자는 현재 원본 문자 집합에서 잘못된 문자입니다(코드 페이지 65001).
  (소스 파일 'main.cpp'을(를) 컴파일하는 중)
  
C:\Users\보경\source\repos\firstfit\tspthread.h(1,1): warning C4828: 파일에 0x2aa 오프셋에서 시작하는 문자가 포함되어 있습니다. 이 문자는 현재 원본 문자 집합에서 잘못된 문자입니다(코드 페이지 65001).
  (소스 파일 'main.cpp'을(를) 컴파일하는 중)
  
C:\Users\보경\source\repos\firstfit\tspthread.h(1,1): warning C4828: 파일에 0x2ab 오프셋에서 시작하는 문자가 포함되어 있습니다. 이 문자는 현재 원본 문자 집합에서 잘못된 문자입니다(코드 페이지 65001).
  (소스 파일 'main.cpp'을(를) 컴파일하는 중)
  
C:\Users\보경\source\repos\firstfit\tspthread.h(1,1): warning C4828: 파일에 0x2ae 오프셋에서 시작하는 문자가 포함되어 있습니다. 이 문자는 현재 원본 문자 집합에서 잘못된 문자입니다(코드 페이지 65001).
  (소스 파일 'main.cpp'을(를) 컴파일하는 중)
  
C:\Users\보경\source\repos\firstfit\tspthread.h(1,1): warning C4828: 파일에 0x2af 오프셋에서 시작하는 문자가 포함되어 있습니다. 이 문자는 현재 원본 문자 집합에서 잘못된 문자입니다(코드 페이지 65001).
  (소스 파일 'main.cpp'을(를) 컴파일하는 중)
  
C:\Users\보경\source\repos\firstfit\tspthread.h(1,1): warning C4828: 파일에 0x2b1 오프셋에서 시작하는 문자가 포함되어 있습니다. 이 문자는 현재 원본 문자 집합에서 잘못된 문자입니다(코드 페이지 65001).
  (소스 파일 'main.cpp'을(를) 컴파일하는 중)
  
C:\Users\보경\source\repos\firstfit\tspthread.h(1,1): warning C4828: 파일에 0x2b2 오프셋에서 시작하는 문자가 포함되어 있습니다. 이 문자는 현재 원본 문자 집합에서 잘못된 문자입니다(코드 페이지 65001).
  (소스 파일 'main.cpp'을(를) 컴파일하는 중)
  
C:\Users\보경\source\repos\firstfit\tspthread.h(1,1): warning C4828: 파일에 0x2ce 오프셋에서 시작하는 문자가 포함되어 있습니다. 이 문자는 현재 원본 문자 집합에서 잘못된 문자입니다(코드 페이지 65001).
  (소스 파일 'main.cpp'을(를) 컴파일하는 중)
  
C:\Users\보경\source\repos\firstfit\tspthread.h(1,1): warning C4828: 파일에 0x2cf 오프셋에서 시작하는 문자가 포함되어 있습니다. 이 문자는 현재 원본 문자 집합에서 잘못된 문자입니다(코드 페이지 65001).
  (소스 파일 'main.cpp'을(를) 컴파일하는 중)
  
C:\Users\보경\source\repos\firstfit\tspthread.h(1,1): warning C4828: 파일에 0x2d5 오프셋에서 시작하는 문자가 포함되어 있습니다. 이 문자는 현재 원본 문자 집합에서 잘못된 문자입니다(코드 페이지 65001).
  (소스 파일 'main.cpp'을(를) 컴파일하는 중)
  
C:\Users\보경\source\repos\firstfit\tspthread.h(1,1): warning C4828: 파일에 0x2d7 오프셋에서 시작하는 문자가 포함되어 있습니다. 이 문자는 현재 원본 문자 집합에서 잘못된 문자입니다(코드 페이지 65001).
  (소스 파일 'main.cpp'을(를) 컴파일하는 중)
  
C:\Users\보경\source\repos\firstfit\tspthread.h(1,1): warning C4828: 파일에 0x2d8 오프셋에서 시작하는 문자가 포함되어 있습니다. 이 문자는 현재 원본 문자 집합에서 잘못된 문자입니다(코드 페이지 65001).
  (소스 파일 'main.cpp'을(를) 컴파일하는 중)
  
C:\Users\보경\source\repos\firstfit\tspthread.h(1,1): warning C4828: 파일에 0x2da 오프셋에서 시작하는 문자가 포함되어 있습니다. 이 문자는 현재 원본 문자 집합에서 잘못된 문자입니다(코드 페이지 65001).
  (소스 파일 'main.cpp'을(를) 컴파일하는 중)
  
C:\Users\보경\source\repos\firstfit\tspthread.h(1,1): warning C4828: 파일에 0x2db 오프셋에서 시작하는 문자가 포함되어 있습니다. 이 문자는 현재 원본 문자 집합에서 잘못된 문자입니다(코드 페이지 65001).
  (소스 파일 'main.cpp'을(를) 컴파일하는 중)
  
C:\Users\보경\source\repos\firstfit\tspthread.h(1,1): warning C4828: 파일에 0x2dc 오프셋에서 시작하는 문자가 포함되어 있습니다. 이 문자는 현재 원본 문자 집합에서 잘못된 문자입니다(코드 페이지 65001).
  (소스 파일 'main.cpp'을(를) 컴파일하는 중)
  
C:\Users\보경\source\repos\firstfit\tspthread.h(1,1): warning C4828: 파일에 0x2df 오프셋에서 시작하는 문자가 포함되어 있습니다. 이 문자는 현재 원본 문자 집합에서 잘못된 문자입니다(코드 페이지 65001).
  (소스 파일 'main.cpp'을(를) 컴파일하는 중)
  
C:\Users\보경\source\repos\firstfit\tspthread.h(1,1): warning C4828: 파일에 0x2e0 오프셋에서 시작하는 문자가 포함되어 있습니다. 이 문자는 현재 원본 문자 집합에서 잘못된 문자입니다(코드 페이지 65001).
  (소스 파일 'main.cpp'을(를) 컴파일하는 중)
  
  qrc_TSP_project.cpp
  moc_TSP_project.cpp
  moc_tspthread.cpp
  moc_mainwindow.cpp
C:\Users\보경\source\repos\firstfit\tspthread.h(1,1): warning C4828: 파일에 0x293 오프셋에서 시작하는 문자가 포함되어 있습니다. 이 문자는 현재 원본 문자 집합에서 잘못된 문자입니다(코드 페이지 65001).
  (소스 파일 'TSP_project/x64/Release/qt/moc/moc_tspthread.cpp'을(를) 컴파일하는 중)
  
C:\Users\보경\source\repos\firstfit\mainwindow.h(1,1): warning C4828: 파일에 0x48a 오프셋에서 시작하는 문자가 포함되어 있습니다. 이 문자는 현재 원본 문자 집합에서 잘못된 문자입니다(코드 페이지 65001).
  (소스 파일 'TSP_project/x64/Release/qt/moc/moc_mainwindow.cpp'을(를) 컴파일하는 중)
  
C:\Users\보경\source\repos\firstfit\mainwindow.h(1,1): warning C4828: 파일에 0x48b 오프셋에서 시작하는 문자가 포함되어 있습니다. 이 문자는 현재 원본 문자 집합에서 잘못된 문자입니다(코드 페이지 65001).
  (소스 파일 'TSP_project/x64/Release/qt/moc/moc_mainwindow.cpp'을(를) 컴파일하는 중)
  
C:\Users\보경\source\repos\firstfit\tspthread.h(1,1): warning C4828: 파일에 0x294 오프셋에서 시작하는 문자가 포함되어 있습니다. 이 문자는 현재 원본 문자 집합에서 잘못된 문자입니다(코드 페이지 65001).
  (소스 파일 'TSP_project/x64/Release/qt/moc/moc_tspthread.cpp'을(를) 컴파일하는 중)
  
C:\Users\보경\source\repos\firstfit\mainwindow.h(1,1): warning C4828: 파일에 0x491 오프셋에서 시작하는 문자가 포함되어 있습니다. 이 문자는 현재 원본 문자 집합에서 잘못된 문자입니다(코드 페이지 65001).
  (소스 파일 'TSP_project/x64/Release/qt/moc/moc_mainwindow.cpp'을(를) 컴파일하는 중)
  
C:\Users\보경\source\repos\firstfit\tspthread.h(1,1): warning C4828: 파일에 0x29a 오프셋에서 시작하는 문자가 포함되어 있습니다. 이 문자는 현재 원본 문자 집합에서 잘못된 문자입니다(코드 페이지 65001).
  (소스 파일 'TSP_project/x64/Release/qt/moc/moc_tspthread.cpp'을(를) 컴파일하는 중)
  
C:\Users\보경\source\repos\firstfit\mainwindow.h(1,1): warning C4828: 파일에 0x493 오프셋에서 시작하는 문자가 포함되어 있습니다. 이 문자는 현재 원본 문자 집합에서 잘못된 문자입니다(코드 페이지 65001).
  (소스 파일 'TSP_project/x64/Release/qt/moc/moc_mainwindow.cpp'을(를) 컴파일하는 중)
  
C:\Users\보경\source\repos\firstfit\tspthread.h(1,1): warning C4828: 파일에 0x29c 오프셋에서 시작하는 문자가 포함되어 있습니다. 이 문자는 현재 원본 문자 집합에서 잘못된 문자입니다(코드 페이지 65001).
  (소스 파일 'TSP_project/x64/Release/qt/moc/moc_tspthread.cpp'을(를) 컴파일하는 중)
  
C:\Users\보경\source\repos\firstfit\mainwindow.h(1,1): warning C4828: 파일에 0x494 오프셋에서 시작하는 문자가 포함되어 있습니다. 이 문자는 현재 원본 문자 집합에서 잘못된 문자입니다(코드 페이지 65001).
  (소스 파일 'TSP_project/x64/Release/qt/moc/moc_mainwindow.cpp'을(를) 컴파일하는 중)
  
C:\Users\보경\source\repos\firstfit\tspthread.h(1,1): warning C4828: 파일에 0x29d 오프셋에서 시작하는 문자가 포함되어 있습니다. 이 문자는 현재 원본 문자 집합에서 잘못된 문자입니다(코드 페이지 65001).
  (소스 파일 'TSP_project/x64/Release/qt/moc/moc_tspthread.cpp'을(를) 컴파일하는 중)
  
C:\Users\보경\source\repos\firstfit\mainwindow.h(1,1): warning C4828: 파일에 0x4a1 오프셋에서 시작하는 문자가 포함되어 있습니다. 이 문자는 현재 원본 문자 집합에서 잘못된 문자입니다(코드 페이지 65001).
  (소스 파일 'TSP_project/x64/Release/qt/moc/moc_mainwindow.cpp'을(를) 컴파일하는 중)
  
C:\Users\보경\source\repos\firstfit\tspthread.h(1,1): warning C4828: 파일에 0x2aa 오프셋에서 시작하는 문자가 포함되어 있습니다. 이 문자는 현재 원본 문자 집합에서 잘못된 문자입니다(코드 페이지 65001).
  (소스 파일 'TSP_project/x64/Release/qt/moc/moc_tspthread.cpp'을(를) 컴파일하는 중)
  
C:\Users\보경\source\repos\firstfit\mainwindow.h(1,1): warning C4828: 파일에 0x4a2 오프셋에서 시작하는 문자가 포함되어 있습니다. 이 문자는 현재 원본 문자 집합에서 잘못된 문자입니다(코드 페이지 65001).
  (소스 파일 'TSP_project/x64/Release/qt/moc/moc_mainwindow.cpp'을(를) 컴파일하는 중)
  
C:\Users\보경\source\repos\firstfit\tspthread.h(1,1): warning C4828: 파일에 0x2ab 오프셋에서 시작하는 문자가 포함되어 있습니다. 이 문자는 현재 원본 문자 집합에서 잘못된 문자입니다(코드 페이지 65001).
  (소스 파일 'TSP_project/x64/Release/qt/moc/moc_tspthread.cpp'을(를) 컴파일하는 중)
  
C:\Users\보경\source\repos\firstfit\mainwindow.h(1,1): warning C4828: 파일에 0x4a5 오프셋에서 시작하는 문자가 포함되어 있습니다. 이 문자는 현재 원본 문자 집합에서 잘못된 문자입니다(코드 페이지 65001).
  (소스 파일 'TSP_project/x64/Release/qt/moc/moc_mainwindow.cpp'을(를) 컴파일하는 중)
  
C:\Users\보경\source\repos\firstfit\tspthread.h(1,1): warning C4828: 파일에 0x2ae 오프셋에서 시작하는 문자가 포함되어 있습니다. 이 문자는 현재 원본 문자 집합에서 잘못된 문자입니다(코드 페이지 65001).
  (소스 파일 'TSP_project/x64/Release/qt/moc/moc_tspthread.cpp'을(를) 컴파일하는 중)
  
C:\Users\보경\source\repos\firstfit\mainwindow.h(1,1): warning C4828: 파일에 0x4a6 오프셋에서 시작하는 문자가 포함되어 있습니다. 이 문자는 현재 원본 문자 집합에서 잘못된 문자입니다(코드 페이지 65001).
  (소스 파일 'TSP_project/x64/Release/qt/moc/moc_mainwindow.cpp'을(를) 컴파일하는 중)
  
C:\Users\보경\source\repos\firstfit\tspthread.h(1,1): warning C4828: 파일에 0x2af 오프셋에서 시작하는 문자가 포함되어 있습니다. 이 문자는 현재 원본 문자 집합에서 잘못된 문자입니다(코드 페이지 65001).
  (소스 파일 'TSP_project/x64/Release/qt/moc/moc_tspthread.cpp'을(를) 컴파일하는 중)
  
C:\Users\보경\source\repos\firstfit\mainwindow.h(1,1): warning C4828: 파일에 0x4a8 오프셋에서 시작하는 문자가 포함되어 있습니다. 이 문자는 현재 원본 문자 집합에서 잘못된 문자입니다(코드 페이지 65001).
  (소스 파일 'TSP_project/x64/Release/qt/moc/moc_mainwindow.cpp'을(를) 컴파일하는 중)
  
C:\Users\보경\source\repos\firstfit\tspthread.h(1,1): warning C4828: 파일에 0x2b1 오프셋에서 시작하는 문자가 포함되어 있습니다. 이 문자는 현재 원본 문자 집합에서 잘못된 문자입니다(코드 페이지 65001).
  (소스 파일 'TSP_project/x64/Release/qt/moc/moc_tspthread.cpp'을(를) 컴파일하는 중)
  
C:\Users\보경\source\repos\firstfit\mainwindow.h(1,1): warning C4828: 파일에 0x4a9 오프셋에서 시작하는 문자가 포함되어 있습니다. 이 문자는 현재 원본 문자 집합에서 잘못된 문자입니다(코드 페이지 65001).
  (소스 파일 'TSP_project/x64/Release/qt/moc/moc_mainwindow.cpp'을(를) 컴파일하는 중)
  
C:\Users\보경\source\repos\firstfit\tspthread.h(1,1): warning C4828: 파일에 0x2b2 오프셋에서 시작하는 문자가 포함되어 있습니다. 이 문자는 현재 원본 문자 집합에서 잘못된 문자입니다(코드 페이지 65001).
  (소스 파일 'TSP_project/x64/Release/qt/moc/moc_tspthread.cpp'을(를) 컴파일하는 중)
  
C:\Users\보경\source\repos\firstfit\tspthread.h(1,1): warning C4828: 파일에 0x2ce 오프셋에서 시작하는 문자가 포함되어 있습니다. 이 문자는 현재 원본 문자 집합에서 잘못된 문자입니다(코드 페이지 65001).
  (소스 파일 'TSP_project/x64/Release/qt/moc/moc_tspthread.cpp'을(를) 컴파일하는 중)
  
C:\Users\보경\source\repos\firstfit\tspthread.h(1,1): warning C4828: 파일에 0x2cf 오프셋에서 시작하는 문자가 포함되어 있습니다. 이 문자는 현재 원본 문자 집합에서 잘못된 문자입니다(코드 페이지 65001).
  (소스 파일 'TSP_project/x64/Release/qt/moc/moc_tspthread.cpp'을(를) 컴파일하는 중)
  
C:\Users\보경\source\repos\firstfit\tspthread.h(1,1): warning C4828: 파일에 0x2d5 오프셋에서 시작하는 문자가 포함되어 있습니다. 이 문자는 현재 원본 문자 집합에서 잘못된 문자입니다(코드 페이지 65001).
  (소스 파일 'TSP_project/x64/Release/qt/moc/moc_tspthread.cpp'을(를) 컴파일하는 중)
  
C:\Users\보경\source\repos\firstfit\tspthread.h(1,1): warning C4828: 파일에 0x2d7 오프셋에서 시작하는 문자가 포함되어 있습니다. 이 문자는 현재 원본 문자 집합에서 잘못된 문자입니다(코드 페이지 65001).
  (소스 파일 'TSP_project/x64/Release/qt/moc/moc_tspthread.cpp'을(를) 컴파일하는 중)
  
C:\Users\보경\source\repos\firstfit\tspthread.h(1,1): warning C4828: 파일에 0x2d8 오프셋에서 시작하는 문자가 포함되어 있습니다. 이 문자는 현재 원본 문자 집합에서 잘못된 문자입니다(코드 페이지 65001).
  (소스 파일 'TSP_project/x64/Release/qt/moc/moc_tspthread.cpp'을(를) 컴파일하는 중)
  
C:\Users\보경\source\repos\firstfit\tspthread.h(1,1): warning C4828: 파일에 0x2da 오프셋에서 시작하는 문자가 포함되어 있습니다. 이 문자는 현재 원본 문자 집합에서 잘못된 문자입니다(코드 페이지 65001).
  (소스 파일 'TSP_project/x64/Release/qt/moc/moc_tspthread.cpp'을(를) 컴파일하는 중)
  
C:\Users\보경\source\repos\firstfit\tspthread.h(1,1): warning C4828: 파일에 0x2db 오프셋에서 시작하는 문자가 포함되어 있습니다. 이 문자는 현재 원본 문자 집합에서 잘못된 문자입니다(코드 페이지 65001).
  (소스 파일 'TSP_project/x64/Release/qt/moc/moc_tspthread.cpp'을(를) 컴파일하는 중)
  
C:\Users\보경\source\repos\firstfit\tspthread.h(1,1): warning C4828: 파일에 0x2dc 오프셋에서 시작하는 문자가 포함되어 있습니다. 이 문자는 현재 원본 문자 집합에서 잘못된 문자입니다(코드 페이지 65001).
  (소스 파일 'TSP_project/x64/Release/qt/moc/moc_tspthread.cpp'을(를) 컴파일하는 중)
  
C:\Users\보경\source\repos\firstfit\tspthread.h(1,1): warning C4828: 파일에 0x2df 오프셋에서 시작하는 문자가 포함되어 있습니다. 이 문자는 현재 원본 문자 집합에서 잘못된 문자입니다(코드 페이지 65001).
  (소스 파일 'TSP_project/x64/Release/qt/moc/moc_tspthread.cpp'을(를) 컴파일하는 중)
  
C:\Users\보경\source\repos\firstfit\tspthread.h(1,1): warning C4828: 파일에 0x2e0 오프셋에서 시작하는 문자가 포함되어 있습니다. 이 문자는 현재 원본 문자 집합에서 잘못된 문자입니다(코드 페이지 65001).
  (소스 파일 'TSP_project/x64/Release/qt/moc/moc_tspthread.cpp'을(를) 컴파일하는 중)
  
C:\Users\보경\source\repos\firstfit\tspthread.h(1,1): warning C4828: 파일에 0x293 오프셋에서 시작하는 문자가 포함되어 있습니다. 이 문자는 현재 원본 문자 집합에서 잘못된 문자입니다(코드 페이지 65001).
  (소스 파일 'TSP_project/x64/Release/qt/moc/moc_mainwindow.cpp'을(를) 컴파일하는 중)
  
C:\Users\보경\source\repos\firstfit\tspthread.h(1,1): warning C4828: 파일에 0x294 오프셋에서 시작하는 문자가 포함되어 있습니다. 이 문자는 현재 원본 문자 집합에서 잘못된 문자입니다(코드 페이지 65001).
  (소스 파일 'TSP_project/x64/Release/qt/moc/moc_mainwindow.cpp'을(를) 컴파일하는 중)
  
C:\Users\보경\source\repos\firstfit\tspthread.h(1,1): warning C4828: 파일에 0x29a 오프셋에서 시작하는 문자가 포함되어 있습니다. 이 문자는 현재 원본 문자 집합에서 잘못된 문자입니다(코드 페이지 65001).
  (소스 파일 'TSP_project/x64/Release/qt/moc/moc_mainwindow.cpp'을(를) 컴파일하는 중)
  
C:\Users\보경\source\repos\firstfit\tspthread.h(1,1): warning C4828: 파일에 0x29c 오프셋에서 시작하는 문자가 포함되어 있습니다. 이 문자는 현재 원본 문자 집합에서 잘못된 문자입니다(코드 페이지 65001).
  (소스 파일 'TSP_project/x64/Release/qt/moc/moc_mainwindow.cpp'을(를) 컴파일하는 중)
  
C:\Users\보경\source\repos\firstfit\tspthread.h(1,1): warning C4828: 파일에 0x29d 오프셋에서 시작하는 문자가 포함되어 있습니다. 이 문자는 현재 원본 문자 집합에서 잘못된 문자입니다(코드 페이지 65001).
  (소스 파일 'TSP_project/x64/Release/qt/moc/moc_mainwindow.cpp'을(를) 컴파일하는 중)
  
C:\Users\보경\source\repos\firstfit\tspthread.h(1,1): warning C4828: 파일에 0x2aa 오프셋에서 시작하는 문자가 포함되어 있습니다. 이 문자는 현재 원본 문자 집합에서 잘못된 문자입니다(코드 페이지 65001).
  (소스 파일 'TSP_project/x64/Release/qt/moc/moc_mainwindow.cpp'을(를) 컴파일하는 중)
  
C:\Users\보경\source\repos\firstfit\tspthread.h(1,1): warning C4828: 파일에 0x2ab 오프셋에서 시작하는 문자가 포함되어 있습니다. 이 문자는 현재 원본 문자 집합에서 잘못된 문자입니다(코드 페이지 65001).
  (소스 파일 'TSP_project/x64/Release/qt/moc/moc_mainwindow.cpp'을(를) 컴파일하는 중)
  
C:\Users\보경\source\repos\firstfit\tspthread.h(1,1): warning C4828: 파일에 0x2ae 오프셋에서 시작하는 문자가 포함되어 있습니다. 이 문자는 현재 원본 문자 집합에서 잘못된 문자입니다(코드 페이지 65001).
  (소스 파일 'TSP_project/x64/Release/qt/moc/moc_mainwindow.cpp'을(를) 컴파일하는 중)
  
C:\Users\보경\source\repos\firstfit\tspthread.h(1,1): warning C4828: 파일에 0x2af 오프셋에서 시작하는 문자가 포함되어 있습니다. 이 문자는 현재 원본 문자 집합에서 잘못된 문자입니다(코드 페이지 65001).
  (소스 파일 'TSP_project/x64/Release/qt/moc/moc_mainwindow.cpp'을(를) 컴파일하는 중)
  
C:\Users\보경\source\repos\firstfit\tspthread.h(1,1): warning C4828: 파일에 0x2b1 오프셋에서 시작하는 문자가 포함되어 있습니다. 이 문자는 현재 원본 문자 집합에서 잘못된 문자입니다(코드 페이지 65001).
  (소스 파일 'TSP_project/x64/Release/qt/moc/moc_mainwindow.cpp'을(를) 컴파일하는 중)
  
C:\Users\보경\source\repos\firstfit\tspthread.h(1,1): warning C4828: 파일에 0x2b2 오프셋에서 시작하는 문자가 포함되어 있습니다. 이 문자는 현재 원본 문자 집합에서 잘못된 문자입니다(코드 페이지 65001).
  (소스 파일 'TSP_project/x64/Release/qt/moc/moc_mainwindow.cpp'을(를) 컴파일하는 중)
  
C:\Users\보경\source\repos\firstfit\tspthread.h(1,1): warning C4828: 파일에 0x2ce 오프셋에서 시작하는 문자가 포함되어 있습니다. 이 문자는 현재 원본 문자 집합에서 잘못된 문자입니다(코드 페이지 65001).
  (소스 파일 'TSP_project/x64/Release/qt/moc/moc_mainwindow.cpp'을(를) 컴파일하는 중)
  
C:\Users\보경\source\repos\firstfit\tspthread.h(1,1): warning C4828: 파일에 0x2cf 오프셋에서 시작하는 문자가 포함되어 있습니다. 이 문자는 현재 원본 문자 집합에서 잘못된 문자입니다(코드 페이지 65001).
  (소스 파일 'TSP_project/x64/Release/qt/moc/moc_mainwindow.cpp'을(를) 컴파일하는 중)
  
C:\Users\보경\source\repos\firstfit\tspthread.h(1,1): warning C4828: 파일에 0x2d5 오프셋에서 시작하는 문자가 포함되어 있습니다. 이 문자는 현재 원본 문자 집합에서 잘못된 문자입니다(코드 페이지 65001).
  (소스 파일 'TSP_project/x64/Release/qt/moc/moc_mainwindow.cpp'을(를) 컴파일하는 중)
  
C:\Users\보경\source\repos\firstfit\tspthread.h(1,1): warning C4828: 파일에 0x2d7 오프셋에서 시작하는 문자가 포함되어 있습니다. 이 문자는 현재 원본 문자 집합에서 잘못된 문자입니다(코드 페이지 65001).
  (소스 파일 'TSP_project/x64/Release/qt/moc/moc_mainwindow.cpp'을(를) 컴파일하는 중)
  
C:\Users\보경\source\repos\firstfit\tspthread.h(1,1): warning C4828: 파일에 0x2d8 오프셋에서 시작하는 문자가 포함되어 있습니다. 이 문자는 현재 원본 문자 집합에서 잘못된 문자입니다(코드 페이지 65001).
  (소스 파일 'TSP_project/x64/Release/qt/moc/moc_mainwindow.cpp'을(를) 컴파일하는 중)
  
C:\Users\보경\source\repos\firstfit\tspthread.h(1,1): warning C4828: 파일에 0x2da 오프셋에서 시작하는 문자가 포함되어 있습니다. 이 문자는 현재 원본 문자 집합에서 잘못된 문자입니다(코드 페이지 65001).
  (소스 파일 'TSP_project/x64/Release/qt/moc/moc_mainwindow.cpp'을(를) 컴파일하는 중)
  
C:\Users\보경\source\repos\firstfit\tspthread.h(1,1): warning C4828: 파일에 0x2db 오프셋에서 시작하는 문자가 포함되어 있습니다. 이 문자는 현재 원본 문자 집합에서 잘못된 문자입니다(코드 페이지 65001).
  (소스 파일 'TSP_project/x64/Release/qt/moc/moc_mainwindow.cpp'을(를) 컴파일하는 중)
  
C:\Users\보경\source\repos\firstfit\tspthread.h(1,1): warning C4828: 파일에 0x2dc 오프셋에서 시작하는 문자가 포함되어 있습니다. 이 문자는 현재 원본 문자 집합에서 잘못된 문자입니다(코드 페이지 65001).
  (소스 파일 'TSP_project/x64/Release/qt/moc/moc_mainwindow.cpp'을(를) 컴파일하는 중)
  
C:\Users\보경\source\repos\firstfit\tspthread.h(1,1): warning C4828: 파일에 0x2df 오프셋에서 시작하는 문자가 포함되어 있습니다. 이 문자는 현재 원본 문자 집합에서 잘못된 문자입니다(코드 페이지 65001).
  (소스 파일 'TSP_project/x64/Release/qt/moc/moc_mainwindow.cpp'을(를) 컴파일하는 중)
  
C:\Users\보경\source\repos\firstfit\tspthread.h(1,1): warning C4828: 파일에 0x2e0 오프셋에서 시작하는 문자가 포함되어 있습니다. 이 문자는 현재 원본 문자 집합에서 잘못된 문자입니다(코드 페이지 65001).
  (소스 파일 'TSP_project/x64/Release/qt/moc/moc_mainwindow.cpp'을(를) 컴파일하는 중)
  
  코드를 생성하고 있습니다.
  Previous IPDB not found, fall back to full compilation.
  All 332 functions were compiled because no usable IPDB/IOBJ from previous compilation was found.
  코드를 생성했습니다.
  firstfit.vcxproj -> C:\Users\보경\source\repos\firstfit\x64\Release\TSP_project.exe
