c:\users\보경\source\repos\firstfit\tsp_project\x64\release\vc143.pdb
c:\users\보경\source\repos\firstfit\tsp_project\x64\release\qrc_tsp_project.obj
c:\users\보경\source\repos\firstfit\tsp_project\x64\release\tsp_project.obj
c:\users\보경\source\repos\firstfit\tsp_project\x64\release\mainwindow.obj
c:\users\보경\source\repos\firstfit\tsp_project\x64\release\tsp.obj
c:\users\보경\source\repos\firstfit\tsp_project\x64\release\tspthread.obj
c:\users\보경\source\repos\firstfit\tsp_project\x64\release\utility.obj
c:\users\보경\source\repos\firstfit\tsp_project\x64\release\main.obj
c:\users\보경\source\repos\firstfit\tsp_project\x64\release\moc_tsp_project.obj
c:\users\보경\source\repos\firstfit\tsp_project\x64\release\moc_mainwindow.obj
c:\users\보경\source\repos\firstfit\tsp_project\x64\release\moc_tspthread.obj
c:\users\보경\source\repos\firstfit\x64\release\tsp_project.exe
c:\users\보경\source\repos\firstfit\tsp_project\x64\release\qt\moc\moc_tsp_project.cpp
c:\users\보경\source\repos\firstfit\tsp_project\x64\release\qt\moc\moc_tspthread.cpp
c:\users\보경\source\repos\firstfit\tsp_project\x64\release\qt\moc\moc_mainwindow.cpp
c:\users\보경\source\repos\firstfit\tsp_project\x64\release\qt\rcc\qrc_tsp_project.cpp
c:\users\보경\source\repos\firstfit\tsp_project\x64\release\qt\uic\ui_tsp_project.h
c:\users\보경\source\repos\firstfit\tsp_project\x64\release\tsp_project.ipdb
c:\users\보경\source\repos\firstfit\tsp_project\x64\release\tsp_project.iobj
c:\users\보경\source\repos\firstfit\tsp_project\x64\release\tsp_project.tlog\cl.command.1.tlog
c:\users\보경\source\repos\firstfit\tsp_project\x64\release\tsp_project.tlog\cl.items.tlog
c:\users\보경\source\repos\firstfit\tsp_project\x64\release\tsp_project.tlog\cl.read.1.tlog
c:\users\보경\source\repos\firstfit\tsp_project\x64\release\tsp_project.tlog\cl.write.1.tlog
c:\users\보경\source\repos\firstfit\tsp_project\x64\release\tsp_project.tlog\link.command.1.tlog
c:\users\보경\source\repos\firstfit\tsp_project\x64\release\tsp_project.tlog\link.read.1.tlog
c:\users\보경\source\repos\firstfit\tsp_project\x64\release\tsp_project.tlog\link.secondary.1.tlog
c:\users\보경\source\repos\firstfit\tsp_project\x64\release\tsp_project.tlog\link.write.1.tlog
c:\users\보경\source\repos\firstfit\tsp_project\x64\release\tsp_project.tlog\moc.read.1u.tlog
c:\users\보경\source\repos\firstfit\tsp_project\x64\release\tsp_project.tlog\moc.write.1u.tlog
c:\users\보경\source\repos\firstfit\tsp_project\x64\release\tsp_project.tlog\rcc.read.1u.tlog
c:\users\보경\source\repos\firstfit\tsp_project\x64\release\tsp_project.tlog\rcc.write.1u.tlog
c:\users\보경\source\repos\firstfit\tsp_project\x64\release\tsp_project.tlog\tsp_project.write.1u.tlog
c:\users\보경\source\repos\firstfit\tsp_project\x64\release\tsp_project.tlog\uic.read.1u.tlog
c:\users\보경\source\repos\firstfit\tsp_project\x64\release\tsp_project.tlog\uic.write.1u.tlog
