  Reading Qt configuration (C:/Qt/6.7.3/msvc2019_64/bin/qmake)
  uic firstfit.ui
  rcc firstfit.qrc
  moc firstfit.h
  moc mainwindow.h
   RCC: Warning: No resources in 'C:\Users\보경\source\repos\firstfit\firstfit.qrc'.
  mainwindow.cpp
  merge_sort.cpp
  sub.cpp
  utility.cpp
  bst.cpp
  firstfit.cpp
  heap.cpp
  main.cpp
C:\Users\보경\source\repos\firstfit\utility.cpp(1,1): warning C4828: 파일에 0x46 오프셋에서 시작하는 문자가 포함되어 있습니다. 이 문자는 현재 원본 문자 집합에서 잘못된 문자입니다(코드 페이지 65001).
C:\Users\보경\source\repos\firstfit\merge_sort.cpp(1,1): warning C4828: 파일에 0x381 오프셋에서 시작하는 문자가 포함되어 있습니다. 이 문자는 현재 원본 문자 집합에서 잘못된 문자입니다(코드 페이지 65001).
C:\Users\보경\source\repos\firstfit\utility.cpp(1,1): warning C4828: 파일에 0x47 오프셋에서 시작하는 문자가 포함되어 있습니다. 이 문자는 현재 원본 문자 집합에서 잘못된 문자입니다(코드 페이지 65001).
C:\Users\보경\source\repos\firstfit\merge_sort.cpp(1,1): warning C4828: 파일에 0x383 오프셋에서 시작하는 문자가 포함되어 있습니다. 이 문자는 현재 원본 문자 집합에서 잘못된 문자입니다(코드 페이지 65001).
C:\Users\보경\source\repos\firstfit\utility.cpp(1,1): warning C4828: 파일에 0x48 오프셋에서 시작하는 문자가 포함되어 있습니다. 이 문자는 현재 원본 문자 집합에서 잘못된 문자입니다(코드 페이지 65001).
C:\Users\보경\source\repos\firstfit\merge_sort.cpp(1,1): warning C4828: 파일에 0x384 오프셋에서 시작하는 문자가 포함되어 있습니다. 이 문자는 현재 원본 문자 집합에서 잘못된 문자입니다(코드 페이지 65001).
C:\Users\보경\source\repos\firstfit\merge_sort.cpp(1,1): warning C4828: 파일에 0x392 오프셋에서 시작하는 문자가 포함되어 있습니다. 이 문자는 현재 원본 문자 집합에서 잘못된 문자입니다(코드 페이지 65001).
C:\Users\보경\source\repos\firstfit\utility.cpp(1,1): warning C4828: 파일에 0x4a 오프셋에서 시작하는 문자가 포함되어 있습니다. 이 문자는 현재 원본 문자 집합에서 잘못된 문자입니다(코드 페이지 65001).
C:\Users\보경\source\repos\firstfit\merge_sort.cpp(1,1): warning C4828: 파일에 0x394 오프셋에서 시작하는 문자가 포함되어 있습니다. 이 문자는 현재 원본 문자 집합에서 잘못된 문자입니다(코드 페이지 65001).
C:\Users\보경\source\repos\firstfit\merge_sort.cpp(1,1): warning C4828: 파일에 0x395 오프셋에서 시작하는 문자가 포함되어 있습니다. 이 문자는 현재 원본 문자 집합에서 잘못된 문자입니다(코드 페이지 65001).
C:\Users\보경\source\repos\firstfit\utility.cpp(1,1): warning C4828: 파일에 0x4b 오프셋에서 시작하는 문자가 포함되어 있습니다. 이 문자는 현재 원본 문자 집합에서 잘못된 문자입니다(코드 페이지 65001).
C:\Users\보경\source\repos\firstfit\merge_sort.cpp(1,1): warning C4828: 파일에 0x397 오프셋에서 시작하는 문자가 포함되어 있습니다. 이 문자는 현재 원본 문자 집합에서 잘못된 문자입니다(코드 페이지 65001).
C:\Users\보경\source\repos\firstfit\utility.cpp(1,1): warning C4828: 파일에 0x4c 오프셋에서 시작하는 문자가 포함되어 있습니다. 이 문자는 현재 원본 문자 집합에서 잘못된 문자입니다(코드 페이지 65001).
C:\Users\보경\source\repos\firstfit\merge_sort.cpp(1,1): warning C4828: 파일에 0x652 오프셋에서 시작하는 문자가 포함되어 있습니다. 이 문자는 현재 원본 문자 집합에서 잘못된 문자입니다(코드 페이지 65001).
C:\Users\보경\source\repos\firstfit\utility.cpp(1,1): warning C4828: 파일에 0x4d 오프셋에서 시작하는 문자가 포함되어 있습니다. 이 문자는 현재 원본 문자 집합에서 잘못된 문자입니다(코드 페이지 65001).
C:\Users\보경\source\repos\firstfit\merge_sort.cpp(1,1): warning C4828: 파일에 0x654 오프셋에서 시작하는 문자가 포함되어 있습니다. 이 문자는 현재 원본 문자 집합에서 잘못된 문자입니다(코드 페이지 65001).
C:\Users\보경\source\repos\firstfit\merge_sort.cpp(1,1): warning C4828: 파일에 0x655 오프셋에서 시작하는 문자가 포함되어 있습니다. 이 문자는 현재 원본 문자 집합에서 잘못된 문자입니다(코드 페이지 65001).
C:\Users\보경\source\repos\firstfit\utility.cpp(1,1): warning C4828: 파일에 0x4f 오프셋에서 시작하는 문자가 포함되어 있습니다. 이 문자는 현재 원본 문자 집합에서 잘못된 문자입니다(코드 페이지 65001).
C:\Users\보경\source\repos\firstfit\merge_sort.cpp(1,1): warning C4828: 파일에 0x663 오프셋에서 시작하는 문자가 포함되어 있습니다. 이 문자는 현재 원본 문자 집합에서 잘못된 문자입니다(코드 페이지 65001).
C:\Users\보경\source\repos\firstfit\utility.cpp(1,1): warning C4828: 파일에 0x50 오프셋에서 시작하는 문자가 포함되어 있습니다. 이 문자는 현재 원본 문자 집합에서 잘못된 문자입니다(코드 페이지 65001).
C:\Users\보경\source\repos\firstfit\merge_sort.cpp(1,1): warning C4828: 파일에 0x665 오프셋에서 시작하는 문자가 포함되어 있습니다. 이 문자는 현재 원본 문자 집합에서 잘못된 문자입니다(코드 페이지 65001).
C:\Users\보경\source\repos\firstfit\merge_sort.cpp(1,1): warning C4828: 파일에 0x666 오프셋에서 시작하는 문자가 포함되어 있습니다. 이 문자는 현재 원본 문자 집합에서 잘못된 문자입니다(코드 페이지 65001).
C:\Users\보경\source\repos\firstfit\merge_sort.cpp(1,1): warning C4828: 파일에 0x668 오프셋에서 시작하는 문자가 포함되어 있습니다. 이 문자는 현재 원본 문자 집합에서 잘못된 문자입니다(코드 페이지 65001).
C:\Users\보경\source\repos\firstfit\utility.cpp(1,1): warning C4828: 파일에 0x54 오프셋에서 시작하는 문자가 포함되어 있습니다. 이 문자는 현재 원본 문자 집합에서 잘못된 문자입니다(코드 페이지 65001).
C:\Users\보경\source\repos\firstfit\utility.cpp(1,1): warning C4828: 파일에 0x55 오프셋에서 시작하는 문자가 포함되어 있습니다. 이 문자는 현재 원본 문자 집합에서 잘못된 문자입니다(코드 페이지 65001).
C:\Users\보경\source\repos\firstfit\utility.cpp(1,1): warning C4828: 파일에 0x56 오프셋에서 시작하는 문자가 포함되어 있습니다. 이 문자는 현재 원본 문자 집합에서 잘못된 문자입니다(코드 페이지 65001).
C:\Users\보경\source\repos\firstfit\utility.cpp(1,1): warning C4828: 파일에 0x57 오프셋에서 시작하는 문자가 포함되어 있습니다. 이 문자는 현재 원본 문자 집합에서 잘못된 문자입니다(코드 페이지 65001).
C:\Users\보경\source\repos\firstfit\utility.cpp(1,1): warning C4828: 파일에 0x204 오프셋에서 시작하는 문자가 포함되어 있습니다. 이 문자는 현재 원본 문자 집합에서 잘못된 문자입니다(코드 페이지 65001).
C:\Users\보경\source\repos\firstfit\utility.cpp(1,1): warning C4828: 파일에 0x206 오프셋에서 시작하는 문자가 포함되어 있습니다. 이 문자는 현재 원본 문자 집합에서 잘못된 문자입니다(코드 페이지 65001).
C:\Users\보경\source\repos\firstfit\utility.cpp(1,1): warning C4828: 파일에 0x207 오프셋에서 시작하는 문자가 포함되어 있습니다. 이 문자는 현재 원본 문자 집합에서 잘못된 문자입니다(코드 페이지 65001).
C:\Users\보경\source\repos\firstfit\utility.cpp(1,1): warning C4828: 파일에 0x215 오프셋에서 시작하는 문자가 포함되어 있습니다. 이 문자는 현재 원본 문자 집합에서 잘못된 문자입니다(코드 페이지 65001).
C:\Users\보경\source\repos\firstfit\utility.cpp(1,1): warning C4828: 파일에 0x217 오프셋에서 시작하는 문자가 포함되어 있습니다. 이 문자는 현재 원본 문자 집합에서 잘못된 문자입니다(코드 페이지 65001).
C:\Users\보경\source\repos\firstfit\utility.cpp(1,1): warning C4828: 파일에 0x218 오프셋에서 시작하는 문자가 포함되어 있습니다. 이 문자는 현재 원본 문자 집합에서 잘못된 문자입니다(코드 페이지 65001).
C:\Users\보경\source\repos\firstfit\utility.cpp(1,1): warning C4828: 파일에 0x21a 오프셋에서 시작하는 문자가 포함되어 있습니다. 이 문자는 현재 원본 문자 집합에서 잘못된 문자입니다(코드 페이지 65001).
C:\Users\보경\source\repos\firstfit\utility.cpp(1,1): warning C4828: 파일에 0x23d 오프셋에서 시작하는 문자가 포함되어 있습니다. 이 문자는 현재 원본 문자 집합에서 잘못된 문자입니다(코드 페이지 65001).
C:\Users\보경\source\repos\firstfit\utility.cpp(1,1): warning C4828: 파일에 0x23e 오프셋에서 시작하는 문자가 포함되어 있습니다. 이 문자는 현재 원본 문자 집합에서 잘못된 문자입니다(코드 페이지 65001).
C:\Users\보경\source\repos\firstfit\utility.cpp(1,1): warning C4828: 파일에 0x240 오프셋에서 시작하는 문자가 포함되어 있습니다. 이 문자는 현재 원본 문자 집합에서 잘못된 문자입니다(코드 페이지 65001).
C:\Users\보경\source\repos\firstfit\utility.cpp(1,1): warning C4828: 파일에 0x242 오프셋에서 시작하는 문자가 포함되어 있습니다. 이 문자는 현재 원본 문자 집합에서 잘못된 문자입니다(코드 페이지 65001).
C:\Users\보경\source\repos\firstfit\utility.cpp(1,1): warning C4828: 파일에 0x243 오프셋에서 시작하는 문자가 포함되어 있습니다. 이 문자는 현재 원본 문자 집합에서 잘못된 문자입니다(코드 페이지 65001).
C:\Users\보경\source\repos\firstfit\utility.cpp(1,1): warning C4828: 파일에 0x244 오프셋에서 시작하는 문자가 포함되어 있습니다. 이 문자는 현재 원본 문자 집합에서 잘못된 문자입니다(코드 페이지 65001).
C:\Users\보경\source\repos\firstfit\utility.cpp(1,1): warning C4828: 파일에 0x245 오프셋에서 시작하는 문자가 포함되어 있습니다. 이 문자는 현재 원본 문자 집합에서 잘못된 문자입니다(코드 페이지 65001).
C:\Users\보경\source\repos\firstfit\utility.cpp(1,1): warning C4828: 파일에 0x247 오프셋에서 시작하는 문자가 포함되어 있습니다. 이 문자는 현재 원본 문자 집합에서 잘못된 문자입니다(코드 페이지 65001).
C:\Users\보경\source\repos\firstfit\utility.cpp(1,1): warning C4828: 파일에 0x248 오프셋에서 시작하는 문자가 포함되어 있습니다. 이 문자는 현재 원본 문자 집합에서 잘못된 문자입니다(코드 페이지 65001).
C:\Users\보경\source\repos\firstfit\utility.cpp(1,1): warning C4828: 파일에 0x24a 오프셋에서 시작하는 문자가 포함되어 있습니다. 이 문자는 현재 원본 문자 집합에서 잘못된 문자입니다(코드 페이지 65001).
C:\Users\보경\source\repos\firstfit\utility.cpp(1,1): warning C4828: 파일에 0x24c 오프셋에서 시작하는 문자가 포함되어 있습니다. 이 문자는 현재 원본 문자 집합에서 잘못된 문자입니다(코드 페이지 65001).
C:\Users\보경\source\repos\firstfit\utility.cpp(1,1): warning C4828: 파일에 0x24d 오프셋에서 시작하는 문자가 포함되어 있습니다. 이 문자는 현재 원본 문자 집합에서 잘못된 문자입니다(코드 페이지 65001).
C:\Users\보경\source\repos\firstfit\utility.cpp(1,1): warning C4828: 파일에 0x24e 오프셋에서 시작하는 문자가 포함되어 있습니다. 이 문자는 현재 원본 문자 집합에서 잘못된 문자입니다(코드 페이지 65001).
C:\Users\보경\source\repos\firstfit\utility.cpp(1,1): warning C4828: 파일에 0x24f 오프셋에서 시작하는 문자가 포함되어 있습니다. 이 문자는 현재 원본 문자 집합에서 잘못된 문자입니다(코드 페이지 65001).
C:\Users\보경\source\repos\firstfit\utility.cpp(1,1): warning C4828: 파일에 0x251 오프셋에서 시작하는 문자가 포함되어 있습니다. 이 문자는 현재 원본 문자 집합에서 잘못된 문자입니다(코드 페이지 65001).
C:\Users\보경\source\repos\firstfit\utility.cpp(1,1): warning C4828: 파일에 0x253 오프셋에서 시작하는 문자가 포함되어 있습니다. 이 문자는 현재 원본 문자 집합에서 잘못된 문자입니다(코드 페이지 65001).
C:\Users\보경\source\repos\firstfit\utility.cpp(1,1): warning C4828: 파일에 0x256 오프셋에서 시작하는 문자가 포함되어 있습니다. 이 문자는 현재 원본 문자 집합에서 잘못된 문자입니다(코드 페이지 65001).
C:\Users\보경\source\repos\firstfit\utility.cpp(1,1): warning C4828: 파일에 0x257 오프셋에서 시작하는 문자가 포함되어 있습니다. 이 문자는 현재 원본 문자 집합에서 잘못된 문자입니다(코드 페이지 65001).
C:\Users\보경\source\repos\firstfit\utility.cpp(1,1): warning C4828: 파일에 0x258 오프셋에서 시작하는 문자가 포함되어 있습니다. 이 문자는 현재 원본 문자 집합에서 잘못된 문자입니다(코드 페이지 65001).
C:\Users\보경\source\repos\firstfit\utility.cpp(1,1): warning C4828: 파일에 0x2b6 오프셋에서 시작하는 문자가 포함되어 있습니다. 이 문자는 현재 원본 문자 집합에서 잘못된 문자입니다(코드 페이지 65001).
C:\Users\보경\source\repos\firstfit\utility.cpp(1,1): warning C4828: 파일에 0x2b7 오프셋에서 시작하는 문자가 포함되어 있습니다. 이 문자는 현재 원본 문자 집합에서 잘못된 문자입니다(코드 페이지 65001).
C:\Users\보경\source\repos\firstfit\utility.cpp(1,1): warning C4828: 파일에 0x2b9 오프셋에서 시작하는 문자가 포함되어 있습니다. 이 문자는 현재 원본 문자 집합에서 잘못된 문자입니다(코드 페이지 65001).
C:\Users\보경\source\repos\firstfit\utility.cpp(1,1): warning C4828: 파일에 0x2bb 오프셋에서 시작하는 문자가 포함되어 있습니다. 이 문자는 현재 원본 문자 집합에서 잘못된 문자입니다(코드 페이지 65001).
C:\Users\보경\source\repos\firstfit\utility.cpp(1,1): warning C4828: 파일에 0x2bc 오프셋에서 시작하는 문자가 포함되어 있습니다. 이 문자는 현재 원본 문자 집합에서 잘못된 문자입니다(코드 페이지 65001).
C:\Users\보경\source\repos\firstfit\utility.cpp(1,1): warning C4828: 파일에 0x2c0 오프셋에서 시작하는 문자가 포함되어 있습니다. 이 문자는 현재 원본 문자 집합에서 잘못된 문자입니다(코드 페이지 65001).
C:\Users\보경\source\repos\firstfit\utility.cpp(1,1): warning C4828: 파일에 0x2c1 오프셋에서 시작하는 문자가 포함되어 있습니다. 이 문자는 현재 원본 문자 집합에서 잘못된 문자입니다(코드 페이지 65001).
C:\Users\보경\source\repos\firstfit\utility.cpp(1,1): warning C4828: 파일에 0x2c2 오프셋에서 시작하는 문자가 포함되어 있습니다. 이 문자는 현재 원본 문자 집합에서 잘못된 문자입니다(코드 페이지 65001).
C:\Users\보경\source\repos\firstfit\utility.cpp(1,1): warning C4828: 파일에 0x2c5 오프셋에서 시작하는 문자가 포함되어 있습니다. 이 문자는 현재 원본 문자 집합에서 잘못된 문자입니다(코드 페이지 65001).
C:\Users\보경\source\repos\firstfit\utility.cpp(1,1): warning C4828: 파일에 0x31a 오프셋에서 시작하는 문자가 포함되어 있습니다. 이 문자는 현재 원본 문자 집합에서 잘못된 문자입니다(코드 페이지 65001).
C:\Users\보경\source\repos\firstfit\utility.cpp(1,1): warning C4828: 파일에 0x31b 오프셋에서 시작하는 문자가 포함되어 있습니다. 이 문자는 현재 원본 문자 집합에서 잘못된 문자입니다(코드 페이지 65001).
C:\Users\보경\source\repos\firstfit\utility.cpp(1,1): warning C4828: 파일에 0x31d 오프셋에서 시작하는 문자가 포함되어 있습니다. 이 문자는 현재 원본 문자 집합에서 잘못된 문자입니다(코드 페이지 65001).
C:\Users\보경\source\repos\firstfit\utility.cpp(1,1): warning C4828: 파일에 0x31f 오프셋에서 시작하는 문자가 포함되어 있습니다. 이 문자는 현재 원본 문자 집합에서 잘못된 문자입니다(코드 페이지 65001).
C:\Users\보경\source\repos\firstfit\utility.cpp(1,1): warning C4828: 파일에 0x320 오프셋에서 시작하는 문자가 포함되어 있습니다. 이 문자는 현재 원본 문자 집합에서 잘못된 문자입니다(코드 페이지 65001).
C:\Users\보경\source\repos\firstfit\utility.cpp(1,1): warning C4828: 파일에 0x324 오프셋에서 시작하는 문자가 포함되어 있습니다. 이 문자는 현재 원본 문자 집합에서 잘못된 문자입니다(코드 페이지 65001).
C:\Users\보경\source\repos\firstfit\utility.cpp(1,1): warning C4828: 파일에 0x325 오프셋에서 시작하는 문자가 포함되어 있습니다. 이 문자는 현재 원본 문자 집합에서 잘못된 문자입니다(코드 페이지 65001).
C:\Users\보경\source\repos\firstfit\utility.cpp(1,1): warning C4828: 파일에 0x326 오프셋에서 시작하는 문자가 포함되어 있습니다. 이 문자는 현재 원본 문자 집합에서 잘못된 문자입니다(코드 페이지 65001).
C:\Users\보경\source\repos\firstfit\utility.cpp(1,1): warning C4828: 파일에 0x329 오프셋에서 시작하는 문자가 포함되어 있습니다. 이 문자는 현재 원본 문자 집합에서 잘못된 문자입니다(코드 페이지 65001).
C:\Users\보경\source\repos\firstfit\utility.cpp(1,1): warning C4828: 파일에 0x686 오프셋에서 시작하는 문자가 포함되어 있습니다. 이 문자는 현재 원본 문자 집합에서 잘못된 문자입니다(코드 페이지 65001).
C:\Users\보경\source\repos\firstfit\utility.cpp(1,1): warning C4828: 파일에 0x687 오프셋에서 시작하는 문자가 포함되어 있습니다. 이 문자는 현재 원본 문자 집합에서 잘못된 문자입니다(코드 페이지 65001).
C:\Users\보경\source\repos\firstfit\utility.cpp(1,1): warning C4828: 파일에 0x689 오프셋에서 시작하는 문자가 포함되어 있습니다. 이 문자는 현재 원본 문자 집합에서 잘못된 문자입니다(코드 페이지 65001).
C:\Users\보경\source\repos\firstfit\utility.cpp(1,1): warning C4828: 파일에 0x68b 오프셋에서 시작하는 문자가 포함되어 있습니다. 이 문자는 현재 원본 문자 집합에서 잘못된 문자입니다(코드 페이지 65001).
C:\Users\보경\source\repos\firstfit\utility.cpp(1,1): warning C4828: 파일에 0x68c 오프셋에서 시작하는 문자가 포함되어 있습니다. 이 문자는 현재 원본 문자 집합에서 잘못된 문자입니다(코드 페이지 65001).
C:\Users\보경\source\repos\firstfit\utility.cpp(1,1): warning C4828: 파일에 0x690 오프셋에서 시작하는 문자가 포함되어 있습니다. 이 문자는 현재 원본 문자 집합에서 잘못된 문자입니다(코드 페이지 65001).
C:\Users\보경\source\repos\firstfit\utility.cpp(1,1): warning C4828: 파일에 0x691 오프셋에서 시작하는 문자가 포함되어 있습니다. 이 문자는 현재 원본 문자 집합에서 잘못된 문자입니다(코드 페이지 65001).
C:\Users\보경\source\repos\firstfit\utility.cpp(1,1): warning C4828: 파일에 0x692 오프셋에서 시작하는 문자가 포함되어 있습니다. 이 문자는 현재 원본 문자 집합에서 잘못된 문자입니다(코드 페이지 65001).
C:\Users\보경\source\repos\firstfit\utility.cpp(1,1): warning C4828: 파일에 0x695 오프셋에서 시작하는 문자가 포함되어 있습니다. 이 문자는 현재 원본 문자 집합에서 잘못된 문자입니다(코드 페이지 65001).
C:\Users\보경\source\repos\firstfit\utility.cpp(1,1): warning C4828: 파일에 0x701 오프셋에서 시작하는 문자가 포함되어 있습니다. 이 문자는 현재 원본 문자 집합에서 잘못된 문자입니다(코드 페이지 65001).
C:\Users\보경\source\repos\firstfit\utility.cpp(1,1): warning C4828: 파일에 0x704 오프셋에서 시작하는 문자가 포함되어 있습니다. 이 문자는 현재 원본 문자 집합에서 잘못된 문자입니다(코드 페이지 65001).
C:\Users\보경\source\repos\firstfit\utility.cpp(1,1): warning C4828: 파일에 0x706 오프셋에서 시작하는 문자가 포함되어 있습니다. 이 문자는 현재 원본 문자 집합에서 잘못된 문자입니다(코드 페이지 65001).
C:\Users\보경\source\repos\firstfit\utility.cpp(1,1): warning C4828: 파일에 0x707 오프셋에서 시작하는 문자가 포함되어 있습니다. 이 문자는 현재 원본 문자 집합에서 잘못된 문자입니다(코드 페이지 65001).
C:\Users\보경\source\repos\firstfit\utility.cpp(1,1): warning C4828: 파일에 0x70b 오프셋에서 시작하는 문자가 포함되어 있습니다. 이 문자는 현재 원본 문자 집합에서 잘못된 문자입니다(코드 페이지 65001).
C:\Users\보경\source\repos\firstfit\utility.cpp(1,1): warning C4828: 파일에 0x70c 오프셋에서 시작하는 문자가 포함되어 있습니다. 이 문자는 현재 원본 문자 집합에서 잘못된 문자입니다(코드 페이지 65001).
C:\Users\보경\source\repos\firstfit\utility.cpp(1,1): warning C4828: 파일에 0x70d 오프셋에서 시작하는 문자가 포함되어 있습니다. 이 문자는 현재 원본 문자 집합에서 잘못된 문자입니다(코드 페이지 65001).
C:\Users\보경\source\repos\firstfit\utility.cpp(1,1): warning C4828: 파일에 0x710 오프셋에서 시작하는 문자가 포함되어 있습니다. 이 문자는 현재 원본 문자 집합에서 잘못된 문자입니다(코드 페이지 65001).
  qrc_firstfit.cpp
  moc_firstfit.cpp
  moc_mainwindow.cpp
  코드를 생성하고 있습니다.
  Previous IPDB not found, fall back to full compilation.
  All 231 functions were compiled because no usable IPDB/IOBJ from previous compilation was found.
  코드를 생성했습니다.
  firstfit.vcxproj -> C:\Users\보경\source\repos\firstfit\x64\Release\firstfit.exe
