c:\users\보경\source\repos\worstfit\worstfit\x64\release\vc143.pdb
c:\users\보경\source\repos\worstfit\worstfit\x64\release\qrc_worstfit.obj
c:\users\보경\source\repos\worstfit\worstfit\x64\release\main.obj
c:\users\보경\source\repos\worstfit\worstfit\x64\release\utility.obj
c:\users\보경\source\repos\worstfit\worstfit\x64\release\bst.obj
c:\users\보경\source\repos\worstfit\worstfit\x64\release\merge_sort.obj
c:\users\보경\source\repos\worstfit\worstfit\x64\release\sub.obj
c:\users\보경\source\repos\worstfit\worstfit\x64\release\mainwindow.obj
c:\users\보경\source\repos\worstfit\worstfit\x64\release\worstfit.obj
c:\users\보경\source\repos\worstfit\worstfit\x64\release\heap.obj
c:\users\보경\source\repos\worstfit\worstfit\x64\release\moc_worstfit.obj
c:\users\보경\source\repos\worstfit\worstfit\x64\release\moc_mainwindow.obj
c:\users\보경\source\repos\worstfit\x64\release\worstfit.exe
c:\users\보경\source\repos\worstfit\worstfit\x64\release\moc\moc_worstfit.cpp
c:\users\보경\source\repos\worstfit\worstfit\x64\release\moc\moc_mainwindow.cpp
c:\users\보경\source\repos\worstfit\worstfit\x64\release\rcc\qrc_worstfit.cpp
c:\users\보경\source\repos\worstfit\worstfit\x64\release\uic\ui_worstfit.h
c:\users\보경\source\repos\worstfit\worstfit\x64\release\worstfit.ipdb
c:\users\보경\source\repos\worstfit\worstfit\x64\release\worstfit.iobj
c:\users\보경\source\repos\worstfit\worstfit\x64\release\worstfit.tlog\cl.command.1.tlog
c:\users\보경\source\repos\worstfit\worstfit\x64\release\worstfit.tlog\cl.items.tlog
c:\users\보경\source\repos\worstfit\worstfit\x64\release\worstfit.tlog\cl.read.1.tlog
c:\users\보경\source\repos\worstfit\worstfit\x64\release\worstfit.tlog\cl.write.1.tlog
c:\users\보경\source\repos\worstfit\worstfit\x64\release\worstfit.tlog\link.command.1.tlog
c:\users\보경\source\repos\worstfit\worstfit\x64\release\worstfit.tlog\link.read.1.tlog
c:\users\보경\source\repos\worstfit\worstfit\x64\release\worstfit.tlog\link.secondary.1.tlog
c:\users\보경\source\repos\worstfit\worstfit\x64\release\worstfit.tlog\link.write.1.tlog
c:\users\보경\source\repos\worstfit\worstfit\x64\release\worstfit.tlog\moc.read.1u.tlog
c:\users\보경\source\repos\worstfit\worstfit\x64\release\worstfit.tlog\moc.write.1u.tlog
c:\users\보경\source\repos\worstfit\worstfit\x64\release\worstfit.tlog\rcc.read.1u.tlog
c:\users\보경\source\repos\worstfit\worstfit\x64\release\worstfit.tlog\rcc.write.1u.tlog
c:\users\보경\source\repos\worstfit\worstfit\x64\release\worstfit.tlog\uic.read.1u.tlog
c:\users\보경\source\repos\worstfit\worstfit\x64\release\worstfit.tlog\uic.write.1u.tlog
c:\users\보경\source\repos\worstfit\worstfit\x64\release\worstfit.tlog\worstfit.write.1u.tlog
