  Reading Qt configuration (C:/Qt/6.7.3/msvc2019_64/bin/qmake)
  uic bestfit.ui
  rcc bestfit.qrc
  moc bestfit.h
  moc mainwindow.h
   RCC: Warning: No resources in 'C:\Users\보경\source\repos\bestfit\bestfit.qrc'.
  mainwindow.cpp
  merge_sort.cpp
  sub.cpp
  utility.cpp
  bestfit.cpp
  bst.cpp
  heap.cpp
  main.cpp
C:\Users\보경\source\repos\bestfit\utility.cpp(1,1): warning C4828: 파일에 0x46 오프셋에서 시작하는 문자가 포함되어 있습니다. 이 문자는 현재 원본 문자 집합에서 잘못된 문자입니다(코드 페이지 65001).
C:\Users\보경\source\repos\bestfit\merge_sort.cpp(1,1): warning C4828: 파일에 0x53 오프셋에서 시작하는 문자가 포함되어 있습니다. 이 문자는 현재 원본 문자 집합에서 잘못된 문자입니다(코드 페이지 65001).
C:\Users\보경\source\repos\bestfit\bst.cpp(1,1): warning C4828: 파일에 0x3e 오프셋에서 시작하는 문자가 포함되어 있습니다. 이 문자는 현재 원본 문자 집합에서 잘못된 문자입니다(코드 페이지 65001).
C:\Users\보경\source\repos\bestfit\sub.cpp(1,1): warning C4828: 파일에 0x7d 오프셋에서 시작하는 문자가 포함되어 있습니다. 이 문자는 현재 원본 문자 집합에서 잘못된 문자입니다(코드 페이지 65001).
C:\Users\보경\source\repos\bestfit\utility.cpp(1,1): warning C4828: 파일에 0x47 오프셋에서 시작하는 문자가 포함되어 있습니다. 이 문자는 현재 원본 문자 집합에서 잘못된 문자입니다(코드 페이지 65001).
C:\Users\보경\source\repos\bestfit\merge_sort.cpp(1,1): warning C4828: 파일에 0x54 오프셋에서 시작하는 문자가 포함되어 있습니다. 이 문자는 현재 원본 문자 집합에서 잘못된 문자입니다(코드 페이지 65001).
C:\Users\보경\source\repos\bestfit\heap.cpp(1,1): warning C4828: 파일에 0x31 오프셋에서 시작하는 문자가 포함되어 있습니다. 이 문자는 현재 원본 문자 집합에서 잘못된 문자입니다(코드 페이지 65001).
C:\Users\보경\source\repos\bestfit\bst.cpp(1,1): warning C4828: 파일에 0x41 오프셋에서 시작하는 문자가 포함되어 있습니다. 이 문자는 현재 원본 문자 집합에서 잘못된 문자입니다(코드 페이지 65001).
C:\Users\보경\source\repos\bestfit\sub.cpp(1,1): warning C4828: 파일에 0x7e 오프셋에서 시작하는 문자가 포함되어 있습니다. 이 문자는 현재 원본 문자 집합에서 잘못된 문자입니다(코드 페이지 65001).
C:\Users\보경\source\repos\bestfit\merge_sort.cpp(1,1): warning C4828: 파일에 0x58 오프셋에서 시작하는 문자가 포함되어 있습니다. 이 문자는 현재 원본 문자 집합에서 잘못된 문자입니다(코드 페이지 65001).
C:\Users\보경\source\repos\bestfit\bst.cpp(1,1): warning C4828: 파일에 0x43 오프셋에서 시작하는 문자가 포함되어 있습니다. 이 문자는 현재 원본 문자 집합에서 잘못된 문자입니다(코드 페이지 65001).
C:\Users\보경\source\repos\bestfit\utility.cpp(1,1): warning C4828: 파일에 0x48 오프셋에서 시작하는 문자가 포함되어 있습니다. 이 문자는 현재 원본 문자 집합에서 잘못된 문자입니다(코드 페이지 65001).
C:\Users\보경\source\repos\bestfit\heap.cpp(1,1): warning C4828: 파일에 0x32 오프셋에서 시작하는 문자가 포함되어 있습니다. 이 문자는 현재 원본 문자 집합에서 잘못된 문자입니다(코드 페이지 65001).
C:\Users\보경\source\repos\bestfit\merge_sort.cpp(1,1): warning C4828: 파일에 0x5c 오프셋에서 시작하는 문자가 포함되어 있습니다. 이 문자는 현재 원본 문자 집합에서 잘못된 문자입니다(코드 페이지 65001).
C:\Users\보경\source\repos\bestfit\sub.cpp(1,1): warning C4828: 파일에 0x82 오프셋에서 시작하는 문자가 포함되어 있습니다. 이 문자는 현재 원본 문자 집합에서 잘못된 문자입니다(코드 페이지 65001).
C:\Users\보경\source\repos\bestfit\utility.cpp(1,1): warning C4828: 파일에 0x4a 오프셋에서 시작하는 문자가 포함되어 있습니다. 이 문자는 현재 원본 문자 집합에서 잘못된 문자입니다(코드 페이지 65001).
C:\Users\보경\source\repos\bestfit\bst.cpp(1,1): warning C4828: 파일에 0x44 오프셋에서 시작하는 문자가 포함되어 있습니다. 이 문자는 현재 원본 문자 집합에서 잘못된 문자입니다(코드 페이지 65001).
C:\Users\보경\source\repos\bestfit\merge_sort.cpp(1,1): warning C4828: 파일에 0x5d 오프셋에서 시작하는 문자가 포함되어 있습니다. 이 문자는 현재 원본 문자 집합에서 잘못된 문자입니다(코드 페이지 65001).
C:\Users\보경\source\repos\bestfit\heap.cpp(1,1): warning C4828: 파일에 0x36 오프셋에서 시작하는 문자가 포함되어 있습니다. 이 문자는 현재 원본 문자 집합에서 잘못된 문자입니다(코드 페이지 65001).
C:\Users\보경\source\repos\bestfit\utility.cpp(1,1): warning C4828: 파일에 0x4b 오프셋에서 시작하는 문자가 포함되어 있습니다. 이 문자는 현재 원본 문자 집합에서 잘못된 문자입니다(코드 페이지 65001).
C:\Users\보경\source\repos\bestfit\sub.cpp(1,1): warning C4828: 파일에 0x85 오프셋에서 시작하는 문자가 포함되어 있습니다. 이 문자는 현재 원본 문자 집합에서 잘못된 문자입니다(코드 페이지 65001).
C:\Users\보경\source\repos\bestfit\bst.cpp(1,1): warning C4828: 파일에 0x48 오프셋에서 시작하는 문자가 포함되어 있습니다. 이 문자는 현재 원본 문자 집합에서 잘못된 문자입니다(코드 페이지 65001).
C:\Users\보경\source\repos\bestfit\merge_sort.cpp(1,1): warning C4828: 파일에 0x5f 오프셋에서 시작하는 문자가 포함되어 있습니다. 이 문자는 현재 원본 문자 집합에서 잘못된 문자입니다(코드 페이지 65001).
C:\Users\보경\source\repos\bestfit\heap.cpp(1,1): warning C4828: 파일에 0x38 오프셋에서 시작하는 문자가 포함되어 있습니다. 이 문자는 현재 원본 문자 집합에서 잘못된 문자입니다(코드 페이지 65001).
C:\Users\보경\source\repos\bestfit\utility.cpp(1,1): warning C4828: 파일에 0x4c 오프셋에서 시작하는 문자가 포함되어 있습니다. 이 문자는 현재 원본 문자 집합에서 잘못된 문자입니다(코드 페이지 65001).
C:\Users\보경\source\repos\bestfit\bst.cpp(1,1): warning C4828: 파일에 0x49 오프셋에서 시작하는 문자가 포함되어 있습니다. 이 문자는 현재 원본 문자 집합에서 잘못된 문자입니다(코드 페이지 65001).
C:\Users\보경\source\repos\bestfit\sub.cpp(1,1): warning C4828: 파일에 0x89 오프셋에서 시작하는 문자가 포함되어 있습니다. 이 문자는 현재 원본 문자 집합에서 잘못된 문자입니다(코드 페이지 65001).
C:\Users\보경\source\repos\bestfit\merge_sort.cpp(1,1): warning C4828: 파일에 0x60 오프셋에서 시작하는 문자가 포함되어 있습니다. 이 문자는 현재 원본 문자 집합에서 잘못된 문자입니다(코드 페이지 65001).
C:\Users\보경\source\repos\bestfit\heap.cpp(1,1): warning C4828: 파일에 0x39 오프셋에서 시작하는 문자가 포함되어 있습니다. 이 문자는 현재 원본 문자 집합에서 잘못된 문자입니다(코드 페이지 65001).
C:\Users\보경\source\repos\bestfit\sub.cpp(1,1): warning C4828: 파일에 0x8b 오프셋에서 시작하는 문자가 포함되어 있습니다. 이 문자는 현재 원본 문자 집합에서 잘못된 문자입니다(코드 페이지 65001).
C:\Users\보경\source\repos\bestfit\utility.cpp(1,1): warning C4828: 파일에 0x4d 오프셋에서 시작하는 문자가 포함되어 있습니다. 이 문자는 현재 원본 문자 집합에서 잘못된 문자입니다(코드 페이지 65001).
C:\Users\보경\source\repos\bestfit\bst.cpp(1,1): warning C4828: 파일에 0x4b 오프셋에서 시작하는 문자가 포함되어 있습니다. 이 문자는 현재 원본 문자 집합에서 잘못된 문자입니다(코드 페이지 65001).
C:\Users\보경\source\repos\bestfit\merge_sort.cpp(1,1): warning C4828: 파일에 0x61 오프셋에서 시작하는 문자가 포함되어 있습니다. 이 문자는 현재 원본 문자 집합에서 잘못된 문자입니다(코드 페이지 65001).
C:\Users\보경\source\repos\bestfit\sub.cpp(1,1): warning C4828: 파일에 0x8c 오프셋에서 시작하는 문자가 포함되어 있습니다. 이 문자는 현재 원본 문자 집합에서 잘못된 문자입니다(코드 페이지 65001).
C:\Users\보경\source\repos\bestfit\heap.cpp(1,1): warning C4828: 파일에 0x3b 오프셋에서 시작하는 문자가 포함되어 있습니다. 이 문자는 현재 원본 문자 집합에서 잘못된 문자입니다(코드 페이지 65001).
C:\Users\보경\source\repos\bestfit\bst.cpp(1,1): warning C4828: 파일에 0x4f 오프셋에서 시작하는 문자가 포함되어 있습니다. 이 문자는 현재 원본 문자 집합에서 잘못된 문자입니다(코드 페이지 65001).
C:\Users\보경\source\repos\bestfit\utility.cpp(1,1): warning C4828: 파일에 0x4f 오프셋에서 시작하는 문자가 포함되어 있습니다. 이 문자는 현재 원본 문자 집합에서 잘못된 문자입니다(코드 페이지 65001).
C:\Users\보경\source\repos\bestfit\merge_sort.cpp(1,1): warning C4828: 파일에 0x64 오프셋에서 시작하는 문자가 포함되어 있습니다. 이 문자는 현재 원본 문자 집합에서 잘못된 문자입니다(코드 페이지 65001).
C:\Users\보경\source\repos\bestfit\heap.cpp(1,1): warning C4828: 파일에 0x3d 오프셋에서 시작하는 문자가 포함되어 있습니다. 이 문자는 현재 원본 문자 집합에서 잘못된 문자입니다(코드 페이지 65001).
C:\Users\보경\source\repos\bestfit\sub.cpp(1,1): warning C4828: 파일에 0x91 오프셋에서 시작하는 문자가 포함되어 있습니다. 이 문자는 현재 원본 문자 집합에서 잘못된 문자입니다(코드 페이지 65001).
C:\Users\보경\source\repos\bestfit\merge_sort.cpp(1,1): warning C4828: 파일에 0x65 오프셋에서 시작하는 문자가 포함되어 있습니다. 이 문자는 현재 원본 문자 집합에서 잘못된 문자입니다(코드 페이지 65001).
C:\Users\보경\source\repos\bestfit\utility.cpp(1,1): warning C4828: 파일에 0x50 오프셋에서 시작하는 문자가 포함되어 있습니다. 이 문자는 현재 원본 문자 집합에서 잘못된 문자입니다(코드 페이지 65001).
C:\Users\보경\source\repos\bestfit\bst.cpp(1,1): warning C4828: 파일에 0x50 오프셋에서 시작하는 문자가 포함되어 있습니다. 이 문자는 현재 원본 문자 집합에서 잘못된 문자입니다(코드 페이지 65001).
C:\Users\보경\source\repos\bestfit\sub.cpp(1,1): warning C4828: 파일에 0x135 오프셋에서 시작하는 문자가 포함되어 있습니다. 이 문자는 현재 원본 문자 집합에서 잘못된 문자입니다(코드 페이지 65001).
C:\Users\보경\source\repos\bestfit\merge_sort.cpp(1,1): warning C4828: 파일에 0x66 오프셋에서 시작하는 문자가 포함되어 있습니다. 이 문자는 현재 원본 문자 집합에서 잘못된 문자입니다(코드 페이지 65001).
C:\Users\보경\source\repos\bestfit\utility.cpp(1,1): warning C4828: 파일에 0x53 오프셋에서 시작하는 문자가 포함되어 있습니다. 이 문자는 현재 원본 문자 집합에서 잘못된 문자입니다(코드 페이지 65001).
C:\Users\보경\source\repos\bestfit\heap.cpp(1,1): warning C4828: 파일에 0x3e 오프셋에서 시작하는 문자가 포함되어 있습니다. 이 문자는 현재 원본 문자 집합에서 잘못된 문자입니다(코드 페이지 65001).
C:\Users\보경\source\repos\bestfit\bst.cpp(1,1): warning C4828: 파일에 0x54 오프셋에서 시작하는 문자가 포함되어 있습니다. 이 문자는 현재 원본 문자 집합에서 잘못된 문자입니다(코드 페이지 65001).
C:\Users\보경\source\repos\bestfit\sub.cpp(1,1): warning C4828: 파일에 0x137 오프셋에서 시작하는 문자가 포함되어 있습니다. 이 문자는 현재 원본 문자 집합에서 잘못된 문자입니다(코드 페이지 65001).
C:\Users\보경\source\repos\bestfit\merge_sort.cpp(1,1): warning C4828: 파일에 0x67 오프셋에서 시작하는 문자가 포함되어 있습니다. 이 문자는 현재 원본 문자 집합에서 잘못된 문자입니다(코드 페이지 65001).
C:\Users\보경\source\repos\bestfit\utility.cpp(1,1): warning C4828: 파일에 0x54 오프셋에서 시작하는 문자가 포함되어 있습니다. 이 문자는 현재 원본 문자 집합에서 잘못된 문자입니다(코드 페이지 65001).
C:\Users\보경\source\repos\bestfit\heap.cpp(1,1): warning C4828: 파일에 0x3f 오프셋에서 시작하는 문자가 포함되어 있습니다. 이 문자는 현재 원본 문자 집합에서 잘못된 문자입니다(코드 페이지 65001).
C:\Users\보경\source\repos\bestfit\bst.cpp(1,1): warning C4828: 파일에 0x55 오프셋에서 시작하는 문자가 포함되어 있습니다. 이 문자는 현재 원본 문자 집합에서 잘못된 문자입니다(코드 페이지 65001).
C:\Users\보경\source\repos\bestfit\merge_sort.cpp(1,1): warning C4828: 파일에 0x69 오프셋에서 시작하는 문자가 포함되어 있습니다. 이 문자는 현재 원본 문자 집합에서 잘못된 문자입니다(코드 페이지 65001).
C:\Users\보경\source\repos\bestfit\heap.cpp(1,1): warning C4828: 파일에 0x40 오프셋에서 시작하는 문자가 포함되어 있습니다. 이 문자는 현재 원본 문자 집합에서 잘못된 문자입니다(코드 페이지 65001).
C:\Users\보경\source\repos\bestfit\utility.cpp(1,1): warning C4828: 파일에 0x55 오프셋에서 시작하는 문자가 포함되어 있습니다. 이 문자는 현재 원본 문자 집합에서 잘못된 문자입니다(코드 페이지 65001).
C:\Users\보경\source\repos\bestfit\bst.cpp(1,1): warning C4828: 파일에 0x56 오프셋에서 시작하는 문자가 포함되어 있습니다. 이 문자는 현재 원본 문자 집합에서 잘못된 문자입니다(코드 페이지 65001).
C:\Users\보경\source\repos\bestfit\merge_sort.cpp(1,1): warning C4828: 파일에 0x6a 오프셋에서 시작하는 문자가 포함되어 있습니다. 이 문자는 현재 원본 문자 집합에서 잘못된 문자입니다(코드 페이지 65001).
C:\Users\보경\source\repos\bestfit\utility.cpp(1,1): warning C4828: 파일에 0x56 오프셋에서 시작하는 문자가 포함되어 있습니다. 이 문자는 현재 원본 문자 집합에서 잘못된 문자입니다(코드 페이지 65001).
C:\Users\보경\source\repos\bestfit\sub.cpp(1,1): warning C4828: 파일에 0x138 오프셋에서 시작하는 문자가 포함되어 있습니다. 이 문자는 현재 원본 문자 집합에서 잘못된 문자입니다(코드 페이지 65001).
C:\Users\보경\source\repos\bestfit\bst.cpp(1,1): warning C4828: 파일에 0x57 오프셋에서 시작하는 문자가 포함되어 있습니다. 이 문자는 현재 원본 문자 집합에서 잘못된 문자입니다(코드 페이지 65001).
C:\Users\보경\source\repos\bestfit\heap.cpp(1,1): warning C4828: 파일에 0xb7 오프셋에서 시작하는 문자가 포함되어 있습니다. 이 문자는 현재 원본 문자 집합에서 잘못된 문자입니다(코드 페이지 65001).
C:\Users\보경\source\repos\bestfit\merge_sort.cpp(1,1): warning C4828: 파일에 0x2d8 오프셋에서 시작하는 문자가 포함되어 있습니다. 이 문자는 현재 원본 문자 집합에서 잘못된 문자입니다(코드 페이지 65001).
C:\Users\보경\source\repos\bestfit\utility.cpp(1,1): warning C4828: 파일에 0x58 오프셋에서 시작하는 문자가 포함되어 있습니다. 이 문자는 현재 원본 문자 집합에서 잘못된 문자입니다(코드 페이지 65001).
C:\Users\보경\source\repos\bestfit\bst.cpp(1,1): warning C4828: 파일에 0x59 오프셋에서 시작하는 문자가 포함되어 있습니다. 이 문자는 현재 원본 문자 집합에서 잘못된 문자입니다(코드 페이지 65001).
C:\Users\보경\source\repos\bestfit\sub.cpp(1,1): warning C4828: 파일에 0x139 오프셋에서 시작하는 문자가 포함되어 있습니다. 이 문자는 현재 원본 문자 집합에서 잘못된 문자입니다(코드 페이지 65001).
C:\Users\보경\source\repos\bestfit\heap.cpp(1,1): warning C4828: 파일에 0xb9 오프셋에서 시작하는 문자가 포함되어 있습니다. 이 문자는 현재 원본 문자 집합에서 잘못된 문자입니다(코드 페이지 65001).
C:\Users\보경\source\repos\bestfit\merge_sort.cpp(1,1): warning C4828: 파일에 0x2d9 오프셋에서 시작하는 문자가 포함되어 있습니다. 이 문자는 현재 원본 문자 집합에서 잘못된 문자입니다(코드 페이지 65001).
C:\Users\보경\source\repos\bestfit\utility.cpp(1,1): warning C4828: 파일에 0x5a 오프셋에서 시작하는 문자가 포함되어 있습니다. 이 문자는 현재 원본 문자 집합에서 잘못된 문자입니다(코드 페이지 65001).
C:\Users\보경\source\repos\bestfit\bst.cpp(1,1): warning C4828: 파일에 0x5a 오프셋에서 시작하는 문자가 포함되어 있습니다. 이 문자는 현재 원본 문자 집합에서 잘못된 문자입니다(코드 페이지 65001).
C:\Users\보경\source\repos\bestfit\merge_sort.cpp(1,1): warning C4828: 파일에 0x2dc 오프셋에서 시작하는 문자가 포함되어 있습니다. 이 문자는 현재 원본 문자 집합에서 잘못된 문자입니다(코드 페이지 65001).
C:\Users\보경\source\repos\bestfit\utility.cpp(1,1): warning C4828: 파일에 0x5b 오프셋에서 시작하는 문자가 포함되어 있습니다. 이 문자는 현재 원본 문자 집합에서 잘못된 문자입니다(코드 페이지 65001).
C:\Users\보경\source\repos\bestfit\heap.cpp(1,1): warning C4828: 파일에 0xba 오프셋에서 시작하는 문자가 포함되어 있습니다. 이 문자는 현재 원본 문자 집합에서 잘못된 문자입니다(코드 페이지 65001).
C:\Users\보경\source\repos\bestfit\sub.cpp(1,1): warning C4828: 파일에 0x13a 오프셋에서 시작하는 문자가 포함되어 있습니다. 이 문자는 현재 원본 문자 집합에서 잘못된 문자입니다(코드 페이지 65001).
C:\Users\보경\source\repos\bestfit\utility.cpp(1,1): warning C4828: 파일에 0x5c 오프셋에서 시작하는 문자가 포함되어 있습니다. 이 문자는 현재 원본 문자 집합에서 잘못된 문자입니다(코드 페이지 65001).
C:\Users\보경\source\repos\bestfit\heap.cpp(1,1): warning C4828: 파일에 0xbc 오프셋에서 시작하는 문자가 포함되어 있습니다. 이 문자는 현재 원본 문자 집합에서 잘못된 문자입니다(코드 페이지 65001).
C:\Users\보경\source\repos\bestfit\bst.cpp(1,1): warning C4828: 파일에 0x5e 오프셋에서 시작하는 문자가 포함되어 있습니다. 이 문자는 현재 원본 문자 집합에서 잘못된 문자입니다(코드 페이지 65001).
C:\Users\보경\source\repos\bestfit\merge_sort.cpp(1,1): warning C4828: 파일에 0x2de 오프셋에서 시작하는 문자가 포함되어 있습니다. 이 문자는 현재 원본 문자 집합에서 잘못된 문자입니다(코드 페이지 65001).
C:\Users\보경\source\repos\bestfit\sub.cpp(1,1): warning C4828: 파일에 0x13c 오프셋에서 시작하는 문자가 포함되어 있습니다. 이 문자는 현재 원본 문자 집합에서 잘못된 문자입니다(코드 페이지 65001).
C:\Users\보경\source\repos\bestfit\utility.cpp(1,1): warning C4828: 파일에 0x60 오프셋에서 시작하는 문자가 포함되어 있습니다. 이 문자는 현재 원본 문자 집합에서 잘못된 문자입니다(코드 페이지 65001).
C:\Users\보경\source\repos\bestfit\heap.cpp(1,1): warning C4828: 파일에 0xbd 오프셋에서 시작하는 문자가 포함되어 있습니다. 이 문자는 현재 원본 문자 집합에서 잘못된 문자입니다(코드 페이지 65001).
C:\Users\보경\source\repos\bestfit\bst.cpp(1,1): warning C4828: 파일에 0x5f 오프셋에서 시작하는 문자가 포함되어 있습니다. 이 문자는 현재 원본 문자 집합에서 잘못된 문자입니다(코드 페이지 65001).
C:\Users\보경\source\repos\bestfit\merge_sort.cpp(1,1): warning C4828: 파일에 0x2df 오프셋에서 시작하는 문자가 포함되어 있습니다. 이 문자는 현재 원본 문자 집합에서 잘못된 문자입니다(코드 페이지 65001).
C:\Users\보경\source\repos\bestfit\utility.cpp(1,1): warning C4828: 파일에 0x61 오프셋에서 시작하는 문자가 포함되어 있습니다. 이 문자는 현재 원본 문자 집합에서 잘못된 문자입니다(코드 페이지 65001).
C:\Users\보경\source\repos\bestfit\bst.cpp(1,1): warning C4828: 파일에 0x60 오프셋에서 시작하는 문자가 포함되어 있습니다. 이 문자는 현재 원본 문자 집합에서 잘못된 문자입니다(코드 페이지 65001).
C:\Users\보경\source\repos\bestfit\sub.cpp(1,1): warning C4828: 파일에 0x13d 오프셋에서 시작하는 문자가 포함되어 있습니다. 이 문자는 현재 원본 문자 집합에서 잘못된 문자입니다(코드 페이지 65001).
C:\Users\보경\source\repos\bestfit\heap.cpp(1,1): warning C4828: 파일에 0xbe 오프셋에서 시작하는 문자가 포함되어 있습니다. 이 문자는 현재 원본 문자 집합에서 잘못된 문자입니다(코드 페이지 65001).
C:\Users\보경\source\repos\bestfit\bst.cpp(1,1): warning C4828: 파일에 0x61 오프셋에서 시작하는 문자가 포함되어 있습니다. 이 문자는 현재 원본 문자 집합에서 잘못된 문자입니다(코드 페이지 65001).
C:\Users\보경\source\repos\bestfit\merge_sort.cpp(1,1): warning C4828: 파일에 0x2e3 오프셋에서 시작하는 문자가 포함되어 있습니다. 이 문자는 현재 원본 문자 집합에서 잘못된 문자입니다(코드 페이지 65001).
C:\Users\보경\source\repos\bestfit\heap.cpp(1,1): warning C4828: 파일에 0xc0 오프셋에서 시작하는 문자가 포함되어 있습니다. 이 문자는 현재 원본 문자 집합에서 잘못된 문자입니다(코드 페이지 65001).
C:\Users\보경\source\repos\bestfit\utility.cpp(1,1): warning C4828: 파일에 0x65 오프셋에서 시작하는 문자가 포함되어 있습니다. 이 문자는 현재 원본 문자 집합에서 잘못된 문자입니다(코드 페이지 65001).
C:\Users\보경\source\repos\bestfit\sub.cpp(1,1): warning C4828: 파일에 0x13e 오프셋에서 시작하는 문자가 포함되어 있습니다. 이 문자는 현재 원본 문자 집합에서 잘못된 문자입니다(코드 페이지 65001).
C:\Users\보경\source\repos\bestfit\bst.cpp(1,1): warning C4828: 파일에 0x17a 오프셋에서 시작하는 문자가 포함되어 있습니다. 이 문자는 현재 원본 문자 집합에서 잘못된 문자입니다(코드 페이지 65001).
C:\Users\보경\source\repos\bestfit\heap.cpp(1,1): warning C4828: 파일에 0xc1 오프셋에서 시작하는 문자가 포함되어 있습니다. 이 문자는 현재 원본 문자 집합에서 잘못된 문자입니다(코드 페이지 65001).
C:\Users\보경\source\repos\bestfit\merge_sort.cpp(1,1): warning C4828: 파일에 0x2e4 오프셋에서 시작하는 문자가 포함되어 있습니다. 이 문자는 현재 원본 문자 집합에서 잘못된 문자입니다(코드 페이지 65001).
C:\Users\보경\source\repos\bestfit\sub.cpp(1,1): warning C4828: 파일에 0x13f 오프셋에서 시작하는 문자가 포함되어 있습니다. 이 문자는 현재 원본 문자 집합에서 잘못된 문자입니다(코드 페이지 65001).
C:\Users\보경\source\repos\bestfit\utility.cpp(1,1): warning C4828: 파일에 0x66 오프셋에서 시작하는 문자가 포함되어 있습니다. 이 문자는 현재 원본 문자 집합에서 잘못된 문자입니다(코드 페이지 65001).
C:\Users\보경\source\repos\bestfit\bst.cpp(1,1): warning C4828: 파일에 0x17d 오프셋에서 시작하는 문자가 포함되어 있습니다. 이 문자는 현재 원본 문자 집합에서 잘못된 문자입니다(코드 페이지 65001).
C:\Users\보경\source\repos\bestfit\heap.cpp(1,1): warning C4828: 파일에 0x17c 오프셋에서 시작하는 문자가 포함되어 있습니다. 이 문자는 현재 원본 문자 집합에서 잘못된 문자입니다(코드 페이지 65001).
C:\Users\보경\source\repos\bestfit\merge_sort.cpp(1,1): warning C4828: 파일에 0x2e5 오프셋에서 시작하는 문자가 포함되어 있습니다. 이 문자는 현재 원본 문자 집합에서 잘못된 문자입니다(코드 페이지 65001).
C:\Users\보경\source\repos\bestfit\sub.cpp(1,1): warning C4828: 파일에 0x142 오프셋에서 시작하는 문자가 포함되어 있습니다. 이 문자는 현재 원본 문자 집합에서 잘못된 문자입니다(코드 페이지 65001).
C:\Users\보경\source\repos\bestfit\utility.cpp(1,1): warning C4828: 파일에 0x6a 오프셋에서 시작하는 문자가 포함되어 있습니다. 이 문자는 현재 원본 문자 집합에서 잘못된 문자입니다(코드 페이지 65001).
C:\Users\보경\source\repos\bestfit\bst.cpp(1,1): warning C4828: 파일에 0x17e 오프셋에서 시작하는 문자가 포함되어 있습니다. 이 문자는 현재 원본 문자 집합에서 잘못된 문자입니다(코드 페이지 65001).
C:\Users\보경\source\repos\bestfit\heap.cpp(1,1): warning C4828: 파일에 0x17e 오프셋에서 시작하는 문자가 포함되어 있습니다. 이 문자는 현재 원본 문자 집합에서 잘못된 문자입니다(코드 페이지 65001).
C:\Users\보경\source\repos\bestfit\merge_sort.cpp(1,1): warning C4828: 파일에 0x2e8 오프셋에서 시작하는 문자가 포함되어 있습니다. 이 문자는 현재 원본 문자 집합에서 잘못된 문자입니다(코드 페이지 65001).
C:\Users\보경\source\repos\bestfit\sub.cpp(1,1): warning C4828: 파일에 0x143 오프셋에서 시작하는 문자가 포함되어 있습니다. 이 문자는 현재 원본 문자 집합에서 잘못된 문자입니다(코드 페이지 65001).
C:\Users\보경\source\repos\bestfit\utility.cpp(1,1): warning C4828: 파일에 0x6c 오프셋에서 시작하는 문자가 포함되어 있습니다. 이 문자는 현재 원본 문자 집합에서 잘못된 문자입니다(코드 페이지 65001).
C:\Users\보경\source\repos\bestfit\bst.cpp(1,1): warning C4828: 파일에 0x17f 오프셋에서 시작하는 문자가 포함되어 있습니다. 이 문자는 현재 원본 문자 집합에서 잘못된 문자입니다(코드 페이지 65001).
C:\Users\보경\source\repos\bestfit\heap.cpp(1,1): warning C4828: 파일에 0x17f 오프셋에서 시작하는 문자가 포함되어 있습니다. 이 문자는 현재 원본 문자 집합에서 잘못된 문자입니다(코드 페이지 65001).
C:\Users\보경\source\repos\bestfit\merge_sort.cpp(1,1): warning C4828: 파일에 0x2e9 오프셋에서 시작하는 문자가 포함되어 있습니다. 이 문자는 현재 원본 문자 집합에서 잘못된 문자입니다(코드 페이지 65001).
C:\Users\보경\source\repos\bestfit\sub.cpp(1,1): warning C4828: 파일에 0x145 오프셋에서 시작하는 문자가 포함되어 있습니다. 이 문자는 현재 원본 문자 집합에서 잘못된 문자입니다(코드 페이지 65001).
C:\Users\보경\source\repos\bestfit\heap.cpp(1,1): warning C4828: 파일에 0x181 오프셋에서 시작하는 문자가 포함되어 있습니다. 이 문자는 현재 원본 문자 집합에서 잘못된 문자입니다(코드 페이지 65001).
C:\Users\보경\source\repos\bestfit\utility.cpp(1,1): warning C4828: 파일에 0x6d 오프셋에서 시작하는 문자가 포함되어 있습니다. 이 문자는 현재 원본 문자 집합에서 잘못된 문자입니다(코드 페이지 65001).
C:\Users\보경\source\repos\bestfit\bst.cpp(1,1): warning C4828: 파일에 0x181 오프셋에서 시작하는 문자가 포함되어 있습니다. 이 문자는 현재 원본 문자 집합에서 잘못된 문자입니다(코드 페이지 65001).
C:\Users\보경\source\repos\bestfit\merge_sort.cpp(1,1): warning C4828: 파일에 0x2ea 오프셋에서 시작하는 문자가 포함되어 있습니다. 이 문자는 현재 원본 문자 집합에서 잘못된 문자입니다(코드 페이지 65001).
C:\Users\보경\source\repos\bestfit\utility.cpp(1,1): warning C4828: 파일에 0x8e 오프셋에서 시작하는 문자가 포함되어 있습니다. 이 문자는 현재 원본 문자 집합에서 잘못된 문자입니다(코드 페이지 65001).
C:\Users\보경\source\repos\bestfit\sub.cpp(1,1): warning C4828: 파일에 0x146 오프셋에서 시작하는 문자가 포함되어 있습니다. 이 문자는 현재 원본 문자 집합에서 잘못된 문자입니다(코드 페이지 65001).
C:\Users\보경\source\repos\bestfit\heap.cpp(1,1): warning C4828: 파일에 0x182 오프셋에서 시작하는 문자가 포함되어 있습니다. 이 문자는 현재 원본 문자 집합에서 잘못된 문자입니다(코드 페이지 65001).
C:\Users\보경\source\repos\bestfit\bst.cpp(1,1): warning C4828: 파일에 0x184 오프셋에서 시작하는 문자가 포함되어 있습니다. 이 문자는 현재 원본 문자 집합에서 잘못된 문자입니다(코드 페이지 65001).
C:\Users\보경\source\repos\bestfit\merge_sort.cpp(1,1): warning C4828: 파일에 0x2eb 오프셋에서 시작하는 문자가 포함되어 있습니다. 이 문자는 현재 원본 문자 집합에서 잘못된 문자입니다(코드 페이지 65001).
C:\Users\보경\source\repos\bestfit\utility.cpp(1,1): warning C4828: 파일에 0x8f 오프셋에서 시작하는 문자가 포함되어 있습니다. 이 문자는 현재 원본 문자 집합에서 잘못된 문자입니다(코드 페이지 65001).
C:\Users\보경\source\repos\bestfit\heap.cpp(1,1): warning C4828: 파일에 0x183 오프셋에서 시작하는 문자가 포함되어 있습니다. 이 문자는 현재 원본 문자 집합에서 잘못된 문자입니다(코드 페이지 65001).
C:\Users\보경\source\repos\bestfit\sub.cpp(1,1): warning C4828: 파일에 0x147 오프셋에서 시작하는 문자가 포함되어 있습니다. 이 문자는 현재 원본 문자 집합에서 잘못된 문자입니다(코드 페이지 65001).
C:\Users\보경\source\repos\bestfit\bst.cpp(1,1): warning C4828: 파일에 0x187 오프셋에서 시작하는 문자가 포함되어 있습니다. 이 문자는 현재 원본 문자 집합에서 잘못된 문자입니다(코드 페이지 65001).
C:\Users\보경\source\repos\bestfit\merge_sort.cpp(1,1): warning C4828: 파일에 0x2ed 오프셋에서 시작하는 문자가 포함되어 있습니다. 이 문자는 현재 원본 문자 집합에서 잘못된 문자입니다(코드 페이지 65001).
C:\Users\보경\source\repos\bestfit\heap.cpp(1,1): warning C4828: 파일에 0x184 오프셋에서 시작하는 문자가 포함되어 있습니다. 이 문자는 현재 원본 문자 집합에서 잘못된 문자입니다(코드 페이지 65001).
C:\Users\보경\source\repos\bestfit\utility.cpp(1,1): warning C4828: 파일에 0x91 오프셋에서 시작하는 문자가 포함되어 있습니다. 이 문자는 현재 원본 문자 집합에서 잘못된 문자입니다(코드 페이지 65001).
C:\Users\보경\source\repos\bestfit\sub.cpp(1,1): warning C4828: 파일에 0x148 오프셋에서 시작하는 문자가 포함되어 있습니다. 이 문자는 현재 원본 문자 집합에서 잘못된 문자입니다(코드 페이지 65001).
C:\Users\보경\source\repos\bestfit\bst.cpp(1,1): warning C4828: 파일에 0x188 오프셋에서 시작하는 문자가 포함되어 있습니다. 이 문자는 현재 원본 문자 집합에서 잘못된 문자입니다(코드 페이지 65001).
C:\Users\보경\source\repos\bestfit\merge_sort.cpp(1,1): warning C4828: 파일에 0x2ee 오프셋에서 시작하는 문자가 포함되어 있습니다. 이 문자는 현재 원본 문자 집합에서 잘못된 문자입니다(코드 페이지 65001).
C:\Users\보경\source\repos\bestfit\heap.cpp(1,1): warning C4828: 파일에 0x185 오프셋에서 시작하는 문자가 포함되어 있습니다. 이 문자는 현재 원본 문자 집합에서 잘못된 문자입니다(코드 페이지 65001).
C:\Users\보경\source\repos\bestfit\sub.cpp(1,1): warning C4828: 파일에 0x14e 오프셋에서 시작하는 문자가 포함되어 있습니다. 이 문자는 현재 원본 문자 집합에서 잘못된 문자입니다(코드 페이지 65001).
C:\Users\보경\source\repos\bestfit\utility.cpp(1,1): warning C4828: 파일에 0x92 오프셋에서 시작하는 문자가 포함되어 있습니다. 이 문자는 현재 원본 문자 집합에서 잘못된 문자입니다(코드 페이지 65001).
C:\Users\보경\source\repos\bestfit\merge_sort.cpp(1,1): warning C4828: 파일에 0x2ef 오프셋에서 시작하는 문자가 포함되어 있습니다. 이 문자는 현재 원본 문자 집합에서 잘못된 문자입니다(코드 페이지 65001).
C:\Users\보경\source\repos\bestfit\bst.cpp(1,1): warning C4828: 파일에 0x18a 오프셋에서 시작하는 문자가 포함되어 있습니다. 이 문자는 현재 원본 문자 집합에서 잘못된 문자입니다(코드 페이지 65001).
C:\Users\보경\source\repos\bestfit\heap.cpp(1,1): warning C4828: 파일에 0x18b 오프셋에서 시작하는 문자가 포함되어 있습니다. 이 문자는 현재 원본 문자 집합에서 잘못된 문자입니다(코드 페이지 65001).
C:\Users\보경\source\repos\bestfit\utility.cpp(1,1): warning C4828: 파일에 0x93 오프셋에서 시작하는 문자가 포함되어 있습니다. 이 문자는 현재 원본 문자 집합에서 잘못된 문자입니다(코드 페이지 65001).
C:\Users\보경\source\repos\bestfit\merge_sort.cpp(1,1): warning C4828: 파일에 0x3c0 오프셋에서 시작하는 문자가 포함되어 있습니다. 이 문자는 현재 원본 문자 집합에서 잘못된 문자입니다(코드 페이지 65001).
C:\Users\보경\source\repos\bestfit\sub.cpp(1,1): warning C4828: 파일에 0x150 오프셋에서 시작하는 문자가 포함되어 있습니다. 이 문자는 현재 원본 문자 집합에서 잘못된 문자입니다(코드 페이지 65001).
C:\Users\보경\source\repos\bestfit\bst.cpp(1,1): warning C4828: 파일에 0x18b 오프셋에서 시작하는 문자가 포함되어 있습니다. 이 문자는 현재 원본 문자 집합에서 잘못된 문자입니다(코드 페이지 65001).
C:\Users\보경\source\repos\bestfit\utility.cpp(1,1): warning C4828: 파일에 0x94 오프셋에서 시작하는 문자가 포함되어 있습니다. 이 문자는 현재 원본 문자 집합에서 잘못된 문자입니다(코드 페이지 65001).
C:\Users\보경\source\repos\bestfit\heap.cpp(1,1): warning C4828: 파일에 0x18c 오프셋에서 시작하는 문자가 포함되어 있습니다. 이 문자는 현재 원본 문자 집합에서 잘못된 문자입니다(코드 페이지 65001).
C:\Users\보경\source\repos\bestfit\merge_sort.cpp(1,1): warning C4828: 파일에 0x3c1 오프셋에서 시작하는 문자가 포함되어 있습니다. 이 문자는 현재 원본 문자 집합에서 잘못된 문자입니다(코드 페이지 65001).
C:\Users\보경\source\repos\bestfit\sub.cpp(1,1): warning C4828: 파일에 0x151 오프셋에서 시작하는 문자가 포함되어 있습니다. 이 문자는 현재 원본 문자 집합에서 잘못된 문자입니다(코드 페이지 65001).
C:\Users\보경\source\repos\bestfit\bst.cpp(1,1): warning C4828: 파일에 0x18e 오프셋에서 시작하는 문자가 포함되어 있습니다. 이 문자는 현재 원본 문자 집합에서 잘못된 문자입니다(코드 페이지 65001).
C:\Users\보경\source\repos\bestfit\utility.cpp(1,1): warning C4828: 파일에 0x97 오프셋에서 시작하는 문자가 포함되어 있습니다. 이 문자는 현재 원본 문자 집합에서 잘못된 문자입니다(코드 페이지 65001).
C:\Users\보경\source\repos\bestfit\merge_sort.cpp(1,1): warning C4828: 파일에 0x3c5 오프셋에서 시작하는 문자가 포함되어 있습니다. 이 문자는 현재 원본 문자 집합에서 잘못된 문자입니다(코드 페이지 65001).
C:\Users\보경\source\repos\bestfit\heap.cpp(1,1): warning C4828: 파일에 0x190 오프셋에서 시작하는 문자가 포함되어 있습니다. 이 문자는 현재 원본 문자 집합에서 잘못된 문자입니다(코드 페이지 65001).
C:\Users\보경\source\repos\bestfit\sub.cpp(1,1): warning C4828: 파일에 0x1eb 오프셋에서 시작하는 문자가 포함되어 있습니다. 이 문자는 현재 원본 문자 집합에서 잘못된 문자입니다(코드 페이지 65001).
C:\Users\보경\source\repos\bestfit\bst.cpp(1,1): warning C4828: 파일에 0x18f 오프셋에서 시작하는 문자가 포함되어 있습니다. 이 문자는 현재 원본 문자 집합에서 잘못된 문자입니다(코드 페이지 65001).
C:\Users\보경\source\repos\bestfit\utility.cpp(1,1): warning C4828: 파일에 0x98 오프셋에서 시작하는 문자가 포함되어 있습니다. 이 문자는 현재 원본 문자 집합에서 잘못된 문자입니다(코드 페이지 65001).
C:\Users\보경\source\repos\bestfit\merge_sort.cpp(1,1): warning C4828: 파일에 0x3c6 오프셋에서 시작하는 문자가 포함되어 있습니다. 이 문자는 현재 원본 문자 집합에서 잘못된 문자입니다(코드 페이지 65001).
C:\Users\보경\source\repos\bestfit\heap.cpp(1,1): warning C4828: 파일에 0x191 오프셋에서 시작하는 문자가 포함되어 있습니다. 이 문자는 현재 원본 문자 집합에서 잘못된 문자입니다(코드 페이지 65001).
C:\Users\보경\source\repos\bestfit\sub.cpp(1,1): warning C4828: 파일에 0x1ec 오프셋에서 시작하는 문자가 포함되어 있습니다. 이 문자는 현재 원본 문자 집합에서 잘못된 문자입니다(코드 페이지 65001).
C:\Users\보경\source\repos\bestfit\bst.cpp(1,1): warning C4828: 파일에 0x193 오프셋에서 시작하는 문자가 포함되어 있습니다. 이 문자는 현재 원본 문자 집합에서 잘못된 문자입니다(코드 페이지 65001).
C:\Users\보경\source\repos\bestfit\utility.cpp(1,1): warning C4828: 파일에 0x9c 오프셋에서 시작하는 문자가 포함되어 있습니다. 이 문자는 현재 원본 문자 집합에서 잘못된 문자입니다(코드 페이지 65001).
C:\Users\보경\source\repos\bestfit\merge_sort.cpp(1,1): warning C4828: 파일에 0x3c9 오프셋에서 시작하는 문자가 포함되어 있습니다. 이 문자는 현재 원본 문자 집합에서 잘못된 문자입니다(코드 페이지 65001).
C:\Users\보경\source\repos\bestfit\heap.cpp(1,1): warning C4828: 파일에 0x192 오프셋에서 시작하는 문자가 포함되어 있습니다. 이 문자는 현재 원본 문자 집합에서 잘못된 문자입니다(코드 페이지 65001).
C:\Users\보경\source\repos\bestfit\sub.cpp(1,1): warning C4828: 파일에 0x1ed 오프셋에서 시작하는 문자가 포함되어 있습니다. 이 문자는 현재 원본 문자 집합에서 잘못된 문자입니다(코드 페이지 65001).
C:\Users\보경\source\repos\bestfit\bst.cpp(1,1): warning C4828: 파일에 0x194 오프셋에서 시작하는 문자가 포함되어 있습니다. 이 문자는 현재 원본 문자 집합에서 잘못된 문자입니다(코드 페이지 65001).
C:\Users\보경\source\repos\bestfit\utility.cpp(1,1): warning C4828: 파일에 0x9d 오프셋에서 시작하는 문자가 포함되어 있습니다. 이 문자는 현재 원본 문자 집합에서 잘못된 문자입니다(코드 페이지 65001).
C:\Users\보경\source\repos\bestfit\heap.cpp(1,1): warning C4828: 파일에 0x193 오프셋에서 시작하는 문자가 포함되어 있습니다. 이 문자는 현재 원본 문자 집합에서 잘못된 문자입니다(코드 페이지 65001).
C:\Users\보경\source\repos\bestfit\sub.cpp(1,1): warning C4828: 파일에 0x1ee 오프셋에서 시작하는 문자가 포함되어 있습니다. 이 문자는 현재 원본 문자 집합에서 잘못된 문자입니다(코드 페이지 65001).
C:\Users\보경\source\repos\bestfit\bst.cpp(1,1): warning C4828: 파일에 0x196 오프셋에서 시작하는 문자가 포함되어 있습니다. 이 문자는 현재 원본 문자 집합에서 잘못된 문자입니다(코드 페이지 65001).
C:\Users\보경\source\repos\bestfit\utility.cpp(1,1): warning C4828: 파일에 0x9e 오프셋에서 시작하는 문자가 포함되어 있습니다. 이 문자는 현재 원본 문자 집합에서 잘못된 문자입니다(코드 페이지 65001).
C:\Users\보경\source\repos\bestfit\merge_sort.cpp(1,1): warning C4828: 파일에 0x3ca 오프셋에서 시작하는 문자가 포함되어 있습니다. 이 문자는 현재 원본 문자 집합에서 잘못된 문자입니다(코드 페이지 65001).
C:\Users\보경\source\repos\bestfit\sub.cpp(1,1): warning C4828: 파일에 0x1f1 오프셋에서 시작하는 문자가 포함되어 있습니다. 이 문자는 현재 원본 문자 집합에서 잘못된 문자입니다(코드 페이지 65001).
C:\Users\보경\source\repos\bestfit\utility.cpp(1,1): warning C4828: 파일에 0x198 오프셋에서 시작하는 문자가 포함되어 있습니다. 이 문자는 현재 원본 문자 집합에서 잘못된 문자입니다(코드 페이지 65001).
C:\Users\보경\source\repos\bestfit\merge_sort.cpp(1,1): warning C4828: 파일에 0x3cc 오프셋에서 시작하는 문자가 포함되어 있습니다. 이 문자는 현재 원본 문자 집합에서 잘못된 문자입니다(코드 페이지 65001).
C:\Users\보경\source\repos\bestfit\bst.cpp(1,1): warning C4828: 파일에 0x198 오프셋에서 시작하는 문자가 포함되어 있습니다. 이 문자는 현재 원본 문자 집합에서 잘못된 문자입니다(코드 페이지 65001).
C:\Users\보경\source\repos\bestfit\sub.cpp(1,1): warning C4828: 파일에 0x1f2 오프셋에서 시작하는 문자가 포함되어 있습니다. 이 문자는 현재 원본 문자 집합에서 잘못된 문자입니다(코드 페이지 65001).
C:\Users\보경\source\repos\bestfit\merge_sort.cpp(1,1): warning C4828: 파일에 0x3cd 오프셋에서 시작하는 문자가 포함되어 있습니다. 이 문자는 현재 원본 문자 집합에서 잘못된 문자입니다(코드 페이지 65001).
C:\Users\보경\source\repos\bestfit\utility.cpp(1,1): warning C4828: 파일에 0x199 오프셋에서 시작하는 문자가 포함되어 있습니다. 이 문자는 현재 원본 문자 집합에서 잘못된 문자입니다(코드 페이지 65001).
C:\Users\보경\source\repos\bestfit\bst.cpp(1,1): warning C4828: 파일에 0x199 오프셋에서 시작하는 문자가 포함되어 있습니다. 이 문자는 현재 원본 문자 집합에서 잘못된 문자입니다(코드 페이지 65001).
C:\Users\보경\source\repos\bestfit\sub.cpp(1,1): warning C4828: 파일에 0x1f4 오프셋에서 시작하는 문자가 포함되어 있습니다. 이 문자는 현재 원본 문자 집합에서 잘못된 문자입니다(코드 페이지 65001).
C:\Users\보경\source\repos\bestfit\merge_sort.cpp(1,1): warning C4828: 파일에 0x3cf 오프셋에서 시작하는 문자가 포함되어 있습니다. 이 문자는 현재 원본 문자 집합에서 잘못된 문자입니다(코드 페이지 65001).
C:\Users\보경\source\repos\bestfit\utility.cpp(1,1): warning C4828: 파일에 0x19d 오프셋에서 시작하는 문자가 포함되어 있습니다. 이 문자는 현재 원본 문자 집합에서 잘못된 문자입니다(코드 페이지 65001).
C:\Users\보경\source\repos\bestfit\sub.cpp(1,1): warning C4828: 파일에 0x1f5 오프셋에서 시작하는 문자가 포함되어 있습니다. 이 문자는 현재 원본 문자 집합에서 잘못된 문자입니다(코드 페이지 65001).
C:\Users\보경\source\repos\bestfit\bst.cpp(1,1): warning C4828: 파일에 0x2c6 오프셋에서 시작하는 문자가 포함되어 있습니다. 이 문자는 현재 원본 문자 집합에서 잘못된 문자입니다(코드 페이지 65001).
C:\Users\보경\source\repos\bestfit\merge_sort.cpp(1,1): warning C4828: 파일에 0x3d1 오프셋에서 시작하는 문자가 포함되어 있습니다. 이 문자는 현재 원본 문자 집합에서 잘못된 문자입니다(코드 페이지 65001).
C:\Users\보경\source\repos\bestfit\utility.cpp(1,1): warning C4828: 파일에 0x19e 오프셋에서 시작하는 문자가 포함되어 있습니다. 이 문자는 현재 원본 문자 집합에서 잘못된 문자입니다(코드 페이지 65001).
C:\Users\보경\source\repos\bestfit\bst.cpp(1,1): warning C4828: 파일에 0x2c9 오프셋에서 시작하는 문자가 포함되어 있습니다. 이 문자는 현재 원본 문자 집합에서 잘못된 문자입니다(코드 페이지 65001).
C:\Users\보경\source\repos\bestfit\sub.cpp(1,1): warning C4828: 파일에 0x1f6 오프셋에서 시작하는 문자가 포함되어 있습니다. 이 문자는 현재 원본 문자 집합에서 잘못된 문자입니다(코드 페이지 65001).
C:\Users\보경\source\repos\bestfit\merge_sort.cpp(1,1): warning C4828: 파일에 0x3d2 오프셋에서 시작하는 문자가 포함되어 있습니다. 이 문자는 현재 원본 문자 집합에서 잘못된 문자입니다(코드 페이지 65001).
C:\Users\보경\source\repos\bestfit\bst.cpp(1,1): warning C4828: 파일에 0x2ca 오프셋에서 시작하는 문자가 포함되어 있습니다. 이 문자는 현재 원본 문자 집합에서 잘못된 문자입니다(코드 페이지 65001).
C:\Users\보경\source\repos\bestfit\utility.cpp(1,1): warning C4828: 파일에 0x1a4 오프셋에서 시작하는 문자가 포함되어 있습니다. 이 문자는 현재 원본 문자 집합에서 잘못된 문자입니다(코드 페이지 65001).
C:\Users\보경\source\repos\bestfit\merge_sort.cpp(1,1): warning C4828: 파일에 0x3d3 오프셋에서 시작하는 문자가 포함되어 있습니다. 이 문자는 현재 원본 문자 집합에서 잘못된 문자입니다(코드 페이지 65001).
C:\Users\보경\source\repos\bestfit\sub.cpp(1,1): warning C4828: 파일에 0x1f7 오프셋에서 시작하는 문자가 포함되어 있습니다. 이 문자는 현재 원본 문자 집합에서 잘못된 문자입니다(코드 페이지 65001).
C:\Users\보경\source\repos\bestfit\bst.cpp(1,1): warning C4828: 파일에 0x2cb 오프셋에서 시작하는 문자가 포함되어 있습니다. 이 문자는 현재 원본 문자 집합에서 잘못된 문자입니다(코드 페이지 65001).
C:\Users\보경\source\repos\bestfit\utility.cpp(1,1): warning C4828: 파일에 0x1a6 오프셋에서 시작하는 문자가 포함되어 있습니다. 이 문자는 현재 원본 문자 집합에서 잘못된 문자입니다(코드 페이지 65001).
C:\Users\보경\source\repos\bestfit\merge_sort.cpp(1,1): warning C4828: 파일에 0x3d6 오프셋에서 시작하는 문자가 포함되어 있습니다. 이 문자는 현재 원본 문자 집합에서 잘못된 문자입니다(코드 페이지 65001).
C:\Users\보경\source\repos\bestfit\bst.cpp(1,1): warning C4828: 파일에 0x2cd 오프셋에서 시작하는 문자가 포함되어 있습니다. 이 문자는 현재 원본 문자 집합에서 잘못된 문자입니다(코드 페이지 65001).
C:\Users\보경\source\repos\bestfit\sub.cpp(1,1): warning C4828: 파일에 0x1f8 오프셋에서 시작하는 문자가 포함되어 있습니다. 이 문자는 현재 원본 문자 집합에서 잘못된 문자입니다(코드 페이지 65001).
C:\Users\보경\source\repos\bestfit\utility.cpp(1,1): warning C4828: 파일에 0x1a8 오프셋에서 시작하는 문자가 포함되어 있습니다. 이 문자는 현재 원본 문자 집합에서 잘못된 문자입니다(코드 페이지 65001).
C:\Users\보경\source\repos\bestfit\merge_sort.cpp(1,1): warning C4828: 파일에 0x3d7 오프셋에서 시작하는 문자가 포함되어 있습니다. 이 문자는 현재 원본 문자 집합에서 잘못된 문자입니다(코드 페이지 65001).
C:\Users\보경\source\repos\bestfit\bst.cpp(1,1): warning C4828: 파일에 0x2d2 오프셋에서 시작하는 문자가 포함되어 있습니다. 이 문자는 현재 원본 문자 집합에서 잘못된 문자입니다(코드 페이지 65001).
C:\Users\보경\source\repos\bestfit\sub.cpp(1,1): warning C4828: 파일에 0x1f9 오프셋에서 시작하는 문자가 포함되어 있습니다. 이 문자는 현재 원본 문자 집합에서 잘못된 문자입니다(코드 페이지 65001).
C:\Users\보경\source\repos\bestfit\utility.cpp(1,1): warning C4828: 파일에 0x1a9 오프셋에서 시작하는 문자가 포함되어 있습니다. 이 문자는 현재 원본 문자 집합에서 잘못된 문자입니다(코드 페이지 65001).
C:\Users\보경\source\repos\bestfit\merge_sort.cpp(1,1): warning C4828: 파일에 0x3d8 오프셋에서 시작하는 문자가 포함되어 있습니다. 이 문자는 현재 원본 문자 집합에서 잘못된 문자입니다(코드 페이지 65001).
C:\Users\보경\source\repos\bestfit\bst.cpp(1,1): warning C4828: 파일에 0x2d4 오프셋에서 시작하는 문자가 포함되어 있습니다. 이 문자는 현재 원본 문자 집합에서 잘못된 문자입니다(코드 페이지 65001).
C:\Users\보경\source\repos\bestfit\sub.cpp(1,1): warning C4828: 파일에 0x1fe 오프셋에서 시작하는 문자가 포함되어 있습니다. 이 문자는 현재 원본 문자 집합에서 잘못된 문자입니다(코드 페이지 65001).
C:\Users\보경\source\repos\bestfit\utility.cpp(1,1): warning C4828: 파일에 0x1de 오프셋에서 시작하는 문자가 포함되어 있습니다. 이 문자는 현재 원본 문자 집합에서 잘못된 문자입니다(코드 페이지 65001).
C:\Users\보경\source\repos\bestfit\merge_sort.cpp(1,1): warning C4828: 파일에 0x3d9 오프셋에서 시작하는 문자가 포함되어 있습니다. 이 문자는 현재 원본 문자 집합에서 잘못된 문자입니다(코드 페이지 65001).
C:\Users\보경\source\repos\bestfit\sub.cpp(1,1): warning C4828: 파일에 0x200 오프셋에서 시작하는 문자가 포함되어 있습니다. 이 문자는 현재 원본 문자 집합에서 잘못된 문자입니다(코드 페이지 65001).
C:\Users\보경\source\repos\bestfit\bst.cpp(1,1): warning C4828: 파일에 0x2d7 오프셋에서 시작하는 문자가 포함되어 있습니다. 이 문자는 현재 원본 문자 집합에서 잘못된 문자입니다(코드 페이지 65001).
C:\Users\보경\source\repos\bestfit\utility.cpp(1,1): warning C4828: 파일에 0x1e0 오프셋에서 시작하는 문자가 포함되어 있습니다. 이 문자는 현재 원본 문자 집합에서 잘못된 문자입니다(코드 페이지 65001).
C:\Users\보경\source\repos\bestfit\merge_sort.cpp(1,1): warning C4828: 파일에 0x3db 오프셋에서 시작하는 문자가 포함되어 있습니다. 이 문자는 현재 원본 문자 집합에서 잘못된 문자입니다(코드 페이지 65001).
C:\Users\보경\source\repos\bestfit\sub.cpp(1,1): warning C4828: 파일에 0x203 오프셋에서 시작하는 문자가 포함되어 있습니다. 이 문자는 현재 원본 문자 집합에서 잘못된 문자입니다(코드 페이지 65001).
C:\Users\보경\source\repos\bestfit\utility.cpp(1,1): warning C4828: 파일에 0x1e3 오프셋에서 시작하는 문자가 포함되어 있습니다. 이 문자는 현재 원본 문자 집합에서 잘못된 문자입니다(코드 페이지 65001).
C:\Users\보경\source\repos\bestfit\bst.cpp(1,1): warning C4828: 파일에 0x2da 오프셋에서 시작하는 문자가 포함되어 있습니다. 이 문자는 현재 원본 문자 집합에서 잘못된 문자입니다(코드 페이지 65001).
C:\Users\보경\source\repos\bestfit\merge_sort.cpp(1,1): warning C4828: 파일에 0x3dc 오프셋에서 시작하는 문자가 포함되어 있습니다. 이 문자는 현재 원본 문자 집합에서 잘못된 문자입니다(코드 페이지 65001).
C:\Users\보경\source\repos\bestfit\sub.cpp(1,1): warning C4828: 파일에 0x2ae 오프셋에서 시작하는 문자가 포함되어 있습니다. 이 문자는 현재 원본 문자 집합에서 잘못된 문자입니다(코드 페이지 65001).
C:\Users\보경\source\repos\bestfit\utility.cpp(1,1): warning C4828: 파일에 0x1e5 오프셋에서 시작하는 문자가 포함되어 있습니다. 이 문자는 현재 원본 문자 집합에서 잘못된 문자입니다(코드 페이지 65001).
C:\Users\보경\source\repos\bestfit\bst.cpp(1,1): warning C4828: 파일에 0x2db 오프셋에서 시작하는 문자가 포함되어 있습니다. 이 문자는 현재 원본 문자 집합에서 잘못된 문자입니다(코드 페이지 65001).
C:\Users\보경\source\repos\bestfit\merge_sort.cpp(1,1): warning C4828: 파일에 0x3e0 오프셋에서 시작하는 문자가 포함되어 있습니다. 이 문자는 현재 원본 문자 집합에서 잘못된 문자입니다(코드 페이지 65001).
C:\Users\보경\source\repos\bestfit\bst.cpp(1,1): warning C4828: 파일에 0x2dd 오프셋에서 시작하는 문자가 포함되어 있습니다. 이 문자는 현재 원본 문자 집합에서 잘못된 문자입니다(코드 페이지 65001).
C:\Users\보경\source\repos\bestfit\sub.cpp(1,1): warning C4828: 파일에 0x2af 오프셋에서 시작하는 문자가 포함되어 있습니다. 이 문자는 현재 원본 문자 집합에서 잘못된 문자입니다(코드 페이지 65001).
C:\Users\보경\source\repos\bestfit\utility.cpp(1,1): warning C4828: 파일에 0x1e6 오프셋에서 시작하는 문자가 포함되어 있습니다. 이 문자는 현재 원본 문자 집합에서 잘못된 문자입니다(코드 페이지 65001).
C:\Users\보경\source\repos\bestfit\merge_sort.cpp(1,1): warning C4828: 파일에 0x3e1 오프셋에서 시작하는 문자가 포함되어 있습니다. 이 문자는 현재 원본 문자 집합에서 잘못된 문자입니다(코드 페이지 65001).
C:\Users\보경\source\repos\bestfit\sub.cpp(1,1): warning C4828: 파일에 0x2b0 오프셋에서 시작하는 문자가 포함되어 있습니다. 이 문자는 현재 원본 문자 집합에서 잘못된 문자입니다(코드 페이지 65001).
C:\Users\보경\source\repos\bestfit\bst.cpp(1,1): warning C4828: 파일에 0x2de 오프셋에서 시작하는 문자가 포함되어 있습니다. 이 문자는 현재 원본 문자 집합에서 잘못된 문자입니다(코드 페이지 65001).
C:\Users\보경\source\repos\bestfit\utility.cpp(1,1): warning C4828: 파일에 0x1e8 오프셋에서 시작하는 문자가 포함되어 있습니다. 이 문자는 현재 원본 문자 집합에서 잘못된 문자입니다(코드 페이지 65001).
C:\Users\보경\source\repos\bestfit\merge_sort.cpp(1,1): warning C4828: 파일에 0x3e3 오프셋에서 시작하는 문자가 포함되어 있습니다. 이 문자는 현재 원본 문자 집합에서 잘못된 문자입니다(코드 페이지 65001).
C:\Users\보경\source\repos\bestfit\bst.cpp(1,1): warning C4828: 파일에 0x2e0 오프셋에서 시작하는 문자가 포함되어 있습니다. 이 문자는 현재 원본 문자 집합에서 잘못된 문자입니다(코드 페이지 65001).
C:\Users\보경\source\repos\bestfit\utility.cpp(1,1): warning C4828: 파일에 0x226 오프셋에서 시작하는 문자가 포함되어 있습니다. 이 문자는 현재 원본 문자 집합에서 잘못된 문자입니다(코드 페이지 65001).
C:\Users\보경\source\repos\bestfit\sub.cpp(1,1): warning C4828: 파일에 0x2b1 오프셋에서 시작하는 문자가 포함되어 있습니다. 이 문자는 현재 원본 문자 집합에서 잘못된 문자입니다(코드 페이지 65001).
C:\Users\보경\source\repos\bestfit\merge_sort.cpp(1,1): warning C4828: 파일에 0x3e4 오프셋에서 시작하는 문자가 포함되어 있습니다. 이 문자는 현재 원본 문자 집합에서 잘못된 문자입니다(코드 페이지 65001).
C:\Users\보경\source\repos\bestfit\utility.cpp(1,1): warning C4828: 파일에 0x228 오프셋에서 시작하는 문자가 포함되어 있습니다. 이 문자는 현재 원본 문자 집합에서 잘못된 문자입니다(코드 페이지 65001).
C:\Users\보경\source\repos\bestfit\bst.cpp(1,1): warning C4828: 파일에 0x2e4 오프셋에서 시작하는 문자가 포함되어 있습니다. 이 문자는 현재 원본 문자 집합에서 잘못된 문자입니다(코드 페이지 65001).
C:\Users\보경\source\repos\bestfit\sub.cpp(1,1): warning C4828: 파일에 0x2b4 오프셋에서 시작하는 문자가 포함되어 있습니다. 이 문자는 현재 원본 문자 집합에서 잘못된 문자입니다(코드 페이지 65001).
C:\Users\보경\source\repos\bestfit\bst.cpp(1,1): warning C4828: 파일에 0x2e5 오프셋에서 시작하는 문자가 포함되어 있습니다. 이 문자는 현재 원본 문자 집합에서 잘못된 문자입니다(코드 페이지 65001).
C:\Users\보경\source\repos\bestfit\utility.cpp(1,1): warning C4828: 파일에 0x229 오프셋에서 시작하는 문자가 포함되어 있습니다. 이 문자는 현재 원본 문자 집합에서 잘못된 문자입니다(코드 페이지 65001).
C:\Users\보경\source\repos\bestfit\merge_sort.cpp(1,1): warning C4828: 파일에 0x3e5 오프셋에서 시작하는 문자가 포함되어 있습니다. 이 문자는 현재 원본 문자 집합에서 잘못된 문자입니다(코드 페이지 65001).
C:\Users\보경\source\repos\bestfit\sub.cpp(1,1): warning C4828: 파일에 0x2b5 오프셋에서 시작하는 문자가 포함되어 있습니다. 이 문자는 현재 원본 문자 집합에서 잘못된 문자입니다(코드 페이지 65001).
C:\Users\보경\source\repos\bestfit\bst.cpp(1,1): warning C4828: 파일에 0x2e9 오프셋에서 시작하는 문자가 포함되어 있습니다. 이 문자는 현재 원본 문자 집합에서 잘못된 문자입니다(코드 페이지 65001).
C:\Users\보경\source\repos\bestfit\utility.cpp(1,1): warning C4828: 파일에 0x22d 오프셋에서 시작하는 문자가 포함되어 있습니다. 이 문자는 현재 원본 문자 집합에서 잘못된 문자입니다(코드 페이지 65001).
C:\Users\보경\source\repos\bestfit\merge_sort.cpp(1,1): warning C4828: 파일에 0x474 오프셋에서 시작하는 문자가 포함되어 있습니다. 이 문자는 현재 원본 문자 집합에서 잘못된 문자입니다(코드 페이지 65001).
C:\Users\보경\source\repos\bestfit\bst.cpp(1,1): warning C4828: 파일에 0x2ea 오프셋에서 시작하는 문자가 포함되어 있습니다. 이 문자는 현재 원본 문자 집합에서 잘못된 문자입니다(코드 페이지 65001).
C:\Users\보경\source\repos\bestfit\sub.cpp(1,1): warning C4828: 파일에 0x2b9 오프셋에서 시작하는 문자가 포함되어 있습니다. 이 문자는 현재 원본 문자 집합에서 잘못된 문자입니다(코드 페이지 65001).
C:\Users\보경\source\repos\bestfit\utility.cpp(1,1): warning C4828: 파일에 0x22e 오프셋에서 시작하는 문자가 포함되어 있습니다. 이 문자는 현재 원본 문자 집합에서 잘못된 문자입니다(코드 페이지 65001).
C:\Users\보경\source\repos\bestfit\merge_sort.cpp(1,1): warning C4828: 파일에 0x476 오프셋에서 시작하는 문자가 포함되어 있습니다. 이 문자는 현재 원본 문자 집합에서 잘못된 문자입니다(코드 페이지 65001).
C:\Users\보경\source\repos\bestfit\bst.cpp(1,1): warning C4828: 파일에 0x2eb 오프셋에서 시작하는 문자가 포함되어 있습니다. 이 문자는 현재 원본 문자 집합에서 잘못된 문자입니다(코드 페이지 65001).
C:\Users\보경\source\repos\bestfit\sub.cpp(1,1): warning C4828: 파일에 0x2ba 오프셋에서 시작하는 문자가 포함되어 있습니다. 이 문자는 현재 원본 문자 집합에서 잘못된 문자입니다(코드 페이지 65001).
C:\Users\보경\source\repos\bestfit\utility.cpp(1,1): warning C4828: 파일에 0x230 오프셋에서 시작하는 문자가 포함되어 있습니다. 이 문자는 현재 원본 문자 집합에서 잘못된 문자입니다(코드 페이지 65001).
C:\Users\보경\source\repos\bestfit\merge_sort.cpp(1,1): warning C4828: 파일에 0x477 오프셋에서 시작하는 문자가 포함되어 있습니다. 이 문자는 현재 원본 문자 집합에서 잘못된 문자입니다(코드 페이지 65001).
C:\Users\보경\source\repos\bestfit\bst.cpp(1,1): warning C4828: 파일에 0x2ec 오프셋에서 시작하는 문자가 포함되어 있습니다. 이 문자는 현재 원본 문자 집합에서 잘못된 문자입니다(코드 페이지 65001).
C:\Users\보경\source\repos\bestfit\sub.cpp(1,1): warning C4828: 파일에 0x2bc 오프셋에서 시작하는 문자가 포함되어 있습니다. 이 문자는 현재 원본 문자 집합에서 잘못된 문자입니다(코드 페이지 65001).
C:\Users\보경\source\repos\bestfit\merge_sort.cpp(1,1): warning C4828: 파일에 0x478 오프셋에서 시작하는 문자가 포함되어 있습니다. 이 문자는 현재 원본 문자 집합에서 잘못된 문자입니다(코드 페이지 65001).
C:\Users\보경\source\repos\bestfit\utility.cpp(1,1): warning C4828: 파일에 0x28d 오프셋에서 시작하는 문자가 포함되어 있습니다. 이 문자는 현재 원본 문자 집합에서 잘못된 문자입니다(코드 페이지 65001).
C:\Users\보경\source\repos\bestfit\bst.cpp(1,1): warning C4828: 파일에 0x2ee 오프셋에서 시작하는 문자가 포함되어 있습니다. 이 문자는 현재 원본 문자 집합에서 잘못된 문자입니다(코드 페이지 65001).
C:\Users\보경\source\repos\bestfit\sub.cpp(1,1): warning C4828: 파일에 0x2bd 오프셋에서 시작하는 문자가 포함되어 있습니다. 이 문자는 현재 원본 문자 집합에서 잘못된 문자입니다(코드 페이지 65001).
C:\Users\보경\source\repos\bestfit\merge_sort.cpp(1,1): warning C4828: 파일에 0x479 오프셋에서 시작하는 문자가 포함되어 있습니다. 이 문자는 현재 원본 문자 집합에서 잘못된 문자입니다(코드 페이지 65001).
C:\Users\보경\source\repos\bestfit\utility.cpp(1,1): warning C4828: 파일에 0x28f 오프셋에서 시작하는 문자가 포함되어 있습니다. 이 문자는 현재 원본 문자 집합에서 잘못된 문자입니다(코드 페이지 65001).
C:\Users\보경\source\repos\bestfit\bst.cpp(1,1): warning C4828: 파일에 0x2ef 오프셋에서 시작하는 문자가 포함되어 있습니다. 이 문자는 현재 원본 문자 집합에서 잘못된 문자입니다(코드 페이지 65001).
C:\Users\보경\source\repos\bestfit\sub.cpp(1,1): warning C4828: 파일에 0x2be 오프셋에서 시작하는 문자가 포함되어 있습니다. 이 문자는 현재 원본 문자 집합에서 잘못된 문자입니다(코드 페이지 65001).
C:\Users\보경\source\repos\bestfit\merge_sort.cpp(1,1): warning C4828: 파일에 0x47b 오프셋에서 시작하는 문자가 포함되어 있습니다. 이 문자는 현재 원본 문자 집합에서 잘못된 문자입니다(코드 페이지 65001).
C:\Users\보경\source\repos\bestfit\utility.cpp(1,1): warning C4828: 파일에 0x290 오프셋에서 시작하는 문자가 포함되어 있습니다. 이 문자는 현재 원본 문자 집합에서 잘못된 문자입니다(코드 페이지 65001).
C:\Users\보경\source\repos\bestfit\bst.cpp(1,1): warning C4828: 파일에 0x2f5 오프셋에서 시작하는 문자가 포함되어 있습니다. 이 문자는 현재 원본 문자 집합에서 잘못된 문자입니다(코드 페이지 65001).
C:\Users\보경\source\repos\bestfit\sub.cpp(1,1): warning C4828: 파일에 0x2c1 오프셋에서 시작하는 문자가 포함되어 있습니다. 이 문자는 현재 원본 문자 집합에서 잘못된 문자입니다(코드 페이지 65001).
C:\Users\보경\source\repos\bestfit\merge_sort.cpp(1,1): warning C4828: 파일에 0x47c 오프셋에서 시작하는 문자가 포함되어 있습니다. 이 문자는 현재 원본 문자 집합에서 잘못된 문자입니다(코드 페이지 65001).
C:\Users\보경\source\repos\bestfit\sub.cpp(1,1): warning C4828: 파일에 0x2c2 오프셋에서 시작하는 문자가 포함되어 있습니다. 이 문자는 현재 원본 문자 집합에서 잘못된 문자입니다(코드 페이지 65001).
C:\Users\보경\source\repos\bestfit\bst.cpp(1,1): warning C4828: 파일에 0x2f7 오프셋에서 시작하는 문자가 포함되어 있습니다. 이 문자는 현재 원본 문자 집합에서 잘못된 문자입니다(코드 페이지 65001).
C:\Users\보경\source\repos\bestfit\utility.cpp(1,1): warning C4828: 파일에 0x292 오프셋에서 시작하는 문자가 포함되어 있습니다. 이 문자는 현재 원본 문자 집합에서 잘못된 문자입니다(코드 페이지 65001).
C:\Users\보경\source\repos\bestfit\sub.cpp(1,1): warning C4828: 파일에 0x2c6 오프셋에서 시작하는 문자가 포함되어 있습니다. 이 문자는 현재 원본 문자 집합에서 잘못된 문자입니다(코드 페이지 65001).
C:\Users\보경\source\repos\bestfit\merge_sort.cpp(1,1): warning C4828: 파일에 0x47d 오프셋에서 시작하는 문자가 포함되어 있습니다. 이 문자는 현재 원본 문자 집합에서 잘못된 문자입니다(코드 페이지 65001).
C:\Users\보경\source\repos\bestfit\bst.cpp(1,1): warning C4828: 파일에 0x2f9 오프셋에서 시작하는 문자가 포함되어 있습니다. 이 문자는 현재 원본 문자 집합에서 잘못된 문자입니다(코드 페이지 65001).
C:\Users\보경\source\repos\bestfit\utility.cpp(1,1): warning C4828: 파일에 0x293 오프셋에서 시작하는 문자가 포함되어 있습니다. 이 문자는 현재 원본 문자 집합에서 잘못된 문자입니다(코드 페이지 65001).
C:\Users\보경\source\repos\bestfit\sub.cpp(1,1): warning C4828: 파일에 0x2c7 오프셋에서 시작하는 문자가 포함되어 있습니다. 이 문자는 현재 원본 문자 집합에서 잘못된 문자입니다(코드 페이지 65001).
C:\Users\보경\source\repos\bestfit\merge_sort.cpp(1,1): warning C4828: 파일에 0x47e 오프셋에서 시작하는 문자가 포함되어 있습니다. 이 문자는 현재 원본 문자 집합에서 잘못된 문자입니다(코드 페이지 65001).
C:\Users\보경\source\repos\bestfit\bst.cpp(1,1): warning C4828: 파일에 0x2fa 오프셋에서 시작하는 문자가 포함되어 있습니다. 이 문자는 현재 원본 문자 집합에서 잘못된 문자입니다(코드 페이지 65001).
C:\Users\보경\source\repos\bestfit\sub.cpp(1,1): warning C4828: 파일에 0x2cb 오프셋에서 시작하는 문자가 포함되어 있습니다. 이 문자는 현재 원본 문자 집합에서 잘못된 문자입니다(코드 페이지 65001).
C:\Users\보경\source\repos\bestfit\utility.cpp(1,1): warning C4828: 파일에 0x294 오프셋에서 시작하는 문자가 포함되어 있습니다. 이 문자는 현재 원본 문자 집합에서 잘못된 문자입니다(코드 페이지 65001).
C:\Users\보경\source\repos\bestfit\sub.cpp(1,1): warning C4828: 파일에 0x2cc 오프셋에서 시작하는 문자가 포함되어 있습니다. 이 문자는 현재 원본 문자 집합에서 잘못된 문자입니다(코드 페이지 65001).
C:\Users\보경\source\repos\bestfit\merge_sort.cpp(1,1): warning C4828: 파일에 0x482 오프셋에서 시작하는 문자가 포함되어 있습니다. 이 문자는 현재 원본 문자 집합에서 잘못된 문자입니다(코드 페이지 65001).
C:\Users\보경\source\repos\bestfit\bst.cpp(1,1): warning C4828: 파일에 0x300 오프셋에서 시작하는 문자가 포함되어 있습니다. 이 문자는 현재 원본 문자 집합에서 잘못된 문자입니다(코드 페이지 65001).
C:\Users\보경\source\repos\bestfit\utility.cpp(1,1): warning C4828: 파일에 0x298 오프셋에서 시작하는 문자가 포함되어 있습니다. 이 문자는 현재 원본 문자 집합에서 잘못된 문자입니다(코드 페이지 65001).
C:\Users\보경\source\repos\bestfit\sub.cpp(1,1): warning C4828: 파일에 0x2cd 오프셋에서 시작하는 문자가 포함되어 있습니다. 이 문자는 현재 원본 문자 집합에서 잘못된 문자입니다(코드 페이지 65001).
C:\Users\보경\source\repos\bestfit\merge_sort.cpp(1,1): warning C4828: 파일에 0x484 오프셋에서 시작하는 문자가 포함되어 있습니다. 이 문자는 현재 원본 문자 집합에서 잘못된 문자입니다(코드 페이지 65001).
C:\Users\보경\source\repos\bestfit\utility.cpp(1,1): warning C4828: 파일에 0x299 오프셋에서 시작하는 문자가 포함되어 있습니다. 이 문자는 현재 원본 문자 집합에서 잘못된 문자입니다(코드 페이지 65001).
C:\Users\보경\source\repos\bestfit\sub.cpp(1,1): warning C4828: 파일에 0x2ce 오프셋에서 시작하는 문자가 포함되어 있습니다. 이 문자는 현재 원본 문자 집합에서 잘못된 문자입니다(코드 페이지 65001).
C:\Users\보경\source\repos\bestfit\merge_sort.cpp(1,1): warning C4828: 파일에 0x485 오프셋에서 시작하는 문자가 포함되어 있습니다. 이 문자는 현재 원본 문자 집합에서 잘못된 문자입니다(코드 페이지 65001).
C:\Users\보경\source\repos\bestfit\bst.cpp(1,1): warning C4828: 파일에 0x302 오프셋에서 시작하는 문자가 포함되어 있습니다. 이 문자는 현재 원본 문자 집합에서 잘못된 문자입니다(코드 페이지 65001).
C:\Users\보경\source\repos\bestfit\sub.cpp(1,1): warning C4828: 파일에 0x2d0 오프셋에서 시작하는 문자가 포함되어 있습니다. 이 문자는 현재 원본 문자 집합에서 잘못된 문자입니다(코드 페이지 65001).
C:\Users\보경\source\repos\bestfit\utility.cpp(1,1): warning C4828: 파일에 0x29c 오프셋에서 시작하는 문자가 포함되어 있습니다. 이 문자는 현재 원본 문자 집합에서 잘못된 문자입니다(코드 페이지 65001).
C:\Users\보경\source\repos\bestfit\sub.cpp(1,1): warning C4828: 파일에 0x2d2 오프셋에서 시작하는 문자가 포함되어 있습니다. 이 문자는 현재 원본 문자 집합에서 잘못된 문자입니다(코드 페이지 65001).
C:\Users\보경\source\repos\bestfit\merge_sort.cpp(1,1): warning C4828: 파일에 0x486 오프셋에서 시작하는 문자가 포함되어 있습니다. 이 문자는 현재 원본 문자 집합에서 잘못된 문자입니다(코드 페이지 65001).
C:\Users\보경\source\repos\bestfit\bst.cpp(1,1): warning C4828: 파일에 0x303 오프셋에서 시작하는 문자가 포함되어 있습니다. 이 문자는 현재 원본 문자 집합에서 잘못된 문자입니다(코드 페이지 65001).
C:\Users\보경\source\repos\bestfit\utility.cpp(1,1): warning C4828: 파일에 0x29d 오프셋에서 시작하는 문자가 포함되어 있습니다. 이 문자는 현재 원본 문자 집합에서 잘못된 문자입니다(코드 페이지 65001).
C:\Users\보경\source\repos\bestfit\sub.cpp(1,1): warning C4828: 파일에 0x2d3 오프셋에서 시작하는 문자가 포함되어 있습니다. 이 문자는 현재 원본 문자 집합에서 잘못된 문자입니다(코드 페이지 65001).
C:\Users\보경\source\repos\bestfit\merge_sort.cpp(1,1): warning C4828: 파일에 0x487 오프셋에서 시작하는 문자가 포함되어 있습니다. 이 문자는 현재 원본 문자 집합에서 잘못된 문자입니다(코드 페이지 65001).
C:\Users\보경\source\repos\bestfit\bst.cpp(1,1): warning C4828: 파일에 0x304 오프셋에서 시작하는 문자가 포함되어 있습니다. 이 문자는 현재 원본 문자 집합에서 잘못된 문자입니다(코드 페이지 65001).
C:\Users\보경\source\repos\bestfit\sub.cpp(1,1): warning C4828: 파일에 0x4ea 오프셋에서 시작하는 문자가 포함되어 있습니다. 이 문자는 현재 원본 문자 집합에서 잘못된 문자입니다(코드 페이지 65001).
C:\Users\보경\source\repos\bestfit\merge_sort.cpp(1,1): warning C4828: 파일에 0x54d 오프셋에서 시작하는 문자가 포함되어 있습니다. 이 문자는 현재 원본 문자 집합에서 잘못된 문자입니다(코드 페이지 65001).
C:\Users\보경\source\repos\bestfit\utility.cpp(1,1): warning C4828: 파일에 0x2a3 오프셋에서 시작하는 문자가 포함되어 있습니다. 이 문자는 현재 원본 문자 집합에서 잘못된 문자입니다(코드 페이지 65001).
C:\Users\보경\source\repos\bestfit\sub.cpp(1,1): warning C4828: 파일에 0x4eb 오프셋에서 시작하는 문자가 포함되어 있습니다. 이 문자는 현재 원본 문자 집합에서 잘못된 문자입니다(코드 페이지 65001).
C:\Users\보경\source\repos\bestfit\bst.cpp(1,1): warning C4828: 파일에 0x305 오프셋에서 시작하는 문자가 포함되어 있습니다. 이 문자는 현재 원본 문자 집합에서 잘못된 문자입니다(코드 페이지 65001).
C:\Users\보경\source\repos\bestfit\merge_sort.cpp(1,1): warning C4828: 파일에 0x54e 오프셋에서 시작하는 문자가 포함되어 있습니다. 이 문자는 현재 원본 문자 집합에서 잘못된 문자입니다(코드 페이지 65001).
C:\Users\보경\source\repos\bestfit\utility.cpp(1,1): warning C4828: 파일에 0x2a4 오프셋에서 시작하는 문자가 포함되어 있습니다. 이 문자는 현재 원본 문자 집합에서 잘못된 문자입니다(코드 페이지 65001).
C:\Users\보경\source\repos\bestfit\sub.cpp(1,1): warning C4828: 파일에 0x4ef 오프셋에서 시작하는 문자가 포함되어 있습니다. 이 문자는 현재 원본 문자 집합에서 잘못된 문자입니다(코드 페이지 65001).
C:\Users\보경\source\repos\bestfit\bst.cpp(1,1): warning C4828: 파일에 0x307 오프셋에서 시작하는 문자가 포함되어 있습니다. 이 문자는 현재 원본 문자 집합에서 잘못된 문자입니다(코드 페이지 65001).
C:\Users\보경\source\repos\bestfit\merge_sort.cpp(1,1): warning C4828: 파일에 0x54f 오프셋에서 시작하는 문자가 포함되어 있습니다. 이 문자는 현재 원본 문자 집합에서 잘못된 문자입니다(코드 페이지 65001).
C:\Users\보경\source\repos\bestfit\utility.cpp(1,1): warning C4828: 파일에 0x2a6 오프셋에서 시작하는 문자가 포함되어 있습니다. 이 문자는 현재 원본 문자 집합에서 잘못된 문자입니다(코드 페이지 65001).
C:\Users\보경\source\repos\bestfit\sub.cpp(1,1): warning C4828: 파일에 0x4f1 오프셋에서 시작하는 문자가 포함되어 있습니다. 이 문자는 현재 원본 문자 집합에서 잘못된 문자입니다(코드 페이지 65001).
C:\Users\보경\source\repos\bestfit\bst.cpp(1,1): warning C4828: 파일에 0x309 오프셋에서 시작하는 문자가 포함되어 있습니다. 이 문자는 현재 원본 문자 집합에서 잘못된 문자입니다(코드 페이지 65001).
C:\Users\보경\source\repos\bestfit\merge_sort.cpp(1,1): warning C4828: 파일에 0x550 오프셋에서 시작하는 문자가 포함되어 있습니다. 이 문자는 현재 원본 문자 집합에서 잘못된 문자입니다(코드 페이지 65001).
C:\Users\보경\source\repos\bestfit\sub.cpp(1,1): warning C4828: 파일에 0x4f2 오프셋에서 시작하는 문자가 포함되어 있습니다. 이 문자는 현재 원본 문자 집합에서 잘못된 문자입니다(코드 페이지 65001).
C:\Users\보경\source\repos\bestfit\utility.cpp(1,1): warning C4828: 파일에 0x2a9 오프셋에서 시작하는 문자가 포함되어 있습니다. 이 문자는 현재 원본 문자 집합에서 잘못된 문자입니다(코드 페이지 65001).
C:\Users\보경\source\repos\bestfit\bst.cpp(1,1): warning C4828: 파일에 0x30c 오프셋에서 시작하는 문자가 포함되어 있습니다. 이 문자는 현재 원본 문자 집합에서 잘못된 문자입니다(코드 페이지 65001).
C:\Users\보경\source\repos\bestfit\merge_sort.cpp(1,1): warning C4828: 파일에 0x553 오프셋에서 시작하는 문자가 포함되어 있습니다. 이 문자는 현재 원본 문자 집합에서 잘못된 문자입니다(코드 페이지 65001).
C:\Users\보경\source\repos\bestfit\sub.cpp(1,1): warning C4828: 파일에 0x4f3 오프셋에서 시작하는 문자가 포함되어 있습니다. 이 문자는 현재 원본 문자 집합에서 잘못된 문자입니다(코드 페이지 65001).
C:\Users\보경\source\repos\bestfit\utility.cpp(1,1): warning C4828: 파일에 0x2ac 오프셋에서 시작하는 문자가 포함되어 있습니다. 이 문자는 현재 원본 문자 집합에서 잘못된 문자입니다(코드 페이지 65001).
C:\Users\보경\source\repos\bestfit\bst.cpp(1,1): warning C4828: 파일에 0x30d 오프셋에서 시작하는 문자가 포함되어 있습니다. 이 문자는 현재 원본 문자 집합에서 잘못된 문자입니다(코드 페이지 65001).
C:\Users\보경\source\repos\bestfit\merge_sort.cpp(1,1): warning C4828: 파일에 0x554 오프셋에서 시작하는 문자가 포함되어 있습니다. 이 문자는 현재 원본 문자 집합에서 잘못된 문자입니다(코드 페이지 65001).
C:\Users\보경\source\repos\bestfit\sub.cpp(1,1): warning C4828: 파일에 0x4f4 오프셋에서 시작하는 문자가 포함되어 있습니다. 이 문자는 현재 원본 문자 집합에서 잘못된 문자입니다(코드 페이지 65001).
C:\Users\보경\source\repos\bestfit\merge_sort.cpp(1,1): warning C4828: 파일에 0x555 오프셋에서 시작하는 문자가 포함되어 있습니다. 이 문자는 현재 원본 문자 집합에서 잘못된 문자입니다(코드 페이지 65001).
C:\Users\보경\source\repos\bestfit\bst.cpp(1,1): warning C4828: 파일에 0x30e 오프셋에서 시작하는 문자가 포함되어 있습니다. 이 문자는 현재 원본 문자 집합에서 잘못된 문자입니다(코드 페이지 65001).
C:\Users\보경\source\repos\bestfit\utility.cpp(1,1): warning C4828: 파일에 0x2ad 오프셋에서 시작하는 문자가 포함되어 있습니다. 이 문자는 현재 원본 문자 집합에서 잘못된 문자입니다(코드 페이지 65001).
C:\Users\보경\source\repos\bestfit\sub.cpp(1,1): warning C4828: 파일에 0x4f6 오프셋에서 시작하는 문자가 포함되어 있습니다. 이 문자는 현재 원본 문자 집합에서 잘못된 문자입니다(코드 페이지 65001).
C:\Users\보경\source\repos\bestfit\merge_sort.cpp(1,1): warning C4828: 파일에 0x557 오프셋에서 시작하는 문자가 포함되어 있습니다. 이 문자는 현재 원본 문자 집합에서 잘못된 문자입니다(코드 페이지 65001).
C:\Users\보경\source\repos\bestfit\utility.cpp(1,1): warning C4828: 파일에 0x2af 오프셋에서 시작하는 문자가 포함되어 있습니다. 이 문자는 현재 원본 문자 집합에서 잘못된 문자입니다(코드 페이지 65001).
C:\Users\보경\source\repos\bestfit\sub.cpp(1,1): warning C4828: 파일에 0x4f8 오프셋에서 시작하는 문자가 포함되어 있습니다. 이 문자는 현재 원본 문자 집합에서 잘못된 문자입니다(코드 페이지 65001).
C:\Users\보경\source\repos\bestfit\bst.cpp(1,1): warning C4828: 파일에 0x310 오프셋에서 시작하는 문자가 포함되어 있습니다. 이 문자는 현재 원본 문자 집합에서 잘못된 문자입니다(코드 페이지 65001).
C:\Users\보경\source\repos\bestfit\merge_sort.cpp(1,1): warning C4828: 파일에 0x558 오프셋에서 시작하는 문자가 포함되어 있습니다. 이 문자는 현재 원본 문자 집합에서 잘못된 문자입니다(코드 페이지 65001).
C:\Users\보경\source\repos\bestfit\sub.cpp(1,1): warning C4828: 파일에 0x4f9 오프셋에서 시작하는 문자가 포함되어 있습니다. 이 문자는 현재 원본 문자 집합에서 잘못된 문자입니다(코드 페이지 65001).
C:\Users\보경\source\repos\bestfit\bst.cpp(1,1): warning C4828: 파일에 0x317 오프셋에서 시작하는 문자가 포함되어 있습니다. 이 문자는 현재 원본 문자 집합에서 잘못된 문자입니다(코드 페이지 65001).
C:\Users\보경\source\repos\bestfit\utility.cpp(1,1): warning C4828: 파일에 0x2b0 오프셋에서 시작하는 문자가 포함되어 있습니다. 이 문자는 현재 원본 문자 집합에서 잘못된 문자입니다(코드 페이지 65001).
C:\Users\보경\source\repos\bestfit\merge_sort.cpp(1,1): warning C4828: 파일에 0x559 오프셋에서 시작하는 문자가 포함되어 있습니다. 이 문자는 현재 원본 문자 집합에서 잘못된 문자입니다(코드 페이지 65001).
C:\Users\보경\source\repos\bestfit\sub.cpp(1,1): warning C4828: 파일에 0x4fc 오프셋에서 시작하는 문자가 포함되어 있습니다. 이 문자는 현재 원본 문자 집합에서 잘못된 문자입니다(코드 페이지 65001).
C:\Users\보경\source\repos\bestfit\bst.cpp(1,1): warning C4828: 파일에 0x31c 오프셋에서 시작하는 문자가 포함되어 있습니다. 이 문자는 현재 원본 문자 집합에서 잘못된 문자입니다(코드 페이지 65001).
C:\Users\보경\source\repos\bestfit\sub.cpp(1,1): warning C4828: 파일에 0x4fd 오프셋에서 시작하는 문자가 포함되어 있습니다. 이 문자는 현재 원본 문자 집합에서 잘못된 문자입니다(코드 페이지 65001).
C:\Users\보경\source\repos\bestfit\merge_sort.cpp(1,1): warning C4828: 파일에 0x65c 오프셋에서 시작하는 문자가 포함되어 있습니다. 이 문자는 현재 원본 문자 집합에서 잘못된 문자입니다(코드 페이지 65001).
C:\Users\보경\source\repos\bestfit\utility.cpp(1,1): warning C4828: 파일에 0x2b6 오프셋에서 시작하는 문자가 포함되어 있습니다. 이 문자는 현재 원본 문자 집합에서 잘못된 문자입니다(코드 페이지 65001).
C:\Users\보경\source\repos\bestfit\bst.cpp(1,1): warning C4828: 파일에 0x31e 오프셋에서 시작하는 문자가 포함되어 있습니다. 이 문자는 현재 원본 문자 집합에서 잘못된 문자입니다(코드 페이지 65001).
C:\Users\보경\source\repos\bestfit\sub.cpp(1,1): warning C4828: 파일에 0x4fe 오프셋에서 시작하는 문자가 포함되어 있습니다. 이 문자는 현재 원본 문자 집합에서 잘못된 문자입니다(코드 페이지 65001).
C:\Users\보경\source\repos\bestfit\utility.cpp(1,1): warning C4828: 파일에 0x2bb 오프셋에서 시작하는 문자가 포함되어 있습니다. 이 문자는 현재 원본 문자 집합에서 잘못된 문자입니다(코드 페이지 65001).
C:\Users\보경\source\repos\bestfit\sub.cpp(1,1): warning C4828: 파일에 0x4ff 오프셋에서 시작하는 문자가 포함되어 있습니다. 이 문자는 현재 원본 문자 집합에서 잘못된 문자입니다(코드 페이지 65001).
C:\Users\보경\source\repos\bestfit\bst.cpp(1,1): warning C4828: 파일에 0x31f 오프셋에서 시작하는 문자가 포함되어 있습니다. 이 문자는 현재 원본 문자 집합에서 잘못된 문자입니다(코드 페이지 65001).
C:\Users\보경\source\repos\bestfit\merge_sort.cpp(1,1): warning C4828: 파일에 0x65f 오프셋에서 시작하는 문자가 포함되어 있습니다. 이 문자는 현재 원본 문자 집합에서 잘못된 문자입니다(코드 페이지 65001).
C:\Users\보경\source\repos\bestfit\utility.cpp(1,1): warning C4828: 파일에 0x2bc 오프셋에서 시작하는 문자가 포함되어 있습니다. 이 문자는 현재 원본 문자 집합에서 잘못된 문자입니다(코드 페이지 65001).
C:\Users\보경\source\repos\bestfit\sub.cpp(1,1): warning C4828: 파일에 0x501 오프셋에서 시작하는 문자가 포함되어 있습니다. 이 문자는 현재 원본 문자 집합에서 잘못된 문자입니다(코드 페이지 65001).
C:\Users\보경\source\repos\bestfit\bst.cpp(1,1): warning C4828: 파일에 0x320 오프셋에서 시작하는 문자가 포함되어 있습니다. 이 문자는 현재 원본 문자 집합에서 잘못된 문자입니다(코드 페이지 65001).
C:\Users\보경\source\repos\bestfit\merge_sort.cpp(1,1): warning C4828: 파일에 0x661 오프셋에서 시작하는 문자가 포함되어 있습니다. 이 문자는 현재 원본 문자 집합에서 잘못된 문자입니다(코드 페이지 65001).
C:\Users\보경\source\repos\bestfit\sub.cpp(1,1): warning C4828: 파일에 0x502 오프셋에서 시작하는 문자가 포함되어 있습니다. 이 문자는 현재 원본 문자 집합에서 잘못된 문자입니다(코드 페이지 65001).
C:\Users\보경\source\repos\bestfit\utility.cpp(1,1): warning C4828: 파일에 0x2c0 오프셋에서 시작하는 문자가 포함되어 있습니다. 이 문자는 현재 원본 문자 집합에서 잘못된 문자입니다(코드 페이지 65001).
C:\Users\보경\source\repos\bestfit\bst.cpp(1,1): warning C4828: 파일에 0x324 오프셋에서 시작하는 문자가 포함되어 있습니다. 이 문자는 현재 원본 문자 집합에서 잘못된 문자입니다(코드 페이지 65001).
C:\Users\보경\source\repos\bestfit\utility.cpp(1,1): warning C4828: 파일에 0x2c2 오프셋에서 시작하는 문자가 포함되어 있습니다. 이 문자는 현재 원본 문자 집합에서 잘못된 문자입니다(코드 페이지 65001).
C:\Users\보경\source\repos\bestfit\bst.cpp(1,1): warning C4828: 파일에 0x327 오프셋에서 시작하는 문자가 포함되어 있습니다. 이 문자는 현재 원본 문자 집합에서 잘못된 문자입니다(코드 페이지 65001).
C:\Users\보경\source\repos\bestfit\merge_sort.cpp(1,1): warning C4828: 파일에 0x663 오프셋에서 시작하는 문자가 포함되어 있습니다. 이 문자는 현재 원본 문자 집합에서 잘못된 문자입니다(코드 페이지 65001).
C:\Users\보경\source\repos\bestfit\sub.cpp(1,1): warning C4828: 파일에 0x503 오프셋에서 시작하는 문자가 포함되어 있습니다. 이 문자는 현재 원본 문자 집합에서 잘못된 문자입니다(코드 페이지 65001).
C:\Users\보경\source\repos\bestfit\utility.cpp(1,1): warning C4828: 파일에 0x2c4 오프셋에서 시작하는 문자가 포함되어 있습니다. 이 문자는 현재 원본 문자 집합에서 잘못된 문자입니다(코드 페이지 65001).
C:\Users\보경\source\repos\bestfit\bst.cpp(1,1): warning C4828: 파일에 0x329 오프셋에서 시작하는 문자가 포함되어 있습니다. 이 문자는 현재 원본 문자 집합에서 잘못된 문자입니다(코드 페이지 65001).
C:\Users\보경\source\repos\bestfit\sub.cpp(1,1): warning C4828: 파일에 0x507 오프셋에서 시작하는 문자가 포함되어 있습니다. 이 문자는 현재 원본 문자 집합에서 잘못된 문자입니다(코드 페이지 65001).
C:\Users\보경\source\repos\bestfit\merge_sort.cpp(1,1): warning C4828: 파일에 0x664 오프셋에서 시작하는 문자가 포함되어 있습니다. 이 문자는 현재 원본 문자 집합에서 잘못된 문자입니다(코드 페이지 65001).
C:\Users\보경\source\repos\bestfit\bst.cpp(1,1): warning C4828: 파일에 0x32a 오프셋에서 시작하는 문자가 포함되어 있습니다. 이 문자는 현재 원본 문자 집합에서 잘못된 문자입니다(코드 페이지 65001).
C:\Users\보경\source\repos\bestfit\utility.cpp(1,1): warning C4828: 파일에 0x2c5 오프셋에서 시작하는 문자가 포함되어 있습니다. 이 문자는 현재 원본 문자 집합에서 잘못된 문자입니다(코드 페이지 65001).
C:\Users\보경\source\repos\bestfit\sub.cpp(1,1): warning C4828: 파일에 0x508 오프셋에서 시작하는 문자가 포함되어 있습니다. 이 문자는 현재 원본 문자 집합에서 잘못된 문자입니다(코드 페이지 65001).
C:\Users\보경\source\repos\bestfit\merge_sort.cpp(1,1): warning C4828: 파일에 0x666 오프셋에서 시작하는 문자가 포함되어 있습니다. 이 문자는 현재 원본 문자 집합에서 잘못된 문자입니다(코드 페이지 65001).
C:\Users\보경\source\repos\bestfit\utility.cpp(1,1): warning C4828: 파일에 0x2cf 오프셋에서 시작하는 문자가 포함되어 있습니다. 이 문자는 현재 원본 문자 집합에서 잘못된 문자입니다(코드 페이지 65001).
C:\Users\보경\source\repos\bestfit\bst.cpp(1,1): warning C4828: 파일에 0x32b 오프셋에서 시작하는 문자가 포함되어 있습니다. 이 문자는 현재 원본 문자 집합에서 잘못된 문자입니다(코드 페이지 65001).
C:\Users\보경\source\repos\bestfit\sub.cpp(1,1): warning C4828: 파일에 0x50c 오프셋에서 시작하는 문자가 포함되어 있습니다. 이 문자는 현재 원본 문자 집합에서 잘못된 문자입니다(코드 페이지 65001).
C:\Users\보경\source\repos\bestfit\merge_sort.cpp(1,1): warning C4828: 파일에 0x669 오프셋에서 시작하는 문자가 포함되어 있습니다. 이 문자는 현재 원본 문자 집합에서 잘못된 문자입니다(코드 페이지 65001).
C:\Users\보경\source\repos\bestfit\utility.cpp(1,1): warning C4828: 파일에 0x2d0 오프셋에서 시작하는 문자가 포함되어 있습니다. 이 문자는 현재 원본 문자 집합에서 잘못된 문자입니다(코드 페이지 65001).
C:\Users\보경\source\repos\bestfit\bst.cpp(1,1): warning C4828: 파일에 0x32c 오프셋에서 시작하는 문자가 포함되어 있습니다. 이 문자는 현재 원본 문자 집합에서 잘못된 문자입니다(코드 페이지 65001).
C:\Users\보경\source\repos\bestfit\sub.cpp(1,1): warning C4828: 파일에 0x50d 오프셋에서 시작하는 문자가 포함되어 있습니다. 이 문자는 현재 원본 문자 집합에서 잘못된 문자입니다(코드 페이지 65001).
C:\Users\보경\source\repos\bestfit\merge_sort.cpp(1,1): warning C4828: 파일에 0x6df 오프셋에서 시작하는 문자가 포함되어 있습니다. 이 문자는 현재 원본 문자 집합에서 잘못된 문자입니다(코드 페이지 65001).
C:\Users\보경\source\repos\bestfit\utility.cpp(1,1): warning C4828: 파일에 0x2d1 오프셋에서 시작하는 문자가 포함되어 있습니다. 이 문자는 현재 원본 문자 집합에서 잘못된 문자입니다(코드 페이지 65001).
C:\Users\보경\source\repos\bestfit\bst.cpp(1,1): warning C4828: 파일에 0x486 오프셋에서 시작하는 문자가 포함되어 있습니다. 이 문자는 현재 원본 문자 집합에서 잘못된 문자입니다(코드 페이지 65001).
C:\Users\보경\source\repos\bestfit\sub.cpp(1,1): warning C4828: 파일에 0x5e2 오프셋에서 시작하는 문자가 포함되어 있습니다. 이 문자는 현재 원본 문자 집합에서 잘못된 문자입니다(코드 페이지 65001).
C:\Users\보경\source\repos\bestfit\merge_sort.cpp(1,1): warning C4828: 파일에 0x6e0 오프셋에서 시작하는 문자가 포함되어 있습니다. 이 문자는 현재 원본 문자 집합에서 잘못된 문자입니다(코드 페이지 65001).
C:\Users\보경\source\repos\bestfit\utility.cpp(1,1): warning C4828: 파일에 0x2d2 오프셋에서 시작하는 문자가 포함되어 있습니다. 이 문자는 현재 원본 문자 집합에서 잘못된 문자입니다(코드 페이지 65001).
C:\Users\보경\source\repos\bestfit\bst.cpp(1,1): warning C4828: 파일에 0x487 오프셋에서 시작하는 문자가 포함되어 있습니다. 이 문자는 현재 원본 문자 집합에서 잘못된 문자입니다(코드 페이지 65001).
C:\Users\보경\source\repos\bestfit\sub.cpp(1,1): warning C4828: 파일에 0x5e4 오프셋에서 시작하는 문자가 포함되어 있습니다. 이 문자는 현재 원본 문자 집합에서 잘못된 문자입니다(코드 페이지 65001).
C:\Users\보경\source\repos\bestfit\bst.cpp(1,1): warning C4828: 파일에 0x489 오프셋에서 시작하는 문자가 포함되어 있습니다. 이 문자는 현재 원본 문자 집합에서 잘못된 문자입니다(코드 페이지 65001).
C:\Users\보경\source\repos\bestfit\utility.cpp(1,1): warning C4828: 파일에 0x2d6 오프셋에서 시작하는 문자가 포함되어 있습니다. 이 문자는 현재 원본 문자 집합에서 잘못된 문자입니다(코드 페이지 65001).
C:\Users\보경\source\repos\bestfit\merge_sort.cpp(1,1): warning C4828: 파일에 0x6e3 오프셋에서 시작하는 문자가 포함되어 있습니다. 이 문자는 현재 원본 문자 집합에서 잘못된 문자입니다(코드 페이지 65001).
C:\Users\보경\source\repos\bestfit\sub.cpp(1,1): warning C4828: 파일에 0x5e5 오프셋에서 시작하는 문자가 포함되어 있습니다. 이 문자는 현재 원본 문자 집합에서 잘못된 문자입니다(코드 페이지 65001).
C:\Users\보경\source\repos\bestfit\bst.cpp(1,1): warning C4828: 파일에 0x48d 오프셋에서 시작하는 문자가 포함되어 있습니다. 이 문자는 현재 원본 문자 집합에서 잘못된 문자입니다(코드 페이지 65001).
C:\Users\보경\source\repos\bestfit\utility.cpp(1,1): warning C4828: 파일에 0x2d7 오프셋에서 시작하는 문자가 포함되어 있습니다. 이 문자는 현재 원본 문자 집합에서 잘못된 문자입니다(코드 페이지 65001).
C:\Users\보경\source\repos\bestfit\merge_sort.cpp(1,1): warning C4828: 파일에 0x6e4 오프셋에서 시작하는 문자가 포함되어 있습니다. 이 문자는 현재 원본 문자 집합에서 잘못된 문자입니다(코드 페이지 65001).
C:\Users\보경\source\repos\bestfit\sub.cpp(1,1): warning C4828: 파일에 0x5e7 오프셋에서 시작하는 문자가 포함되어 있습니다. 이 문자는 현재 원본 문자 집합에서 잘못된 문자입니다(코드 페이지 65001).
C:\Users\보경\source\repos\bestfit\bst.cpp(1,1): warning C4828: 파일에 0x48e 오프셋에서 시작하는 문자가 포함되어 있습니다. 이 문자는 현재 원본 문자 집합에서 잘못된 문자입니다(코드 페이지 65001).
C:\Users\보경\source\repos\bestfit\utility.cpp(1,1): warning C4828: 파일에 0x320 오프셋에서 시작하는 문자가 포함되어 있습니다. 이 문자는 현재 원본 문자 집합에서 잘못된 문자입니다(코드 페이지 65001).
C:\Users\보경\source\repos\bestfit\merge_sort.cpp(1,1): warning C4828: 파일에 0x6e5 오프셋에서 시작하는 문자가 포함되어 있습니다. 이 문자는 현재 원본 문자 집합에서 잘못된 문자입니다(코드 페이지 65001).
C:\Users\보경\source\repos\bestfit\sub.cpp(1,1): warning C4828: 파일에 0x5ea 오프셋에서 시작하는 문자가 포함되어 있습니다. 이 문자는 현재 원본 문자 집합에서 잘못된 문자입니다(코드 페이지 65001).
C:\Users\보경\source\repos\bestfit\bst.cpp(1,1): warning C4828: 파일에 0x492 오프셋에서 시작하는 문자가 포함되어 있습니다. 이 문자는 현재 원본 문자 집합에서 잘못된 문자입니다(코드 페이지 65001).
C:\Users\보경\source\repos\bestfit\utility.cpp(1,1): warning C4828: 파일에 0x321 오프셋에서 시작하는 문자가 포함되어 있습니다. 이 문자는 현재 원본 문자 집합에서 잘못된 문자입니다(코드 페이지 65001).
C:\Users\보경\source\repos\bestfit\merge_sort.cpp(1,1): warning C4828: 파일에 0x6e6 오프셋에서 시작하는 문자가 포함되어 있습니다. 이 문자는 현재 원본 문자 집합에서 잘못된 문자입니다(코드 페이지 65001).
C:\Users\보경\source\repos\bestfit\sub.cpp(1,1): warning C4828: 파일에 0x5ec 오프셋에서 시작하는 문자가 포함되어 있습니다. 이 문자는 현재 원본 문자 집합에서 잘못된 문자입니다(코드 페이지 65001).
C:\Users\보경\source\repos\bestfit\bst.cpp(1,1): warning C4828: 파일에 0x493 오프셋에서 시작하는 문자가 포함되어 있습니다. 이 문자는 현재 원본 문자 집합에서 잘못된 문자입니다(코드 페이지 65001).
C:\Users\보경\source\repos\bestfit\utility.cpp(1,1): warning C4828: 파일에 0x323 오프셋에서 시작하는 문자가 포함되어 있습니다. 이 문자는 현재 원본 문자 집합에서 잘못된 문자입니다(코드 페이지 65001).
C:\Users\보경\source\repos\bestfit\merge_sort.cpp(1,1): warning C4828: 파일에 0x6e8 오프셋에서 시작하는 문자가 포함되어 있습니다. 이 문자는 현재 원본 문자 집합에서 잘못된 문자입니다(코드 페이지 65001).
C:\Users\보경\source\repos\bestfit\sub.cpp(1,1): warning C4828: 파일에 0x5ed 오프셋에서 시작하는 문자가 포함되어 있습니다. 이 문자는 현재 원본 문자 집합에서 잘못된 문자입니다(코드 페이지 65001).
C:\Users\보경\source\repos\bestfit\utility.cpp(1,1): warning C4828: 파일에 0x325 오프셋에서 시작하는 문자가 포함되어 있습니다. 이 문자는 현재 원본 문자 집합에서 잘못된 문자입니다(코드 페이지 65001).
C:\Users\보경\source\repos\bestfit\bst.cpp(1,1): warning C4828: 파일에 0x494 오프셋에서 시작하는 문자가 포함되어 있습니다. 이 문자는 현재 원본 문자 집합에서 잘못된 문자입니다(코드 페이지 65001).
C:\Users\보경\source\repos\bestfit\sub.cpp(1,1): warning C4828: 파일에 0x5ee 오프셋에서 시작하는 문자가 포함되어 있습니다. 이 문자는 현재 원본 문자 집합에서 잘못된 문자입니다(코드 페이지 65001).
C:\Users\보경\source\repos\bestfit\merge_sort.cpp(1,1): warning C4828: 파일에 0x6e9 오프셋에서 시작하는 문자가 포함되어 있습니다. 이 문자는 현재 원본 문자 집합에서 잘못된 문자입니다(코드 페이지 65001).
C:\Users\보경\source\repos\bestfit\utility.cpp(1,1): warning C4828: 파일에 0x326 오프셋에서 시작하는 문자가 포함되어 있습니다. 이 문자는 현재 원본 문자 집합에서 잘못된 문자입니다(코드 페이지 65001).
C:\Users\보경\source\repos\bestfit\bst.cpp(1,1): warning C4828: 파일에 0x495 오프셋에서 시작하는 문자가 포함되어 있습니다. 이 문자는 현재 원본 문자 집합에서 잘못된 문자입니다(코드 페이지 65001).
C:\Users\보경\source\repos\bestfit\sub.cpp(1,1): warning C4828: 파일에 0x5ef 오프셋에서 시작하는 문자가 포함되어 있습니다. 이 문자는 현재 원본 문자 집합에서 잘못된 문자입니다(코드 페이지 65001).
C:\Users\보경\source\repos\bestfit\utility.cpp(1,1): warning C4828: 파일에 0x32a 오프셋에서 시작하는 문자가 포함되어 있습니다. 이 문자는 현재 원본 문자 집합에서 잘못된 문자입니다(코드 페이지 65001).
C:\Users\보경\source\repos\bestfit\bst.cpp(1,1): warning C4828: 파일에 0x496 오프셋에서 시작하는 문자가 포함되어 있습니다. 이 문자는 현재 원본 문자 집합에서 잘못된 문자입니다(코드 페이지 65001).
C:\Users\보경\source\repos\bestfit\sub.cpp(1,1): warning C4828: 파일에 0x5f2 오프셋에서 시작하는 문자가 포함되어 있습니다. 이 문자는 현재 원본 문자 집합에서 잘못된 문자입니다(코드 페이지 65001).
C:\Users\보경\source\repos\bestfit\merge_sort.cpp(1,1): warning C4828: 파일에 0x6ea 오프셋에서 시작하는 문자가 포함되어 있습니다. 이 문자는 현재 원본 문자 집합에서 잘못된 문자입니다(코드 페이지 65001).
C:\Users\보경\source\repos\bestfit\utility.cpp(1,1): warning C4828: 파일에 0x32b 오프셋에서 시작하는 문자가 포함되어 있습니다. 이 문자는 현재 원본 문자 집합에서 잘못된 문자입니다(코드 페이지 65001).
C:\Users\보경\source\repos\bestfit\bst.cpp(1,1): warning C4828: 파일에 0x498 오프셋에서 시작하는 문자가 포함되어 있습니다. 이 문자는 현재 원본 문자 집합에서 잘못된 문자입니다(코드 페이지 65001).
C:\Users\보경\source\repos\bestfit\sub.cpp(1,1): warning C4828: 파일에 0x5f3 오프셋에서 시작하는 문자가 포함되어 있습니다. 이 문자는 현재 원본 문자 집합에서 잘못된 문자입니다(코드 페이지 65001).
C:\Users\보경\source\repos\bestfit\merge_sort.cpp(1,1): warning C4828: 파일에 0x6ed 오프셋에서 시작하는 문자가 포함되어 있습니다. 이 문자는 현재 원본 문자 집합에서 잘못된 문자입니다(코드 페이지 65001).
C:\Users\보경\source\repos\bestfit\utility.cpp(1,1): warning C4828: 파일에 0x32c 오프셋에서 시작하는 문자가 포함되어 있습니다. 이 문자는 현재 원본 문자 집합에서 잘못된 문자입니다(코드 페이지 65001).
C:\Users\보경\source\repos\bestfit\bst.cpp(1,1): warning C4828: 파일에 0x49a 오프셋에서 시작하는 문자가 포함되어 있습니다. 이 문자는 현재 원본 문자 집합에서 잘못된 문자입니다(코드 페이지 65001).
C:\Users\보경\source\repos\bestfit\merge_sort.cpp(1,1): warning C4828: 파일에 0x6ee 오프셋에서 시작하는 문자가 포함되어 있습니다. 이 문자는 현재 원본 문자 집합에서 잘못된 문자입니다(코드 페이지 65001).
C:\Users\보경\source\repos\bestfit\sub.cpp(1,1): warning C4828: 파일에 0x5f5 오프셋에서 시작하는 문자가 포함되어 있습니다. 이 문자는 현재 원본 문자 집합에서 잘못된 문자입니다(코드 페이지 65001).
C:\Users\보경\source\repos\bestfit\utility.cpp(1,1): warning C4828: 파일에 0x32f 오프셋에서 시작하는 문자가 포함되어 있습니다. 이 문자는 현재 원본 문자 집합에서 잘못된 문자입니다(코드 페이지 65001).
C:\Users\보경\source\repos\bestfit\merge_sort.cpp(1,1): warning C4828: 파일에 0x6ef 오프셋에서 시작하는 문자가 포함되어 있습니다. 이 문자는 현재 원본 문자 집합에서 잘못된 문자입니다(코드 페이지 65001).
C:\Users\보경\source\repos\bestfit\bst.cpp(1,1): warning C4828: 파일에 0x49d 오프셋에서 시작하는 문자가 포함되어 있습니다. 이 문자는 현재 원본 문자 집합에서 잘못된 문자입니다(코드 페이지 65001).
C:\Users\보경\source\repos\bestfit\sub.cpp(1,1): warning C4828: 파일에 0x5f6 오프셋에서 시작하는 문자가 포함되어 있습니다. 이 문자는 현재 원본 문자 집합에서 잘못된 문자입니다(코드 페이지 65001).
C:\Users\보경\source\repos\bestfit\utility.cpp(1,1): warning C4828: 파일에 0x384 오프셋에서 시작하는 문자가 포함되어 있습니다. 이 문자는 현재 원본 문자 집합에서 잘못된 문자입니다(코드 페이지 65001).
C:\Users\보경\source\repos\bestfit\bst.cpp(1,1): warning C4828: 파일에 0x49f 오프셋에서 시작하는 문자가 포함되어 있습니다. 이 문자는 현재 원본 문자 집합에서 잘못된 문자입니다(코드 페이지 65001).
C:\Users\보경\source\repos\bestfit\merge_sort.cpp(1,1): warning C4828: 파일에 0x6f0 오프셋에서 시작하는 문자가 포함되어 있습니다. 이 문자는 현재 원본 문자 집합에서 잘못된 문자입니다(코드 페이지 65001).
C:\Users\보경\source\repos\bestfit\sub.cpp(1,1): warning C4828: 파일에 0x6bb 오프셋에서 시작하는 문자가 포함되어 있습니다. 이 문자는 현재 원본 문자 집합에서 잘못된 문자입니다(코드 페이지 65001).
C:\Users\보경\source\repos\bestfit\utility.cpp(1,1): warning C4828: 파일에 0x385 오프셋에서 시작하는 문자가 포함되어 있습니다. 이 문자는 현재 원본 문자 집합에서 잘못된 문자입니다(코드 페이지 65001).
C:\Users\보경\source\repos\bestfit\sub.cpp(1,1): warning C4828: 파일에 0x6bc 오프셋에서 시작하는 문자가 포함되어 있습니다. 이 문자는 현재 원본 문자 집합에서 잘못된 문자입니다(코드 페이지 65001).
C:\Users\보경\source\repos\bestfit\bst.cpp(1,1): warning C4828: 파일에 0x4a0 오프셋에서 시작하는 문자가 포함되어 있습니다. 이 문자는 현재 원본 문자 집합에서 잘못된 문자입니다(코드 페이지 65001).
C:\Users\보경\source\repos\bestfit\utility.cpp(1,1): warning C4828: 파일에 0x387 오프셋에서 시작하는 문자가 포함되어 있습니다. 이 문자는 현재 원본 문자 집합에서 잘못된 문자입니다(코드 페이지 65001).
C:\Users\보경\source\repos\bestfit\merge_sort.cpp(1,1): warning C4828: 파일에 0x6f2 오프셋에서 시작하는 문자가 포함되어 있습니다. 이 문자는 현재 원본 문자 집합에서 잘못된 문자입니다(코드 페이지 65001).
C:\Users\보경\source\repos\bestfit\utility.cpp(1,1): warning C4828: 파일에 0x389 오프셋에서 시작하는 문자가 포함되어 있습니다. 이 문자는 현재 원본 문자 집합에서 잘못된 문자입니다(코드 페이지 65001).
C:\Users\보경\source\repos\bestfit\bst.cpp(1,1): warning C4828: 파일에 0x4a3 오프셋에서 시작하는 문자가 포함되어 있습니다. 이 문자는 현재 원본 문자 집합에서 잘못된 문자입니다(코드 페이지 65001).
C:\Users\보경\source\repos\bestfit\sub.cpp(1,1): warning C4828: 파일에 0x6c0 오프셋에서 시작하는 문자가 포함되어 있습니다. 이 문자는 현재 원본 문자 집합에서 잘못된 문자입니다(코드 페이지 65001).
C:\Users\보경\source\repos\bestfit\merge_sort.cpp(1,1): warning C4828: 파일에 0x6f3 오프셋에서 시작하는 문자가 포함되어 있습니다. 이 문자는 현재 원본 문자 집합에서 잘못된 문자입니다(코드 페이지 65001).
C:\Users\보경\source\repos\bestfit\sub.cpp(1,1): warning C4828: 파일에 0x6c3 오프셋에서 시작하는 문자가 포함되어 있습니다. 이 문자는 현재 원본 문자 집합에서 잘못된 문자입니다(코드 페이지 65001).
C:\Users\보경\source\repos\bestfit\utility.cpp(1,1): warning C4828: 파일에 0x38a 오프셋에서 시작하는 문자가 포함되어 있습니다. 이 문자는 현재 원본 문자 집합에서 잘못된 문자입니다(코드 페이지 65001).
C:\Users\보경\source\repos\bestfit\bst.cpp(1,1): warning C4828: 파일에 0x4a4 오프셋에서 시작하는 문자가 포함되어 있습니다. 이 문자는 현재 원본 문자 집합에서 잘못된 문자입니다(코드 페이지 65001).
C:\Users\보경\source\repos\bestfit\merge_sort.cpp(1,1): warning C4828: 파일에 0x7d1 오프셋에서 시작하는 문자가 포함되어 있습니다. 이 문자는 현재 원본 문자 집합에서 잘못된 문자입니다(코드 페이지 65001).
C:\Users\보경\source\repos\bestfit\sub.cpp(1,1): warning C4828: 파일에 0x6c7 오프셋에서 시작하는 문자가 포함되어 있습니다. 이 문자는 현재 원본 문자 집합에서 잘못된 문자입니다(코드 페이지 65001).
C:\Users\보경\source\repos\bestfit\bst.cpp(1,1): warning C4828: 파일에 0x4a6 오프셋에서 시작하는 문자가 포함되어 있습니다. 이 문자는 현재 원본 문자 집합에서 잘못된 문자입니다(코드 페이지 65001).
C:\Users\보경\source\repos\bestfit\utility.cpp(1,1): warning C4828: 파일에 0x38e 오프셋에서 시작하는 문자가 포함되어 있습니다. 이 문자는 현재 원본 문자 집합에서 잘못된 문자입니다(코드 페이지 65001).
C:\Users\보경\source\repos\bestfit\merge_sort.cpp(1,1): warning C4828: 파일에 0x7d2 오프셋에서 시작하는 문자가 포함되어 있습니다. 이 문자는 현재 원본 문자 집합에서 잘못된 문자입니다(코드 페이지 65001).
C:\Users\보경\source\repos\bestfit\sub.cpp(1,1): warning C4828: 파일에 0x6c9 오프셋에서 시작하는 문자가 포함되어 있습니다. 이 문자는 현재 원본 문자 집합에서 잘못된 문자입니다(코드 페이지 65001).
C:\Users\보경\source\repos\bestfit\merge_sort.cpp(1,1): warning C4828: 파일에 0x7d4 오프셋에서 시작하는 문자가 포함되어 있습니다. 이 문자는 현재 원본 문자 집합에서 잘못된 문자입니다(코드 페이지 65001).
C:\Users\보경\source\repos\bestfit\bst.cpp(1,1): warning C4828: 파일에 0x4a7 오프셋에서 시작하는 문자가 포함되어 있습니다. 이 문자는 현재 원본 문자 집합에서 잘못된 문자입니다(코드 페이지 65001).
C:\Users\보경\source\repos\bestfit\utility.cpp(1,1): warning C4828: 파일에 0x38f 오프셋에서 시작하는 문자가 포함되어 있습니다. 이 문자는 현재 원본 문자 집합에서 잘못된 문자입니다(코드 페이지 65001).
C:\Users\보경\source\repos\bestfit\sub.cpp(1,1): warning C4828: 파일에 0x6ca 오프셋에서 시작하는 문자가 포함되어 있습니다. 이 문자는 현재 원본 문자 집합에서 잘못된 문자입니다(코드 페이지 65001).
C:\Users\보경\source\repos\bestfit\bst.cpp(1,1): warning C4828: 파일에 0x4ab 오프셋에서 시작하는 문자가 포함되어 있습니다. 이 문자는 현재 원본 문자 집합에서 잘못된 문자입니다(코드 페이지 65001).
C:\Users\보경\source\repos\bestfit\merge_sort.cpp(1,1): warning C4828: 파일에 0x7d6 오프셋에서 시작하는 문자가 포함되어 있습니다. 이 문자는 현재 원본 문자 집합에서 잘못된 문자입니다(코드 페이지 65001).
C:\Users\보경\source\repos\bestfit\utility.cpp(1,1): warning C4828: 파일에 0x390 오프셋에서 시작하는 문자가 포함되어 있습니다. 이 문자는 현재 원본 문자 집합에서 잘못된 문자입니다(코드 페이지 65001).
C:\Users\보경\source\repos\bestfit\sub.cpp(1,1): warning C4828: 파일에 0x6cc 오프셋에서 시작하는 문자가 포함되어 있습니다. 이 문자는 현재 원본 문자 집합에서 잘못된 문자입니다(코드 페이지 65001).
C:\Users\보경\source\repos\bestfit\merge_sort.cpp(1,1): warning C4828: 파일에 0x7d7 오프셋에서 시작하는 문자가 포함되어 있습니다. 이 문자는 현재 원본 문자 집합에서 잘못된 문자입니다(코드 페이지 65001).
C:\Users\보경\source\repos\bestfit\bst.cpp(1,1): warning C4828: 파일에 0x4ac 오프셋에서 시작하는 문자가 포함되어 있습니다. 이 문자는 현재 원본 문자 집합에서 잘못된 문자입니다(코드 페이지 65001).
C:\Users\보경\source\repos\bestfit\utility.cpp(1,1): warning C4828: 파일에 0x393 오프셋에서 시작하는 문자가 포함되어 있습니다. 이 문자는 현재 원본 문자 집합에서 잘못된 문자입니다(코드 페이지 65001).
C:\Users\보경\source\repos\bestfit\sub.cpp(1,1): warning C4828: 파일에 0x6ce 오프셋에서 시작하는 문자가 포함되어 있습니다. 이 문자는 현재 원본 문자 집합에서 잘못된 문자입니다(코드 페이지 65001).
C:\Users\보경\source\repos\bestfit\merge_sort.cpp(1,1): warning C4828: 파일에 0x7db 오프셋에서 시작하는 문자가 포함되어 있습니다. 이 문자는 현재 원본 문자 집합에서 잘못된 문자입니다(코드 페이지 65001).
C:\Users\보경\source\repos\bestfit\utility.cpp(1,1): warning C4828: 파일에 0x3e5 오프셋에서 시작하는 문자가 포함되어 있습니다. 이 문자는 현재 원본 문자 집합에서 잘못된 문자입니다(코드 페이지 65001).
C:\Users\보경\source\repos\bestfit\sub.cpp(1,1): warning C4828: 파일에 0x6cf 오프셋에서 시작하는 문자가 포함되어 있습니다. 이 문자는 현재 원본 문자 집합에서 잘못된 문자입니다(코드 페이지 65001).
C:\Users\보경\source\repos\bestfit\bst.cpp(1,1): warning C4828: 파일에 0x4ae 오프셋에서 시작하는 문자가 포함되어 있습니다. 이 문자는 현재 원본 문자 집합에서 잘못된 문자입니다(코드 페이지 65001).
C:\Users\보경\source\repos\bestfit\merge_sort.cpp(1,1): warning C4828: 파일에 0x7dd 오프셋에서 시작하는 문자가 포함되어 있습니다. 이 문자는 현재 원본 문자 집합에서 잘못된 문자입니다(코드 페이지 65001).
C:\Users\보경\source\repos\bestfit\utility.cpp(1,1): warning C4828: 파일에 0x3e6 오프셋에서 시작하는 문자가 포함되어 있습니다. 이 문자는 현재 원본 문자 집합에서 잘못된 문자입니다(코드 페이지 65001).
C:\Users\보경\source\repos\bestfit\sub.cpp(1,1): warning C4828: 파일에 0x71b 오프셋에서 시작하는 문자가 포함되어 있습니다. 이 문자는 현재 원본 문자 집합에서 잘못된 문자입니다(코드 페이지 65001).
C:\Users\보경\source\repos\bestfit\bst.cpp(1,1): warning C4828: 파일에 0x4b0 오프셋에서 시작하는 문자가 포함되어 있습니다. 이 문자는 현재 원본 문자 집합에서 잘못된 문자입니다(코드 페이지 65001).
C:\Users\보경\source\repos\bestfit\merge_sort.cpp(1,1): warning C4828: 파일에 0x7e2 오프셋에서 시작하는 문자가 포함되어 있습니다. 이 문자는 현재 원본 문자 집합에서 잘못된 문자입니다(코드 페이지 65001).
C:\Users\보경\source\repos\bestfit\utility.cpp(1,1): warning C4828: 파일에 0x3e7 오프셋에서 시작하는 문자가 포함되어 있습니다. 이 문자는 현재 원본 문자 집합에서 잘못된 문자입니다(코드 페이지 65001).
C:\Users\보경\source\repos\bestfit\sub.cpp(1,1): warning C4828: 파일에 0x720 오프셋에서 시작하는 문자가 포함되어 있습니다. 이 문자는 현재 원본 문자 집합에서 잘못된 문자입니다(코드 페이지 65001).
C:\Users\보경\source\repos\bestfit\bst.cpp(1,1): warning C4828: 파일에 0x4b1 오프셋에서 시작하는 문자가 포함되어 있습니다. 이 문자는 현재 원본 문자 집합에서 잘못된 문자입니다(코드 페이지 65001).
C:\Users\보경\source\repos\bestfit\merge_sort.cpp(1,1): warning C4828: 파일에 0x7e5 오프셋에서 시작하는 문자가 포함되어 있습니다. 이 문자는 현재 원본 문자 집합에서 잘못된 문자입니다(코드 페이지 65001).
C:\Users\보경\source\repos\bestfit\utility.cpp(1,1): warning C4828: 파일에 0x3e9 오프셋에서 시작하는 문자가 포함되어 있습니다. 이 문자는 현재 원본 문자 집합에서 잘못된 문자입니다(코드 페이지 65001).
C:\Users\보경\source\repos\bestfit\sub.cpp(1,1): warning C4828: 파일에 0x722 오프셋에서 시작하는 문자가 포함되어 있습니다. 이 문자는 현재 원본 문자 집합에서 잘못된 문자입니다(코드 페이지 65001).
C:\Users\보경\source\repos\bestfit\bst.cpp(1,1): warning C4828: 파일에 0x52c 오프셋에서 시작하는 문자가 포함되어 있습니다. 이 문자는 현재 원본 문자 집합에서 잘못된 문자입니다(코드 페이지 65001).
C:\Users\보경\source\repos\bestfit\merge_sort.cpp(1,1): warning C4828: 파일에 0x7e6 오프셋에서 시작하는 문자가 포함되어 있습니다. 이 문자는 현재 원본 문자 집합에서 잘못된 문자입니다(코드 페이지 65001).
C:\Users\보경\source\repos\bestfit\utility.cpp(1,1): warning C4828: 파일에 0x3ea 오프셋에서 시작하는 문자가 포함되어 있습니다. 이 문자는 현재 원본 문자 집합에서 잘못된 문자입니다(코드 페이지 65001).
C:\Users\보경\source\repos\bestfit\sub.cpp(1,1): warning C4828: 파일에 0x723 오프셋에서 시작하는 문자가 포함되어 있습니다. 이 문자는 현재 원본 문자 집합에서 잘못된 문자입니다(코드 페이지 65001).
C:\Users\보경\source\repos\bestfit\bst.cpp(1,1): warning C4828: 파일에 0x52d 오프셋에서 시작하는 문자가 포함되어 있습니다. 이 문자는 현재 원본 문자 집합에서 잘못된 문자입니다(코드 페이지 65001).
C:\Users\보경\source\repos\bestfit\merge_sort.cpp(1,1): warning C4828: 파일에 0x7e7 오프셋에서 시작하는 문자가 포함되어 있습니다. 이 문자는 현재 원본 문자 집합에서 잘못된 문자입니다(코드 페이지 65001).
C:\Users\보경\source\repos\bestfit\utility.cpp(1,1): warning C4828: 파일에 0x3ec 오프셋에서 시작하는 문자가 포함되어 있습니다. 이 문자는 현재 원본 문자 집합에서 잘못된 문자입니다(코드 페이지 65001).
C:\Users\보경\source\repos\bestfit\sub.cpp(1,1): warning C4828: 파일에 0x724 오프셋에서 시작하는 문자가 포함되어 있습니다. 이 문자는 현재 원본 문자 집합에서 잘못된 문자입니다(코드 페이지 65001).
C:\Users\보경\source\repos\bestfit\bst.cpp(1,1): warning C4828: 파일에 0x52f 오프셋에서 시작하는 문자가 포함되어 있습니다. 이 문자는 현재 원본 문자 집합에서 잘못된 문자입니다(코드 페이지 65001).
C:\Users\보경\source\repos\bestfit\merge_sort.cpp(1,1): warning C4828: 파일에 0x7e9 오프셋에서 시작하는 문자가 포함되어 있습니다. 이 문자는 현재 원본 문자 집합에서 잘못된 문자입니다(코드 페이지 65001).
C:\Users\보경\source\repos\bestfit\utility.cpp(1,1): warning C4828: 파일에 0x3ee 오프셋에서 시작하는 문자가 포함되어 있습니다. 이 문자는 현재 원본 문자 집합에서 잘못된 문자입니다(코드 페이지 65001).
C:\Users\보경\source\repos\bestfit\bst.cpp(1,1): warning C4828: 파일에 0x533 오프셋에서 시작하는 문자가 포함되어 있습니다. 이 문자는 현재 원본 문자 집합에서 잘못된 문자입니다(코드 페이지 65001).
C:\Users\보경\source\repos\bestfit\sub.cpp(1,1): warning C4828: 파일에 0x725 오프셋에서 시작하는 문자가 포함되어 있습니다. 이 문자는 현재 원본 문자 집합에서 잘못된 문자입니다(코드 페이지 65001).
C:\Users\보경\source\repos\bestfit\merge_sort.cpp(1,1): warning C4828: 파일에 0x7ea 오프셋에서 시작하는 문자가 포함되어 있습니다. 이 문자는 현재 원본 문자 집합에서 잘못된 문자입니다(코드 페이지 65001).
C:\Users\보경\source\repos\bestfit\utility.cpp(1,1): warning C4828: 파일에 0x3ef 오프셋에서 시작하는 문자가 포함되어 있습니다. 이 문자는 현재 원본 문자 집합에서 잘못된 문자입니다(코드 페이지 65001).
C:\Users\보경\source\repos\bestfit\sub.cpp(1,1): warning C4828: 파일에 0x729 오프셋에서 시작하는 문자가 포함되어 있습니다. 이 문자는 현재 원본 문자 집합에서 잘못된 문자입니다(코드 페이지 65001).
C:\Users\보경\source\repos\bestfit\bst.cpp(1,1): warning C4828: 파일에 0x534 오프셋에서 시작하는 문자가 포함되어 있습니다. 이 문자는 현재 원본 문자 집합에서 잘못된 문자입니다(코드 페이지 65001).
C:\Users\보경\source\repos\bestfit\utility.cpp(1,1): warning C4828: 파일에 0x3f1 오프셋에서 시작하는 문자가 포함되어 있습니다. 이 문자는 현재 원본 문자 집합에서 잘못된 문자입니다(코드 페이지 65001).
C:\Users\보경\source\repos\bestfit\merge_sort.cpp(1,1): warning C4828: 파일에 0x7ec 오프셋에서 시작하는 문자가 포함되어 있습니다. 이 문자는 현재 원본 문자 집합에서 잘못된 문자입니다(코드 페이지 65001).
C:\Users\보경\source\repos\bestfit\sub.cpp(1,1): warning C4828: 파일에 0x730 오프셋에서 시작하는 문자가 포함되어 있습니다. 이 문자는 현재 원본 문자 집합에서 잘못된 문자입니다(코드 페이지 65001).
C:\Users\보경\source\repos\bestfit\bst.cpp(1,1): warning C4828: 파일에 0x538 오프셋에서 시작하는 문자가 포함되어 있습니다. 이 문자는 현재 원본 문자 집합에서 잘못된 문자입니다(코드 페이지 65001).
C:\Users\보경\source\repos\bestfit\utility.cpp(1,1): warning C4828: 파일에 0x3f4 오프셋에서 시작하는 문자가 포함되어 있습니다. 이 문자는 현재 원본 문자 집합에서 잘못된 문자입니다(코드 페이지 65001).
C:\Users\보경\source\repos\bestfit\merge_sort.cpp(1,1): warning C4828: 파일에 0x7f0 오프셋에서 시작하는 문자가 포함되어 있습니다. 이 문자는 현재 원본 문자 집합에서 잘못된 문자입니다(코드 페이지 65001).
C:\Users\보경\source\repos\bestfit\sub.cpp(1,1): warning C4828: 파일에 0x731 오프셋에서 시작하는 문자가 포함되어 있습니다. 이 문자는 현재 원본 문자 집합에서 잘못된 문자입니다(코드 페이지 65001).
C:\Users\보경\source\repos\bestfit\bst.cpp(1,1): warning C4828: 파일에 0x539 오프셋에서 시작하는 문자가 포함되어 있습니다. 이 문자는 현재 원본 문자 집합에서 잘못된 문자입니다(코드 페이지 65001).
C:\Users\보경\source\repos\bestfit\utility.cpp(1,1): warning C4828: 파일에 0x3f7 오프셋에서 시작하는 문자가 포함되어 있습니다. 이 문자는 현재 원본 문자 집합에서 잘못된 문자입니다(코드 페이지 65001).
C:\Users\보경\source\repos\bestfit\merge_sort.cpp(1,1): warning C4828: 파일에 0x7f2 오프셋에서 시작하는 문자가 포함되어 있습니다. 이 문자는 현재 원본 문자 집합에서 잘못된 문자입니다(코드 페이지 65001).
C:\Users\보경\source\repos\bestfit\sub.cpp(1,1): warning C4828: 파일에 0x735 오프셋에서 시작하는 문자가 포함되어 있습니다. 이 문자는 현재 원본 문자 집합에서 잘못된 문자입니다(코드 페이지 65001).
C:\Users\보경\source\repos\bestfit\bst.cpp(1,1): warning C4828: 파일에 0x53a 오프셋에서 시작하는 문자가 포함되어 있습니다. 이 문자는 현재 원본 문자 집합에서 잘못된 문자입니다(코드 페이지 65001).
C:\Users\보경\source\repos\bestfit\utility.cpp(1,1): warning C4828: 파일에 0x3f8 오프셋에서 시작하는 문자가 포함되어 있습니다. 이 문자는 현재 원본 문자 집합에서 잘못된 문자입니다(코드 페이지 65001).
C:\Users\보경\source\repos\bestfit\merge_sort.cpp(1,1): warning C4828: 파일에 0x7f3 오프셋에서 시작하는 문자가 포함되어 있습니다. 이 문자는 현재 원본 문자 집합에서 잘못된 문자입니다(코드 페이지 65001).
C:\Users\보경\source\repos\bestfit\bst.cpp(1,1): warning C4828: 파일에 0x53b 오프셋에서 시작하는 문자가 포함되어 있습니다. 이 문자는 현재 원본 문자 집합에서 잘못된 문자입니다(코드 페이지 65001).
C:\Users\보경\source\repos\bestfit\utility.cpp(1,1): warning C4828: 파일에 0x3fc 오프셋에서 시작하는 문자가 포함되어 있습니다. 이 문자는 현재 원본 문자 집합에서 잘못된 문자입니다(코드 페이지 65001).
C:\Users\보경\source\repos\bestfit\sub.cpp(1,1): warning C4828: 파일에 0x738 오프셋에서 시작하는 문자가 포함되어 있습니다. 이 문자는 현재 원본 문자 집합에서 잘못된 문자입니다(코드 페이지 65001).
C:\Users\보경\source\repos\bestfit\merge_sort.cpp(1,1): warning C4828: 파일에 0x813 오프셋에서 시작하는 문자가 포함되어 있습니다. 이 문자는 현재 원본 문자 집합에서 잘못된 문자입니다(코드 페이지 65001).
C:\Users\보경\source\repos\bestfit\bst.cpp(1,1): warning C4828: 파일에 0x53c 오프셋에서 시작하는 문자가 포함되어 있습니다. 이 문자는 현재 원본 문자 집합에서 잘못된 문자입니다(코드 페이지 65001).
C:\Users\보경\source\repos\bestfit\utility.cpp(1,1): warning C4828: 파일에 0x3fd 오프셋에서 시작하는 문자가 포함되어 있습니다. 이 문자는 현재 원본 문자 집합에서 잘못된 문자입니다(코드 페이지 65001).
C:\Users\보경\source\repos\bestfit\sub.cpp(1,1): warning C4828: 파일에 0x73b 오프셋에서 시작하는 문자가 포함되어 있습니다. 이 문자는 현재 원본 문자 집합에서 잘못된 문자입니다(코드 페이지 65001).
C:\Users\보경\source\repos\bestfit\merge_sort.cpp(1,1): warning C4828: 파일에 0x814 오프셋에서 시작하는 문자가 포함되어 있습니다. 이 문자는 현재 원본 문자 집합에서 잘못된 문자입니다(코드 페이지 65001).
C:\Users\보경\source\repos\bestfit\bst.cpp(1,1): warning C4828: 파일에 0x53e 오프셋에서 시작하는 문자가 포함되어 있습니다. 이 문자는 현재 원본 문자 집합에서 잘못된 문자입니다(코드 페이지 65001).
C:\Users\보경\source\repos\bestfit\utility.cpp(1,1): warning C4828: 파일에 0x400 오프셋에서 시작하는 문자가 포함되어 있습니다. 이 문자는 현재 원본 문자 집합에서 잘못된 문자입니다(코드 페이지 65001).
C:\Users\보경\source\repos\bestfit\sub.cpp(1,1): warning C4828: 파일에 0x73c 오프셋에서 시작하는 문자가 포함되어 있습니다. 이 문자는 현재 원본 문자 집합에서 잘못된 문자입니다(코드 페이지 65001).
C:\Users\보경\source\repos\bestfit\merge_sort.cpp(1,1): warning C4828: 파일에 0x815 오프셋에서 시작하는 문자가 포함되어 있습니다. 이 문자는 현재 원본 문자 집합에서 잘못된 문자입니다(코드 페이지 65001).
C:\Users\보경\source\repos\bestfit\bst.cpp(1,1): warning C4828: 파일에 0x53f 오프셋에서 시작하는 문자가 포함되어 있습니다. 이 문자는 현재 원본 문자 집합에서 잘못된 문자입니다(코드 페이지 65001).
C:\Users\보경\source\repos\bestfit\utility.cpp(1,1): warning C4828: 파일에 0x404 오프셋에서 시작하는 문자가 포함되어 있습니다. 이 문자는 현재 원본 문자 집합에서 잘못된 문자입니다(코드 페이지 65001).
C:\Users\보경\source\repos\bestfit\merge_sort.cpp(1,1): warning C4828: 파일에 0x819 오프셋에서 시작하는 문자가 포함되어 있습니다. 이 문자는 현재 원본 문자 집합에서 잘못된 문자입니다(코드 페이지 65001).
C:\Users\보경\source\repos\bestfit\bst.cpp(1,1): warning C4828: 파일에 0x542 오프셋에서 시작하는 문자가 포함되어 있습니다. 이 문자는 현재 원본 문자 집합에서 잘못된 문자입니다(코드 페이지 65001).
C:\Users\보경\source\repos\bestfit\utility.cpp(1,1): warning C4828: 파일에 0x716 오프셋에서 시작하는 문자가 포함되어 있습니다. 이 문자는 현재 원본 문자 집합에서 잘못된 문자입니다(코드 페이지 65001).
C:\Users\보경\source\repos\bestfit\merge_sort.cpp(1,1): warning C4828: 파일에 0x81a 오프셋에서 시작하는 문자가 포함되어 있습니다. 이 문자는 현재 원본 문자 집합에서 잘못된 문자입니다(코드 페이지 65001).
C:\Users\보경\source\repos\bestfit\bst.cpp(1,1): warning C4828: 파일에 0x543 오프셋에서 시작하는 문자가 포함되어 있습니다. 이 문자는 현재 원본 문자 집합에서 잘못된 문자입니다(코드 페이지 65001).
C:\Users\보경\source\repos\bestfit\utility.cpp(1,1): warning C4828: 파일에 0x717 오프셋에서 시작하는 문자가 포함되어 있습니다. 이 문자는 현재 원본 문자 집합에서 잘못된 문자입니다(코드 페이지 65001).
C:\Users\보경\source\repos\bestfit\merge_sort.cpp(1,1): warning C4828: 파일에 0x81e 오프셋에서 시작하는 문자가 포함되어 있습니다. 이 문자는 현재 원본 문자 집합에서 잘못된 문자입니다(코드 페이지 65001).
C:\Users\보경\source\repos\bestfit\bst.cpp(1,1): warning C4828: 파일에 0x545 오프셋에서 시작하는 문자가 포함되어 있습니다. 이 문자는 현재 원본 문자 집합에서 잘못된 문자입니다(코드 페이지 65001).
C:\Users\보경\source\repos\bestfit\utility.cpp(1,1): warning C4828: 파일에 0x719 오프셋에서 시작하는 문자가 포함되어 있습니다. 이 문자는 현재 원본 문자 집합에서 잘못된 문자입니다(코드 페이지 65001).
C:\Users\보경\source\repos\bestfit\merge_sort.cpp(1,1): warning C4828: 파일에 0x81f 오프셋에서 시작하는 문자가 포함되어 있습니다. 이 문자는 현재 원본 문자 집합에서 잘못된 문자입니다(코드 페이지 65001).
C:\Users\보경\source\repos\bestfit\bst.cpp(1,1): warning C4828: 파일에 0x546 오프셋에서 시작하는 문자가 포함되어 있습니다. 이 문자는 현재 원본 문자 집합에서 잘못된 문자입니다(코드 페이지 65001).
C:\Users\보경\source\repos\bestfit\utility.cpp(1,1): warning C4828: 파일에 0x71b 오프셋에서 시작하는 문자가 포함되어 있습니다. 이 문자는 현재 원본 문자 집합에서 잘못된 문자입니다(코드 페이지 65001).
C:\Users\보경\source\repos\bestfit\merge_sort.cpp(1,1): warning C4828: 파일에 0x822 오프셋에서 시작하는 문자가 포함되어 있습니다. 이 문자는 현재 원본 문자 집합에서 잘못된 문자입니다(코드 페이지 65001).
C:\Users\보경\source\repos\bestfit\bst.cpp(1,1): warning C4828: 파일에 0x549 오프셋에서 시작하는 문자가 포함되어 있습니다. 이 문자는 현재 원본 문자 집합에서 잘못된 문자입니다(코드 페이지 65001).
C:\Users\보경\source\repos\bestfit\merge_sort.cpp(1,1): warning C4828: 파일에 0x824 오프셋에서 시작하는 문자가 포함되어 있습니다. 이 문자는 현재 원본 문자 집합에서 잘못된 문자입니다(코드 페이지 65001).
C:\Users\보경\source\repos\bestfit\utility.cpp(1,1): warning C4828: 파일에 0x71c 오프셋에서 시작하는 문자가 포함되어 있습니다. 이 문자는 현재 원본 문자 집합에서 잘못된 문자입니다(코드 페이지 65001).
C:\Users\보경\source\repos\bestfit\bst.cpp(1,1): warning C4828: 파일에 0x54b 오프셋에서 시작하는 문자가 포함되어 있습니다. 이 문자는 현재 원본 문자 집합에서 잘못된 문자입니다(코드 페이지 65001).
C:\Users\보경\source\repos\bestfit\merge_sort.cpp(1,1): warning C4828: 파일에 0x829 오프셋에서 시작하는 문자가 포함되어 있습니다. 이 문자는 현재 원본 문자 집합에서 잘못된 문자입니다(코드 페이지 65001).
C:\Users\보경\source\repos\bestfit\utility.cpp(1,1): warning C4828: 파일에 0x720 오프셋에서 시작하는 문자가 포함되어 있습니다. 이 문자는 현재 원본 문자 집합에서 잘못된 문자입니다(코드 페이지 65001).
C:\Users\보경\source\repos\bestfit\bst.cpp(1,1): warning C4828: 파일에 0x54c 오프셋에서 시작하는 문자가 포함되어 있습니다. 이 문자는 현재 원본 문자 집합에서 잘못된 문자입니다(코드 페이지 65001).
C:\Users\보경\source\repos\bestfit\merge_sort.cpp(1,1): warning C4828: 파일에 0x82a 오프셋에서 시작하는 문자가 포함되어 있습니다. 이 문자는 현재 원본 문자 집합에서 잘못된 문자입니다(코드 페이지 65001).
C:\Users\보경\source\repos\bestfit\utility.cpp(1,1): warning C4828: 파일에 0x721 오프셋에서 시작하는 문자가 포함되어 있습니다. 이 문자는 현재 원본 문자 집합에서 잘못된 문자입니다(코드 페이지 65001).
C:\Users\보경\source\repos\bestfit\bst.cpp(1,1): warning C4828: 파일에 0x54e 오프셋에서 시작하는 문자가 포함되어 있습니다. 이 문자는 현재 원본 문자 집합에서 잘못된 문자입니다(코드 페이지 65001).
C:\Users\보경\source\repos\bestfit\merge_sort.cpp(1,1): warning C4828: 파일에 0x82e 오프셋에서 시작하는 문자가 포함되어 있습니다. 이 문자는 현재 원본 문자 집합에서 잘못된 문자입니다(코드 페이지 65001).
C:\Users\보경\source\repos\bestfit\utility.cpp(1,1): warning C4828: 파일에 0x722 오프셋에서 시작하는 문자가 포함되어 있습니다. 이 문자는 현재 원본 문자 집합에서 잘못된 문자입니다(코드 페이지 65001).
C:\Users\보경\source\repos\bestfit\bst.cpp(1,1): warning C4828: 파일에 0x550 오프셋에서 시작하는 문자가 포함되어 있습니다. 이 문자는 현재 원본 문자 집합에서 잘못된 문자입니다(코드 페이지 65001).
C:\Users\보경\source\repos\bestfit\merge_sort.cpp(1,1): warning C4828: 파일에 0x82f 오프셋에서 시작하는 문자가 포함되어 있습니다. 이 문자는 현재 원본 문자 집합에서 잘못된 문자입니다(코드 페이지 65001).
C:\Users\보경\source\repos\bestfit\utility.cpp(1,1): warning C4828: 파일에 0x725 오프셋에서 시작하는 문자가 포함되어 있습니다. 이 문자는 현재 원본 문자 집합에서 잘못된 문자입니다(코드 페이지 65001).
C:\Users\보경\source\repos\bestfit\bst.cpp(1,1): warning C4828: 파일에 0x551 오프셋에서 시작하는 문자가 포함되어 있습니다. 이 문자는 현재 원본 문자 집합에서 잘못된 문자입니다(코드 페이지 65001).
C:\Users\보경\source\repos\bestfit\merge_sort.cpp(1,1): warning C4828: 파일에 0x837 오프셋에서 시작하는 문자가 포함되어 있습니다. 이 문자는 현재 원본 문자 집합에서 잘못된 문자입니다(코드 페이지 65001).
C:\Users\보경\source\repos\bestfit\utility.cpp(1,1): warning C4828: 파일에 0x76f 오프셋에서 시작하는 문자가 포함되어 있습니다. 이 문자는 현재 원본 문자 집합에서 잘못된 문자입니다(코드 페이지 65001).
C:\Users\보경\source\repos\bestfit\bst.cpp(1,1): warning C4828: 파일에 0x815 오프셋에서 시작하는 문자가 포함되어 있습니다. 이 문자는 현재 원본 문자 집합에서 잘못된 문자입니다(코드 페이지 65001).
C:\Users\보경\source\repos\bestfit\merge_sort.cpp(1,1): warning C4828: 파일에 0x838 오프셋에서 시작하는 문자가 포함되어 있습니다. 이 문자는 현재 원본 문자 집합에서 잘못된 문자입니다(코드 페이지 65001).
C:\Users\보경\source\repos\bestfit\utility.cpp(1,1): warning C4828: 파일에 0x771 오프셋에서 시작하는 문자가 포함되어 있습니다. 이 문자는 현재 원본 문자 집합에서 잘못된 문자입니다(코드 페이지 65001).
C:\Users\보경\source\repos\bestfit\bst.cpp(1,1): warning C4828: 파일에 0x816 오프셋에서 시작하는 문자가 포함되어 있습니다. 이 문자는 현재 원본 문자 집합에서 잘못된 문자입니다(코드 페이지 65001).
C:\Users\보경\source\repos\bestfit\merge_sort.cpp(1,1): warning C4828: 파일에 0x83a 오프셋에서 시작하는 문자가 포함되어 있습니다. 이 문자는 현재 원본 문자 집합에서 잘못된 문자입니다(코드 페이지 65001).
C:\Users\보경\source\repos\bestfit\utility.cpp(1,1): warning C4828: 파일에 0x772 오프셋에서 시작하는 문자가 포함되어 있습니다. 이 문자는 현재 원본 문자 집합에서 잘못된 문자입니다(코드 페이지 65001).
C:\Users\보경\source\repos\bestfit\bst.cpp(1,1): warning C4828: 파일에 0x818 오프셋에서 시작하는 문자가 포함되어 있습니다. 이 문자는 현재 원본 문자 집합에서 잘못된 문자입니다(코드 페이지 65001).
C:\Users\보경\source\repos\bestfit\merge_sort.cpp(1,1): warning C4828: 파일에 0x83b 오프셋에서 시작하는 문자가 포함되어 있습니다. 이 문자는 현재 원본 문자 집합에서 잘못된 문자입니다(코드 페이지 65001).
C:\Users\보경\source\repos\bestfit\bst.cpp(1,1): warning C4828: 파일에 0x81a 오프셋에서 시작하는 문자가 포함되어 있습니다. 이 문자는 현재 원본 문자 집합에서 잘못된 문자입니다(코드 페이지 65001).
C:\Users\보경\source\repos\bestfit\utility.cpp(1,1): warning C4828: 파일에 0x774 오프셋에서 시작하는 문자가 포함되어 있습니다. 이 문자는 현재 원본 문자 집합에서 잘못된 문자입니다(코드 페이지 65001).
C:\Users\보경\source\repos\bestfit\merge_sort.cpp(1,1): warning C4828: 파일에 0x83c 오프셋에서 시작하는 문자가 포함되어 있습니다. 이 문자는 현재 원본 문자 집합에서 잘못된 문자입니다(코드 페이지 65001).
C:\Users\보경\source\repos\bestfit\utility.cpp(1,1): warning C4828: 파일에 0x775 오프셋에서 시작하는 문자가 포함되어 있습니다. 이 문자는 현재 원본 문자 집합에서 잘못된 문자입니다(코드 페이지 65001).
C:\Users\보경\source\repos\bestfit\bst.cpp(1,1): warning C4828: 파일에 0x81b 오프셋에서 시작하는 문자가 포함되어 있습니다. 이 문자는 현재 원본 문자 집합에서 잘못된 문자입니다(코드 페이지 65001).
C:\Users\보경\source\repos\bestfit\merge_sort.cpp(1,1): warning C4828: 파일에 0x83d 오프셋에서 시작하는 문자가 포함되어 있습니다. 이 문자는 현재 원본 문자 집합에서 잘못된 문자입니다(코드 페이지 65001).
C:\Users\보경\source\repos\bestfit\utility.cpp(1,1): warning C4828: 파일에 0x776 오프셋에서 시작하는 문자가 포함되어 있습니다. 이 문자는 현재 원본 문자 집합에서 잘못된 문자입니다(코드 페이지 65001).
C:\Users\보경\source\repos\bestfit\bst.cpp(1,1): warning C4828: 파일에 0x81e 오프셋에서 시작하는 문자가 포함되어 있습니다. 이 문자는 현재 원본 문자 집합에서 잘못된 문자입니다(코드 페이지 65001).
C:\Users\보경\source\repos\bestfit\utility.cpp(1,1): warning C4828: 파일에 0x77a 오프셋에서 시작하는 문자가 포함되어 있습니다. 이 문자는 현재 원본 문자 집합에서 잘못된 문자입니다(코드 페이지 65001).
C:\Users\보경\source\repos\bestfit\bst.cpp(1,1): warning C4828: 파일에 0x81f 오프셋에서 시작하는 문자가 포함되어 있습니다. 이 문자는 현재 원본 문자 집합에서 잘못된 문자입니다(코드 페이지 65001).
C:\Users\보경\source\repos\bestfit\merge_sort.cpp(1,1): warning C4828: 파일에 0x93d 오프셋에서 시작하는 문자가 포함되어 있습니다. 이 문자는 현재 원본 문자 집합에서 잘못된 문자입니다(코드 페이지 65001).
C:\Users\보경\source\repos\bestfit\utility.cpp(1,1): warning C4828: 파일에 0x77b 오프셋에서 시작하는 문자가 포함되어 있습니다. 이 문자는 현재 원본 문자 집합에서 잘못된 문자입니다(코드 페이지 65001).
C:\Users\보경\source\repos\bestfit\bst.cpp(1,1): warning C4828: 파일에 0x821 오프셋에서 시작하는 문자가 포함되어 있습니다. 이 문자는 현재 원본 문자 집합에서 잘못된 문자입니다(코드 페이지 65001).
C:\Users\보경\source\repos\bestfit\merge_sort.cpp(1,1): warning C4828: 파일에 0x93e 오프셋에서 시작하는 문자가 포함되어 있습니다. 이 문자는 현재 원본 문자 집합에서 잘못된 문자입니다(코드 페이지 65001).
C:\Users\보경\source\repos\bestfit\bst.cpp(1,1): warning C4828: 파일에 0x823 오프셋에서 시작하는 문자가 포함되어 있습니다. 이 문자는 현재 원본 문자 집합에서 잘못된 문자입니다(코드 페이지 65001).
C:\Users\보경\source\repos\bestfit\utility.cpp(1,1): warning C4828: 파일에 0x77e 오프셋에서 시작하는 문자가 포함되어 있습니다. 이 문자는 현재 원본 문자 집합에서 잘못된 문자입니다(코드 페이지 65001).
C:\Users\보경\source\repos\bestfit\merge_sort.cpp(1,1): warning C4828: 파일에 0x942 오프셋에서 시작하는 문자가 포함되어 있습니다. 이 문자는 현재 원본 문자 집합에서 잘못된 문자입니다(코드 페이지 65001).
C:\Users\보경\source\repos\bestfit\bst.cpp(1,1): warning C4828: 파일에 0x828 오프셋에서 시작하는 문자가 포함되어 있습니다. 이 문자는 현재 원본 문자 집합에서 잘못된 문자입니다(코드 페이지 65001).
C:\Users\보경\source\repos\bestfit\utility.cpp(1,1): warning C4828: 파일에 0x77f 오프셋에서 시작하는 문자가 포함되어 있습니다. 이 문자는 현재 원본 문자 집합에서 잘못된 문자입니다(코드 페이지 65001).
C:\Users\보경\source\repos\bestfit\merge_sort.cpp(1,1): warning C4828: 파일에 0x945 오프셋에서 시작하는 문자가 포함되어 있습니다. 이 문자는 현재 원본 문자 집합에서 잘못된 문자입니다(코드 페이지 65001).
C:\Users\보경\source\repos\bestfit\bst.cpp(1,1): warning C4828: 파일에 0x829 오프셋에서 시작하는 문자가 포함되어 있습니다. 이 문자는 현재 원본 문자 집합에서 잘못된 문자입니다(코드 페이지 65001).
C:\Users\보경\source\repos\bestfit\utility.cpp(1,1): warning C4828: 파일에 0x785 오프셋에서 시작하는 문자가 포함되어 있습니다. 이 문자는 현재 원본 문자 집합에서 잘못된 문자입니다(코드 페이지 65001).
C:\Users\보경\source\repos\bestfit\merge_sort.cpp(1,1): warning C4828: 파일에 0x946 오프셋에서 시작하는 문자가 포함되어 있습니다. 이 문자는 현재 원본 문자 집합에서 잘못된 문자입니다(코드 페이지 65001).
C:\Users\보경\source\repos\bestfit\bst.cpp(1,1): warning C4828: 파일에 0x82b 오프셋에서 시작하는 문자가 포함되어 있습니다. 이 문자는 현재 원본 문자 집합에서 잘못된 문자입니다(코드 페이지 65001).
C:\Users\보경\source\repos\bestfit\utility.cpp(1,1): warning C4828: 파일에 0x786 오프셋에서 시작하는 문자가 포함되어 있습니다. 이 문자는 현재 원본 문자 집합에서 잘못된 문자입니다(코드 페이지 65001).
C:\Users\보경\source\repos\bestfit\merge_sort.cpp(1,1): warning C4828: 파일에 0x94a 오프셋에서 시작하는 문자가 포함되어 있습니다. 이 문자는 현재 원본 문자 집합에서 잘못된 문자입니다(코드 페이지 65001).
C:\Users\보경\source\repos\bestfit\bst.cpp(1,1): warning C4828: 파일에 0x82f 오프셋에서 시작하는 문자가 포함되어 있습니다. 이 문자는 현재 원본 문자 집합에서 잘못된 문자입니다(코드 페이지 65001).
C:\Users\보경\source\repos\bestfit\utility.cpp(1,1): warning C4828: 파일에 0x788 오프셋에서 시작하는 문자가 포함되어 있습니다. 이 문자는 현재 원본 문자 집합에서 잘못된 문자입니다(코드 페이지 65001).
C:\Users\보경\source\repos\bestfit\merge_sort.cpp(1,1): warning C4828: 파일에 0x94b 오프셋에서 시작하는 문자가 포함되어 있습니다. 이 문자는 현재 원본 문자 집합에서 잘못된 문자입니다(코드 페이지 65001).
C:\Users\보경\source\repos\bestfit\bst.cpp(1,1): warning C4828: 파일에 0x830 오프셋에서 시작하는 문자가 포함되어 있습니다. 이 문자는 현재 원본 문자 집합에서 잘못된 문자입니다(코드 페이지 65001).
C:\Users\보경\source\repos\bestfit\utility.cpp(1,1): warning C4828: 파일에 0x78b 오프셋에서 시작하는 문자가 포함되어 있습니다. 이 문자는 현재 원본 문자 집합에서 잘못된 문자입니다(코드 페이지 65001).
C:\Users\보경\source\repos\bestfit\merge_sort.cpp(1,1): warning C4828: 파일에 0x94f 오프셋에서 시작하는 문자가 포함되어 있습니다. 이 문자는 현재 원본 문자 집합에서 잘못된 문자입니다(코드 페이지 65001).
C:\Users\보경\source\repos\bestfit\bst.cpp(1,1): warning C4828: 파일에 0x834 오프셋에서 시작하는 문자가 포함되어 있습니다. 이 문자는 현재 원본 문자 집합에서 잘못된 문자입니다(코드 페이지 65001).
C:\Users\보경\source\repos\bestfit\utility.cpp(1,1): warning C4828: 파일에 0x78e 오프셋에서 시작하는 문자가 포함되어 있습니다. 이 문자는 현재 원본 문자 집합에서 잘못된 문자입니다(코드 페이지 65001).
C:\Users\보경\source\repos\bestfit\merge_sort.cpp(1,1): warning C4828: 파일에 0x950 오프셋에서 시작하는 문자가 포함되어 있습니다. 이 문자는 현재 원본 문자 집합에서 잘못된 문자입니다(코드 페이지 65001).
C:\Users\보경\source\repos\bestfit\bst.cpp(1,1): warning C4828: 파일에 0x835 오프셋에서 시작하는 문자가 포함되어 있습니다. 이 문자는 현재 원본 문자 집합에서 잘못된 문자입니다(코드 페이지 65001).
C:\Users\보경\source\repos\bestfit\utility.cpp(1,1): warning C4828: 파일에 0x78f 오프셋에서 시작하는 문자가 포함되어 있습니다. 이 문자는 현재 원본 문자 집합에서 잘못된 문자입니다(코드 페이지 65001).
C:\Users\보경\source\repos\bestfit\merge_sort.cpp(1,1): warning C4828: 파일에 0x951 오프셋에서 시작하는 문자가 포함되어 있습니다. 이 문자는 현재 원본 문자 집합에서 잘못된 문자입니다(코드 페이지 65001).
C:\Users\보경\source\repos\bestfit\bst.cpp(1,1): warning C4828: 파일에 0x836 오프셋에서 시작하는 문자가 포함되어 있습니다. 이 문자는 현재 원본 문자 집합에서 잘못된 문자입니다(코드 페이지 65001).
C:\Users\보경\source\repos\bestfit\utility.cpp(1,1): warning C4828: 파일에 0x791 오프셋에서 시작하는 문자가 포함되어 있습니다. 이 문자는 현재 원본 문자 집합에서 잘못된 문자입니다(코드 페이지 65001).
C:\Users\보경\source\repos\bestfit\merge_sort.cpp(1,1): warning C4828: 파일에 0x952 오프셋에서 시작하는 문자가 포함되어 있습니다. 이 문자는 현재 원본 문자 집합에서 잘못된 문자입니다(코드 페이지 65001).
C:\Users\보경\source\repos\bestfit\bst.cpp(1,1): warning C4828: 파일에 0x837 오프셋에서 시작하는 문자가 포함되어 있습니다. 이 문자는 현재 원본 문자 집합에서 잘못된 문자입니다(코드 페이지 65001).
C:\Users\보경\source\repos\bestfit\utility.cpp(1,1): warning C4828: 파일에 0x792 오프셋에서 시작하는 문자가 포함되어 있습니다. 이 문자는 현재 원본 문자 집합에서 잘못된 문자입니다(코드 페이지 65001).
C:\Users\보경\source\repos\bestfit\utility.cpp(1,1): warning C4828: 파일에 0x798 오프셋에서 시작하는 문자가 포함되어 있습니다. 이 문자는 현재 원본 문자 집합에서 잘못된 문자입니다(코드 페이지 65001).
C:\Users\보경\source\repos\bestfit\merge_sort.cpp(1,1): warning C4828: 파일에 0x954 오프셋에서 시작하는 문자가 포함되어 있습니다. 이 문자는 현재 원본 문자 집합에서 잘못된 문자입니다(코드 페이지 65001).
C:\Users\보경\source\repos\bestfit\bst.cpp(1,1): warning C4828: 파일에 0x839 오프셋에서 시작하는 문자가 포함되어 있습니다. 이 문자는 현재 원본 문자 집합에서 잘못된 문자입니다(코드 페이지 65001).
C:\Users\보경\source\repos\bestfit\utility.cpp(1,1): warning C4828: 파일에 0x79d 오프셋에서 시작하는 문자가 포함되어 있습니다. 이 문자는 현재 원본 문자 집합에서 잘못된 문자입니다(코드 페이지 65001).
C:\Users\보경\source\repos\bestfit\bst.cpp(1,1): warning C4828: 파일에 0x83c 오프셋에서 시작하는 문자가 포함되어 있습니다. 이 문자는 현재 원본 문자 집합에서 잘못된 문자입니다(코드 페이지 65001).
C:\Users\보경\source\repos\bestfit\merge_sort.cpp(1,1): warning C4828: 파일에 0x955 오프셋에서 시작하는 문자가 포함되어 있습니다. 이 문자는 현재 원본 문자 집합에서 잘못된 문자입니다(코드 페이지 65001).
C:\Users\보경\source\repos\bestfit\utility.cpp(1,1): warning C4828: 파일에 0x7a0 오프셋에서 시작하는 문자가 포함되어 있습니다. 이 문자는 현재 원본 문자 집합에서 잘못된 문자입니다(코드 페이지 65001).
C:\Users\보경\source\repos\bestfit\bst.cpp(1,1): warning C4828: 파일에 0x83e 오프셋에서 시작하는 문자가 포함되어 있습니다. 이 문자는 현재 원본 문자 집합에서 잘못된 문자입니다(코드 페이지 65001).
C:\Users\보경\source\repos\bestfit\merge_sort.cpp(1,1): warning C4828: 파일에 0x957 오프셋에서 시작하는 문자가 포함되어 있습니다. 이 문자는 현재 원본 문자 집합에서 잘못된 문자입니다(코드 페이지 65001).
C:\Users\보경\source\repos\bestfit\utility.cpp(1,1): warning C4828: 파일에 0x7a1 오프셋에서 시작하는 문자가 포함되어 있습니다. 이 문자는 현재 원본 문자 집합에서 잘못된 문자입니다(코드 페이지 65001).
C:\Users\보경\source\repos\bestfit\bst.cpp(1,1): warning C4828: 파일에 0x83f 오프셋에서 시작하는 문자가 포함되어 있습니다. 이 문자는 현재 원본 문자 집합에서 잘못된 문자입니다(코드 페이지 65001).
C:\Users\보경\source\repos\bestfit\merge_sort.cpp(1,1): warning C4828: 파일에 0x958 오프셋에서 시작하는 문자가 포함되어 있습니다. 이 문자는 현재 원본 문자 집합에서 잘못된 문자입니다(코드 페이지 65001).
C:\Users\보경\source\repos\bestfit\utility.cpp(1,1): warning C4828: 파일에 0x7a2 오프셋에서 시작하는 문자가 포함되어 있습니다. 이 문자는 현재 원본 문자 집합에서 잘못된 문자입니다(코드 페이지 65001).
C:\Users\보경\source\repos\bestfit\bst.cpp(1,1): warning C4828: 파일에 0x840 오프셋에서 시작하는 문자가 포함되어 있습니다. 이 문자는 현재 원본 문자 집합에서 잘못된 문자입니다(코드 페이지 65001).
C:\Users\보경\source\repos\bestfit\merge_sort.cpp(1,1): warning C4828: 파일에 0x95a 오프셋에서 시작하는 문자가 포함되어 있습니다. 이 문자는 현재 원본 문자 집합에서 잘못된 문자입니다(코드 페이지 65001).
C:\Users\보경\source\repos\bestfit\utility.cpp(1,1): warning C4828: 파일에 0x7a4 오프셋에서 시작하는 문자가 포함되어 있습니다. 이 문자는 현재 원본 문자 집합에서 잘못된 문자입니다(코드 페이지 65001).
C:\Users\보경\source\repos\bestfit\bst.cpp(1,1): warning C4828: 파일에 0x841 오프셋에서 시작하는 문자가 포함되어 있습니다. 이 문자는 현재 원본 문자 집합에서 잘못된 문자입니다(코드 페이지 65001).
C:\Users\보경\source\repos\bestfit\utility.cpp(1,1): warning C4828: 파일에 0x7a6 오프셋에서 시작하는 문자가 포함되어 있습니다. 이 문자는 현재 원본 문자 집합에서 잘못된 문자입니다(코드 페이지 65001).
C:\Users\보경\source\repos\bestfit\merge_sort.cpp(1,1): warning C4828: 파일에 0x95e 오프셋에서 시작하는 문자가 포함되어 있습니다. 이 문자는 현재 원본 문자 집합에서 잘못된 문자입니다(코드 페이지 65001).
C:\Users\보경\source\repos\bestfit\utility.cpp(1,1): warning C4828: 파일에 0x7a7 오프셋에서 시작하는 문자가 포함되어 있습니다. 이 문자는 현재 원본 문자 집합에서 잘못된 문자입니다(코드 페이지 65001).
C:\Users\보경\source\repos\bestfit\bst.cpp(1,1): warning C4828: 파일에 0x842 오프셋에서 시작하는 문자가 포함되어 있습니다. 이 문자는 현재 원본 문자 집합에서 잘못된 문자입니다(코드 페이지 65001).
C:\Users\보경\source\repos\bestfit\merge_sort.cpp(1,1): warning C4828: 파일에 0x95f 오프셋에서 시작하는 문자가 포함되어 있습니다. 이 문자는 현재 원본 문자 집합에서 잘못된 문자입니다(코드 페이지 65001).
C:\Users\보경\source\repos\bestfit\utility.cpp(1,1): warning C4828: 파일에 0x7b1 오프셋에서 시작하는 문자가 포함되어 있습니다. 이 문자는 현재 원본 문자 집합에서 잘못된 문자입니다(코드 페이지 65001).
C:\Users\보경\source\repos\bestfit\bst.cpp(1,1): warning C4828: 파일에 0x843 오프셋에서 시작하는 문자가 포함되어 있습니다. 이 문자는 현재 원본 문자 집합에서 잘못된 문자입니다(코드 페이지 65001).
C:\Users\보경\source\repos\bestfit\merge_sort.cpp(1,1): warning C4828: 파일에 0x963 오프셋에서 시작하는 문자가 포함되어 있습니다. 이 문자는 현재 원본 문자 집합에서 잘못된 문자입니다(코드 페이지 65001).
C:\Users\보경\source\repos\bestfit\utility.cpp(1,1): warning C4828: 파일에 0x7b2 오프셋에서 시작하는 문자가 포함되어 있습니다. 이 문자는 현재 원본 문자 집합에서 잘못된 문자입니다(코드 페이지 65001).
C:\Users\보경\source\repos\bestfit\bst.cpp(1,1): warning C4828: 파일에 0x845 오프셋에서 시작하는 문자가 포함되어 있습니다. 이 문자는 현재 원본 문자 집합에서 잘못된 문자입니다(코드 페이지 65001).
C:\Users\보경\source\repos\bestfit\merge_sort.cpp(1,1): warning C4828: 파일에 0x964 오프셋에서 시작하는 문자가 포함되어 있습니다. 이 문자는 현재 원본 문자 집합에서 잘못된 문자입니다(코드 페이지 65001).
C:\Users\보경\source\repos\bestfit\utility.cpp(1,1): warning C4828: 파일에 0x7b3 오프셋에서 시작하는 문자가 포함되어 있습니다. 이 문자는 현재 원본 문자 집합에서 잘못된 문자입니다(코드 페이지 65001).
C:\Users\보경\source\repos\bestfit\merge_sort.cpp(1,1): warning C4828: 파일에 0x966 오프셋에서 시작하는 문자가 포함되어 있습니다. 이 문자는 현재 원본 문자 집합에서 잘못된 문자입니다(코드 페이지 65001).
C:\Users\보경\source\repos\bestfit\bst.cpp(1,1): warning C4828: 파일에 0x846 오프셋에서 시작하는 문자가 포함되어 있습니다. 이 문자는 현재 원본 문자 집합에서 잘못된 문자입니다(코드 페이지 65001).
C:\Users\보경\source\repos\bestfit\merge_sort.cpp(1,1): warning C4828: 파일에 0x969 오프셋에서 시작하는 문자가 포함되어 있습니다. 이 문자는 현재 원본 문자 집합에서 잘못된 문자입니다(코드 페이지 65001).
C:\Users\보경\source\repos\bestfit\bst.cpp(1,1): warning C4828: 파일에 0x84a 오프셋에서 시작하는 문자가 포함되어 있습니다. 이 문자는 현재 원본 문자 집합에서 잘못된 문자입니다(코드 페이지 65001).
C:\Users\보경\source\repos\bestfit\merge_sort.cpp(1,1): warning C4828: 파일에 0x96b 오프셋에서 시작하는 문자가 포함되어 있습니다. 이 문자는 현재 원본 문자 집합에서 잘못된 문자입니다(코드 페이지 65001).
C:\Users\보경\source\repos\bestfit\bst.cpp(1,1): warning C4828: 파일에 0x84c 오프셋에서 시작하는 문자가 포함되어 있습니다. 이 문자는 현재 원본 문자 집합에서 잘못된 문자입니다(코드 페이지 65001).
C:\Users\보경\source\repos\bestfit\utility.cpp(1,1): warning C4828: 파일에 0x7b4 오프셋에서 시작하는 문자가 포함되어 있습니다. 이 문자는 현재 원본 문자 집합에서 잘못된 문자입니다(코드 페이지 65001).
C:\Users\보경\source\repos\bestfit\merge_sort.cpp(1,1): warning C4828: 파일에 0x96c 오프셋에서 시작하는 문자가 포함되어 있습니다. 이 문자는 현재 원본 문자 집합에서 잘못된 문자입니다(코드 페이지 65001).
C:\Users\보경\source\repos\bestfit\bst.cpp(1,1): warning C4828: 파일에 0x84e 오프셋에서 시작하는 문자가 포함되어 있습니다. 이 문자는 현재 원본 문자 집합에서 잘못된 문자입니다(코드 페이지 65001).
C:\Users\보경\source\repos\bestfit\utility.cpp(1,1): warning C4828: 파일에 0x7b8 오프셋에서 시작하는 문자가 포함되어 있습니다. 이 문자는 현재 원본 문자 집합에서 잘못된 문자입니다(코드 페이지 65001).
C:\Users\보경\source\repos\bestfit\merge_sort.cpp(1,1): warning C4828: 파일에 0x96d 오프셋에서 시작하는 문자가 포함되어 있습니다. 이 문자는 현재 원본 문자 집합에서 잘못된 문자입니다(코드 페이지 65001).
C:\Users\보경\source\repos\bestfit\bst.cpp(1,1): warning C4828: 파일에 0x84f 오프셋에서 시작하는 문자가 포함되어 있습니다. 이 문자는 현재 원본 문자 집합에서 잘못된 문자입니다(코드 페이지 65001).
C:\Users\보경\source\repos\bestfit\utility.cpp(1,1): warning C4828: 파일에 0x7b9 오프셋에서 시작하는 문자가 포함되어 있습니다. 이 문자는 현재 원본 문자 집합에서 잘못된 문자입니다(코드 페이지 65001).
C:\Users\보경\source\repos\bestfit\merge_sort.cpp(1,1): warning C4828: 파일에 0x971 오프셋에서 시작하는 문자가 포함되어 있습니다. 이 문자는 현재 원본 문자 집합에서 잘못된 문자입니다(코드 페이지 65001).
C:\Users\보경\source\repos\bestfit\utility.cpp(1,1): warning C4828: 파일에 0x7e2 오프셋에서 시작하는 문자가 포함되어 있습니다. 이 문자는 현재 원본 문자 집합에서 잘못된 문자입니다(코드 페이지 65001).
C:\Users\보경\source\repos\bestfit\merge_sort.cpp(1,1): warning C4828: 파일에 0x972 오프셋에서 시작하는 문자가 포함되어 있습니다. 이 문자는 현재 원본 문자 집합에서 잘못된 문자입니다(코드 페이지 65001).
C:\Users\보경\source\repos\bestfit\utility.cpp(1,1): warning C4828: 파일에 0x7e5 오프셋에서 시작하는 문자가 포함되어 있습니다. 이 문자는 현재 원본 문자 집합에서 잘못된 문자입니다(코드 페이지 65001).
C:\Users\보경\source\repos\bestfit\utility.cpp(1,1): warning C4828: 파일에 0x7e7 오프셋에서 시작하는 문자가 포함되어 있습니다. 이 문자는 현재 원본 문자 집합에서 잘못된 문자입니다(코드 페이지 65001).
C:\Users\보경\source\repos\bestfit\utility.cpp(1,1): warning C4828: 파일에 0x7e8 오프셋에서 시작하는 문자가 포함되어 있습니다. 이 문자는 현재 원본 문자 집합에서 잘못된 문자입니다(코드 페이지 65001).
C:\Users\보경\source\repos\bestfit\utility.cpp(1,1): warning C4828: 파일에 0x7ec 오프셋에서 시작하는 문자가 포함되어 있습니다. 이 문자는 현재 원본 문자 집합에서 잘못된 문자입니다(코드 페이지 65001).
C:\Users\보경\source\repos\bestfit\utility.cpp(1,1): warning C4828: 파일에 0x7ed 오프셋에서 시작하는 문자가 포함되어 있습니다. 이 문자는 현재 원본 문자 집합에서 잘못된 문자입니다(코드 페이지 65001).
C:\Users\보경\source\repos\bestfit\utility.cpp(1,1): warning C4828: 파일에 0x7ee 오프셋에서 시작하는 문자가 포함되어 있습니다. 이 문자는 현재 원본 문자 집합에서 잘못된 문자입니다(코드 페이지 65001).
C:\Users\보경\source\repos\bestfit\utility.cpp(1,1): warning C4828: 파일에 0x7f1 오프셋에서 시작하는 문자가 포함되어 있습니다. 이 문자는 현재 원본 문자 집합에서 잘못된 문자입니다(코드 페이지 65001).
C:\Users\보경\source\repos\bestfit\utility.cpp(1,1): warning C4828: 파일에 0x837 오프셋에서 시작하는 문자가 포함되어 있습니다. 이 문자는 현재 원본 문자 집합에서 잘못된 문자입니다(코드 페이지 65001).
C:\Users\보경\source\repos\bestfit\utility.cpp(1,1): warning C4828: 파일에 0x838 오프셋에서 시작하는 문자가 포함되어 있습니다. 이 문자는 현재 원본 문자 집합에서 잘못된 문자입니다(코드 페이지 65001).
C:\Users\보경\source\repos\bestfit\utility.cpp(1,1): warning C4828: 파일에 0x83a 오프셋에서 시작하는 문자가 포함되어 있습니다. 이 문자는 현재 원본 문자 집합에서 잘못된 문자입니다(코드 페이지 65001).
C:\Users\보경\source\repos\bestfit\utility.cpp(1,1): warning C4828: 파일에 0x83b 오프셋에서 시작하는 문자가 포함되어 있습니다. 이 문자는 현재 원본 문자 집합에서 잘못된 문자입니다(코드 페이지 65001).
C:\Users\보경\source\repos\bestfit\utility.cpp(1,1): warning C4828: 파일에 0x83c 오프셋에서 시작하는 문자가 포함되어 있습니다. 이 문자는 현재 원본 문자 집합에서 잘못된 문자입니다(코드 페이지 65001).
C:\Users\보경\source\repos\bestfit\utility.cpp(1,1): warning C4828: 파일에 0x83d 오프셋에서 시작하는 문자가 포함되어 있습니다. 이 문자는 현재 원본 문자 집합에서 잘못된 문자입니다(코드 페이지 65001).
C:\Users\보경\source\repos\bestfit\utility.cpp(1,1): warning C4828: 파일에 0x83f 오프셋에서 시작하는 문자가 포함되어 있습니다. 이 문자는 현재 원본 문자 집합에서 잘못된 문자입니다(코드 페이지 65001).
C:\Users\보경\source\repos\bestfit\utility.cpp(1,1): warning C4828: 파일에 0x840 오프셋에서 시작하는 문자가 포함되어 있습니다. 이 문자는 현재 원본 문자 집합에서 잘못된 문자입니다(코드 페이지 65001).
C:\Users\보경\source\repos\bestfit\utility.cpp(1,1): warning C4828: 파일에 0x846 오프셋에서 시작하는 문자가 포함되어 있습니다. 이 문자는 현재 원본 문자 집합에서 잘못된 문자입니다(코드 페이지 65001).
C:\Users\보경\source\repos\bestfit\utility.cpp(1,1): warning C4828: 파일에 0x847 오프셋에서 시작하는 문자가 포함되어 있습니다. 이 문자는 현재 원본 문자 집합에서 잘못된 문자입니다(코드 페이지 65001).
C:\Users\보경\source\repos\bestfit\utility.cpp(1,1): warning C4828: 파일에 0x998 오프셋에서 시작하는 문자가 포함되어 있습니다. 이 문자는 현재 원본 문자 집합에서 잘못된 문자입니다(코드 페이지 65001).
C:\Users\보경\source\repos\bestfit\utility.cpp(1,1): warning C4828: 파일에 0x999 오프셋에서 시작하는 문자가 포함되어 있습니다. 이 문자는 현재 원본 문자 집합에서 잘못된 문자입니다(코드 페이지 65001).
C:\Users\보경\source\repos\bestfit\utility.cpp(1,1): warning C4828: 파일에 0x99a 오프셋에서 시작하는 문자가 포함되어 있습니다. 이 문자는 현재 원본 문자 집합에서 잘못된 문자입니다(코드 페이지 65001).
C:\Users\보경\source\repos\bestfit\utility.cpp(1,1): warning C4828: 파일에 0x99e 오프셋에서 시작하는 문자가 포함되어 있습니다. 이 문자는 현재 원본 문자 집합에서 잘못된 문자입니다(코드 페이지 65001).
C:\Users\보경\source\repos\bestfit\utility.cpp(1,1): warning C4828: 파일에 0x99f 오프셋에서 시작하는 문자가 포함되어 있습니다. 이 문자는 현재 원본 문자 집합에서 잘못된 문자입니다(코드 페이지 65001).
C:\Users\보경\source\repos\bestfit\utility.cpp(1,1): warning C4828: 파일에 0x9a2 오프셋에서 시작하는 문자가 포함되어 있습니다. 이 문자는 현재 원본 문자 집합에서 잘못된 문자입니다(코드 페이지 65001).
C:\Users\보경\source\repos\bestfit\utility.cpp(1,1): warning C4828: 파일에 0x9a3 오프셋에서 시작하는 문자가 포함되어 있습니다. 이 문자는 현재 원본 문자 집합에서 잘못된 문자입니다(코드 페이지 65001).
C:\Users\보경\source\repos\bestfit\utility.cpp(1,1): warning C4828: 파일에 0x9a5 오프셋에서 시작하는 문자가 포함되어 있습니다. 이 문자는 현재 원본 문자 집합에서 잘못된 문자입니다(코드 페이지 65001).
C:\Users\보경\source\repos\bestfit\utility.cpp(1,1): warning C4828: 파일에 0x9a6 오프셋에서 시작하는 문자가 포함되어 있습니다. 이 문자는 현재 원본 문자 집합에서 잘못된 문자입니다(코드 페이지 65001).
C:\Users\보경\source\repos\bestfit\utility.cpp(1,1): warning C4828: 파일에 0x9a9 오프셋에서 시작하는 문자가 포함되어 있습니다. 이 문자는 현재 원본 문자 집합에서 잘못된 문자입니다(코드 페이지 65001).
C:\Users\보경\source\repos\bestfit\utility.cpp(1,1): warning C4828: 파일에 0x9ab 오프셋에서 시작하는 문자가 포함되어 있습니다. 이 문자는 현재 원본 문자 집합에서 잘못된 문자입니다(코드 페이지 65001).
C:\Users\보경\source\repos\bestfit\utility.cpp(1,1): warning C4828: 파일에 0x9b0 오프셋에서 시작하는 문자가 포함되어 있습니다. 이 문자는 현재 원본 문자 집합에서 잘못된 문자입니다(코드 페이지 65001).
C:\Users\보경\source\repos\bestfit\utility.cpp(1,1): warning C4828: 파일에 0x9b1 오프셋에서 시작하는 문자가 포함되어 있습니다. 이 문자는 현재 원본 문자 집합에서 잘못된 문자입니다(코드 페이지 65001).
C:\Users\보경\source\repos\bestfit\utility.cpp(1,1): warning C4828: 파일에 0x9b3 오프셋에서 시작하는 문자가 포함되어 있습니다. 이 문자는 현재 원본 문자 집합에서 잘못된 문자입니다(코드 페이지 65001).
C:\Users\보경\source\repos\bestfit\utility.cpp(1,1): warning C4828: 파일에 0x9b4 오프셋에서 시작하는 문자가 포함되어 있습니다. 이 문자는 현재 원본 문자 집합에서 잘못된 문자입니다(코드 페이지 65001).
C:\Users\보경\source\repos\bestfit\utility.cpp(1,1): warning C4828: 파일에 0x9b7 오프셋에서 시작하는 문자가 포함되어 있습니다. 이 문자는 현재 원본 문자 집합에서 잘못된 문자입니다(코드 페이지 65001).
C:\Users\보경\source\repos\bestfit\utility.cpp(1,1): warning C4828: 파일에 0x9b8 오프셋에서 시작하는 문자가 포함되어 있습니다. 이 문자는 현재 원본 문자 집합에서 잘못된 문자입니다(코드 페이지 65001).
C:\Users\보경\source\repos\bestfit\utility.cpp(1,1): warning C4828: 파일에 0x9ba 오프셋에서 시작하는 문자가 포함되어 있습니다. 이 문자는 현재 원본 문자 집합에서 잘못된 문자입니다(코드 페이지 65001).
C:\Users\보경\source\repos\bestfit\utility.cpp(1,1): warning C4828: 파일에 0x9bb 오프셋에서 시작하는 문자가 포함되어 있습니다. 이 문자는 현재 원본 문자 집합에서 잘못된 문자입니다(코드 페이지 65001).
C:\Users\보경\source\repos\bestfit\utility.cpp(1,1): warning C4828: 파일에 0x9be 오프셋에서 시작하는 문자가 포함되어 있습니다. 이 문자는 현재 원본 문자 집합에서 잘못된 문자입니다(코드 페이지 65001).
C:\Users\보경\source\repos\bestfit\utility.cpp(1,1): warning C4828: 파일에 0x9bf 오프셋에서 시작하는 문자가 포함되어 있습니다. 이 문자는 현재 원본 문자 집합에서 잘못된 문자입니다(코드 페이지 65001).
C:\Users\보경\source\repos\bestfit\utility.cpp(1,1): warning C4828: 파일에 0x9c3 오프셋에서 시작하는 문자가 포함되어 있습니다. 이 문자는 현재 원본 문자 집합에서 잘못된 문자입니다(코드 페이지 65001).
C:\Users\보경\source\repos\bestfit\utility.cpp(1,1): warning C4828: 파일에 0x9c4 오프셋에서 시작하는 문자가 포함되어 있습니다. 이 문자는 현재 원본 문자 집합에서 잘못된 문자입니다(코드 페이지 65001).
  qrc_bestfit.cpp
  moc_bestfit.cpp
  moc_mainwindow.cpp
  코드를 생성하고 있습니다.
  Previous IPDB not found, fall back to full compilation.
  All 235 functions were compiled because no usable IPDB/IOBJ from previous compilation was found.
  코드를 생성했습니다.
  bestfit.vcxproj -> C:\Users\보경\source\repos\bestfit\x64\Release\bestfit.exe
